#
# There is insufficient memory for the Java Runtime Environment to continue.
# Native memory allocation (malloc) failed to allocate 1083824 bytes for Chunk::new
# Possible reasons:
#   The system is out of physical RAM or swap space
#   The process is running with CompressedOops enabled, and the Java Heap may be blocking the growth of the native heap
# Possible solutions:
#   Reduce memory load on the system
#   Increase physical memory or swap space
#   Check if swap backing store is full
#   Decrease Java heap size (-Xmx/-Xms)
#   Decrease number of Java threads
#   Decrease Java thread stack sizes (-Xss)
#   Set larger code cache with -XX:ReservedCodeCacheSize=
#     placed in the first 4GB address space. The Java Heap base address is the
#     maximum limit for the native heap growth. Please use -XX:HeapBaseMinAddress
#     to set the Java Heap base and to place the Java Heap above 4GB virtual address.
# This output file may be truncated or incomplete.
#
#  Out of Memory Error (arena.cpp:189), pid=28120, tid=37560
#
# JRE version: Java(TM) SE Runtime Environment (17.0.8+9) (build 17.0.8+9-LTS-211)
# Java VM: Java HotSpot(TM) 64-Bit Server VM (17.0.8+9-LTS-211, mixed mode, sharing, tiered, compressed oops, compressed class ptrs, g1 gc, windows-amd64)
# No core dump will be written. Minidumps are not enabled by default on client versions of Windows
#

---------------  S U M M A R Y ------------

Command Line: -XX:+ShowCodeDetailsInExceptionMessages -Dspring.jmx.enabled=true -Dmanagement.endpoints.jmx.exposure.include=* -Dspring.application.admin.enabled=true -Dspring.boot.project.name=rasahotel -Djava.rmi.server.hostname=localhost -Dcom.sun.management.jmxremote.port=45558 -Dcom.sun.management.jmxremote.authenticate=false -Dcom.sun.management.jmxremote.ssl=false com.javaproject.anisa.RasaHotelApplication

Host: AMD Ryzen 3 3250U with Radeon Graphics         , 4 cores, 5G,  Windows 11 , 64 bit Build 22621 (10.0.22621.3958)
Time: Sun Oct 27 22:04:11 2024 SE Asia Standard Time elapsed time: 208.320602 seconds (0d 0h 3m 28s)

---------------  T H R E A D  ---------------

Current thread (0x00000229fca09970):  JavaThread "C2 CompilerThread0" daemon [_thread_in_native, id=37560, stack(0x000000c0e4500000,0x000000c0e4600000)]


Current CompileTask:
C2: 208320 6409   !   4       org.springframework.util.ClassUtils::getMostSpecificMethod (83 bytes)

Stack: [0x000000c0e4500000,0x000000c0e4600000]
Native frames: (J=compiled Java code, j=interpreted, Vv=VM code, C=native code)
V  [jvm.dll+0x677d0a]
V  [jvm.dll+0x7d8c54]
V  [jvm.dll+0x7da3fe]
V  [jvm.dll+0x7daa63]
V  [jvm.dll+0x245c5f]
V  [jvm.dll+0xaaa6b]
V  [jvm.dll+0xab00c]
V  [jvm.dll+0x361e8e]
V  [jvm.dll+0x32c551]
V  [jvm.dll+0x32b9ea]
V  [jvm.dll+0x217fff]
V  [jvm.dll+0x217431]
V  [jvm.dll+0x1a3af0]
V  [jvm.dll+0x2270be]
V  [jvm.dll+0x22535b]
V  [jvm.dll+0x78e7bc]
V  [jvm.dll+0x788bba]
V  [jvm.dll+0x676b35]
C  [ucrtbase.dll+0x29333]
C  [KERNEL32.DLL+0x1257d]
C  [ntdll.dll+0x5af08]


---------------  P R O C E S S  ---------------

Threads class SMR info:
_java_thread_list=0x00000229fe5f0fa0, length=25, elements={
0x00000229e04ccae0, 0x00000229fc9eef50, 0x00000229fc9f0560, 0x00000229fca03db0,
0x00000229fca07880, 0x00000229fca08230, 0x00000229fca08be0, 0x00000229fca09970,
0x00000229fca732f0, 0x00000229fca78b10, 0x00000229fc9d8ed0, 0x00000229fccec9e0,
0x00000229fd402d10, 0x00000229fd4042b0, 0x00000229fd524770, 0x00000229fd5b9570,
0x00000229fd5bf130, 0x00000229fdd921c0, 0x00000229fdd92690, 0x00000229fdd939d0,
0x00000229fdd93500, 0x00000229fdd904e0, 0x00000229fdd91cf0, 0x00000229fdd92b60,
0x00000229fd4baef0
}

Java Threads: ( => current thread )
  0x00000229e04ccae0 JavaThread "main" [_thread_blocked, id=57372, stack(0x000000c0e3800000,0x000000c0e3900000)]
  0x00000229fc9eef50 JavaThread "Reference Handler" daemon [_thread_blocked, id=520, stack(0x000000c0e3f00000,0x000000c0e4000000)]
  0x00000229fc9f0560 JavaThread "Finalizer" daemon [_thread_blocked, id=55160, stack(0x000000c0e4000000,0x000000c0e4100000)]
  0x00000229fca03db0 JavaThread "Signal Dispatcher" daemon [_thread_blocked, id=23296, stack(0x000000c0e4100000,0x000000c0e4200000)]
  0x00000229fca07880 JavaThread "Attach Listener" daemon [_thread_blocked, id=5712, stack(0x000000c0e4200000,0x000000c0e4300000)]
  0x00000229fca08230 JavaThread "Service Thread" daemon [_thread_blocked, id=26172, stack(0x000000c0e4300000,0x000000c0e4400000)]
  0x00000229fca08be0 JavaThread "Monitor Deflation Thread" daemon [_thread_blocked, id=50492, stack(0x000000c0e4400000,0x000000c0e4500000)]
=>0x00000229fca09970 JavaThread "C2 CompilerThread0" daemon [_thread_in_native, id=37560, stack(0x000000c0e4500000,0x000000c0e4600000)]
  0x00000229fca732f0 JavaThread "C1 CompilerThread0" daemon [_thread_blocked, id=35500, stack(0x000000c0e4600000,0x000000c0e4700000)]
  0x00000229fca78b10 JavaThread "Sweeper thread" daemon [_thread_blocked, id=31992, stack(0x000000c0e4700000,0x000000c0e4800000)]
  0x00000229fc9d8ed0 JavaThread "Common-Cleaner" daemon [_thread_blocked, id=38256, stack(0x000000c0e4800000,0x000000c0e4900000)]
  0x00000229fccec9e0 JavaThread "Notification Thread" daemon [_thread_blocked, id=34660, stack(0x000000c0e4900000,0x000000c0e4a00000)]
  0x00000229fd402d10 JavaThread "RMI TCP Accept-0" daemon [_thread_in_native, id=37944, stack(0x000000c0e4e00000,0x000000c0e4f00000)]
  0x00000229fd4042b0 JavaThread "RMI TCP Accept-45558" daemon [_thread_in_native, id=39172, stack(0x000000c0e4f00000,0x000000c0e5000000)]
  0x00000229fd524770 JavaThread "RMI TCP Accept-0" daemon [_thread_in_native, id=11312, stack(0x000000c0e5000000,0x000000c0e5100000)]
  0x00000229fd5b9570 JavaThread "RMI TCP Connection(idle)" daemon [_thread_blocked, id=37564, stack(0x000000c0e5300000,0x000000c0e5400000)]
  0x00000229fd5bf130 JavaThread "RMI Scheduler(0)" daemon [_thread_blocked, id=10328, stack(0x000000c0e5400000,0x000000c0e5500000)]
  0x00000229fdd921c0 JavaThread "JMX server connection timeout 21" daemon [_thread_blocked, id=37060, stack(0x000000c0e5500000,0x000000c0e5600000)]
  0x00000229fdd92690 JavaThread "Thread-0" [_thread_blocked, id=3604, stack(0x000000c0e5600000,0x000000c0e5700000)]
  0x00000229fdd939d0 JavaThread "restartedMain" [_thread_in_Java, id=17148, stack(0x000000c0e5700000,0x000000c0e5800000)]
  0x00000229fdd93500 JavaThread "Catalina-utility-1" [_thread_blocked, id=13560, stack(0x000000c0e3600000,0x000000c0e3700000)]
  0x00000229fdd904e0 JavaThread "Catalina-utility-2" [_thread_blocked, id=10024, stack(0x000000c0e3700000,0x000000c0e3800000)]
  0x00000229fdd91cf0 JavaThread "container-0" [_thread_blocked, id=35468, stack(0x000000c0e5200000,0x000000c0e5300000)]
  0x00000229fdd92b60 JavaThread "mysql-cj-abandoned-connection-cleanup" daemon [_thread_blocked, id=30172, stack(0x000000c0e5800000,0x000000c0e5900000)]
  0x00000229fd4baef0 JavaThread "HikariPool-1 housekeeper" daemon [_thread_blocked, id=63584, stack(0x000000c0e5a00000,0x000000c0e5b00000)]

Other Threads:
  0x00000229fc9e6ff0 VMThread "VM Thread" [stack: 0x000000c0e3e00000,0x000000c0e3f00000] [id=19652]
  0x00000229e04cdb60 WatcherThread [stack: 0x000000c0e5100000,0x000000c0e5200000] [id=20052]
  0x00000229e051f300 GCTaskThread "GC Thread#0" [stack: 0x000000c0e3900000,0x000000c0e3a00000] [id=23716]
  0x00000229fd338a70 GCTaskThread "GC Thread#1" [stack: 0x000000c0e4a00000,0x000000c0e4b00000] [id=10088]
  0x00000229fd401770 GCTaskThread "GC Thread#2" [stack: 0x000000c0e4b00000,0x000000c0e4c00000] [id=38036]
  0x00000229fd401a20 GCTaskThread "GC Thread#3" [stack: 0x000000c0e4c00000,0x000000c0e4d00000] [id=30800]
  0x00000229e052be80 ConcurrentGCThread "G1 Main Marker" [stack: 0x000000c0e3a00000,0x000000c0e3b00000] [id=62400]
  0x00000229e052d8a0 ConcurrentGCThread "G1 Conc#0" [stack: 0x000000c0e3b00000,0x000000c0e3c00000] [id=5680]
  0x00000229e05706a0 ConcurrentGCThread "G1 Refine#0" [stack: 0x000000c0e3c00000,0x000000c0e3d00000] [id=7548]
  0x00000229fd335080 ConcurrentGCThread "G1 Refine#1" [stack: 0x000000c0e4d00000,0x000000c0e4e00000] [id=52388]
  0x00000229e05710c0 ConcurrentGCThread "G1 Service" [stack: 0x000000c0e3d00000,0x000000c0e3e00000] [id=12472]

Threads with active compile tasks:
C2 CompilerThread0   208381 6409   !   4       org.springframework.util.ClassUtils::getMostSpecificMethod (83 bytes)

VM state: not at safepoint (normal execution)

VM Mutex/Monitor currently owned by a thread: None

Heap address: 0x00000000a1e00000, size: 1506 MB, Compressed Oops mode: 32-bit

CDS archive(s) mapped at: [0x0000022980000000-0x0000022980bd0000-0x0000022980bd0000), size 12386304, SharedBaseAddress: 0x0000022980000000, ArchiveRelocationMode: 1.
Compressed class space mapped at: 0x0000022981000000-0x00000229c1000000, reserved size: 1073741824
Narrow klass base: 0x0000022980000000, Narrow klass shift: 0, Narrow klass range: 0x100000000

GC Precious Log:
 CPUs: 4 total, 4 available
 Memory: 6023M
 Large Page Support: Disabled
 NUMA Support: Disabled
 Compressed Oops: Enabled (32-bit)
 Heap Region Size: 1M
 Heap Min Capacity: 8M
 Heap Initial Capacity: 96M
 Heap Max Capacity: 1506M
 Pre-touch: Disabled
 Parallel Workers: 4
 Concurrent Workers: 1
 Concurrent Refinement Workers: 4
 Periodic GC: Disabled

Heap:
 garbage-first heap   total 61440K, used 44649K [0x00000000a1e00000, 0x0000000100000000)
  region size 1024K, 14 young (14336K), 2 survivors (2048K)
 Metaspace       used 64105K, committed 64704K, reserved 1114112K
  class space    used 8599K, committed 8896K, reserved 1048576K

Heap Regions: E=young(eden), S=young(survivor), O=old, HS=humongous(starts), HC=humongous(continues), CS=collection set, F=free, OA=open archive, CA=closed archive, TAMS=top-at-mark-start (previous, next)
|   0|0x00000000a1e00000, 0x00000000a1f00000, 0x00000000a1f00000|100%|HS|  |TAMS 0x00000000a1f00000, 0x00000000a1e00000| Complete 
|   1|0x00000000a1f00000, 0x00000000a2000000, 0x00000000a2000000|100%| O|  |TAMS 0x00000000a2000000, 0x00000000a1f00000| Untracked 
|   2|0x00000000a2000000, 0x00000000a2100000, 0x00000000a2100000|100%| O|  |TAMS 0x00000000a2100000, 0x00000000a2000000| Untracked 
|   3|0x00000000a2100000, 0x00000000a2200000, 0x00000000a2200000|100%| O|  |TAMS 0x00000000a2200000, 0x00000000a2100000| Untracked 
|   4|0x00000000a2200000, 0x00000000a2300000, 0x00000000a2300000|100%| O|  |TAMS 0x00000000a2300000, 0x00000000a2200000| Untracked 
|   5|0x00000000a2300000, 0x00000000a2400000, 0x00000000a2400000|100%| O|  |TAMS 0x00000000a2400000, 0x00000000a2300000| Untracked 
|   6|0x00000000a2400000, 0x00000000a2500000, 0x00000000a2500000|100%| O|  |TAMS 0x00000000a2500000, 0x00000000a2400000| Untracked 
|   7|0x00000000a2500000, 0x00000000a2600000, 0x00000000a2600000|100%| O|  |TAMS 0x00000000a2600000, 0x00000000a2500000| Untracked 
|   8|0x00000000a2600000, 0x00000000a2700000, 0x00000000a2700000|100%| O|  |TAMS 0x00000000a2700000, 0x00000000a2600000| Untracked 
|   9|0x00000000a2700000, 0x00000000a2800000, 0x00000000a2800000|100%| O|  |TAMS 0x00000000a2800000, 0x00000000a2700000| Untracked 
|  10|0x00000000a2800000, 0x00000000a2900000, 0x00000000a2900000|100%| O|  |TAMS 0x00000000a2900000, 0x00000000a2800000| Untracked 
|  11|0x00000000a2900000, 0x00000000a2900000, 0x00000000a2a00000|  0%| F|  |TAMS 0x00000000a2900000, 0x00000000a2900000| Untracked 
|  12|0x00000000a2a00000, 0x00000000a2b00000, 0x00000000a2b00000|100%| O|  |TAMS 0x00000000a2b00000, 0x00000000a2a00000| Untracked 
|  13|0x00000000a2b00000, 0x00000000a2c00000, 0x00000000a2c00000|100%| O|  |TAMS 0x00000000a2c00000, 0x00000000a2b00000| Untracked 
|  14|0x00000000a2c00000, 0x00000000a2d00000, 0x00000000a2d00000|100%| O|  |TAMS 0x00000000a2d00000, 0x00000000a2c00000| Untracked 
|  15|0x00000000a2d00000, 0x00000000a2e00000, 0x00000000a2e00000|100%| O|  |TAMS 0x00000000a2e00000, 0x00000000a2d00000| Untracked 
|  16|0x00000000a2e00000, 0x00000000a2f00000, 0x00000000a2f00000|100%| O|  |TAMS 0x00000000a2f00000, 0x00000000a2e00000| Untracked 
|  17|0x00000000a2f00000, 0x00000000a3000000, 0x00000000a3000000|100%| O|  |TAMS 0x00000000a3000000, 0x00000000a2f00000| Untracked 
|  18|0x00000000a3000000, 0x00000000a3100000, 0x00000000a3100000|100%| O|  |TAMS 0x00000000a3100000, 0x00000000a3000000| Untracked 
|  19|0x00000000a3100000, 0x00000000a3200000, 0x00000000a3200000|100%| O|  |TAMS 0x00000000a3200000, 0x00000000a3100000| Untracked 
|  20|0x00000000a3200000, 0x00000000a3300000, 0x00000000a3300000|100%| O|  |TAMS 0x00000000a3300000, 0x00000000a3200000| Untracked 
|  21|0x00000000a3300000, 0x00000000a3400000, 0x00000000a3400000|100%| O|  |TAMS 0x00000000a3400000, 0x00000000a3300000| Untracked 
|  22|0x00000000a3400000, 0x00000000a3500000, 0x00000000a3500000|100%| O|  |TAMS 0x00000000a3500000, 0x00000000a3400000| Untracked 
|  23|0x00000000a3500000, 0x00000000a3600000, 0x00000000a3600000|100%| O|  |TAMS 0x00000000a3600000, 0x00000000a3500000| Untracked 
|  24|0x00000000a3600000, 0x00000000a3700000, 0x00000000a3700000|100%| O|  |TAMS 0x00000000a3700000, 0x00000000a3600000| Untracked 
|  25|0x00000000a3700000, 0x00000000a3800000, 0x00000000a3800000|100%| O|  |TAMS 0x00000000a3800000, 0x00000000a3700000| Untracked 
|  26|0x00000000a3800000, 0x00000000a3900000, 0x00000000a3900000|100%| O|  |TAMS 0x00000000a3900000, 0x00000000a3800000| Untracked 
|  27|0x00000000a3900000, 0x00000000a3a00000, 0x00000000a3a00000|100%| O|  |TAMS 0x00000000a3a00000, 0x00000000a3900000| Untracked 
|  28|0x00000000a3a00000, 0x00000000a3b00000, 0x00000000a3b00000|100%| O|  |TAMS 0x00000000a3b00000, 0x00000000a3a00000| Untracked 
|  29|0x00000000a3b00000, 0x00000000a3c00000, 0x00000000a3c00000|100%| O|  |TAMS 0x00000000a3c00000, 0x00000000a3b00000| Untracked 
|  30|0x00000000a3c00000, 0x00000000a3d00000, 0x00000000a3d00000|100%| O|  |TAMS 0x00000000a3d00000, 0x00000000a3c00000| Untracked 
|  31|0x00000000a3d00000, 0x00000000a3e00000, 0x00000000a3e00000|100%| O|  |TAMS 0x00000000a3e00000, 0x00000000a3d00000| Untracked 
|  32|0x00000000a3e00000, 0x00000000a3e0b600, 0x00000000a3f00000|  4%| O|  |TAMS 0x00000000a3e0b600, 0x00000000a3e00000| Untracked 
|  33|0x00000000a3f00000, 0x00000000a3f00000, 0x00000000a4000000|  0%| F|  |TAMS 0x00000000a3f00000, 0x00000000a3f00000| Untracked 
|  34|0x00000000a4000000, 0x00000000a4000000, 0x00000000a4100000|  0%| F|  |TAMS 0x00000000a4000000, 0x00000000a4000000| Untracked 
|  35|0x00000000a4100000, 0x00000000a4100000, 0x00000000a4200000|  0%| F|  |TAMS 0x00000000a4100000, 0x00000000a4100000| Untracked 
|  36|0x00000000a4200000, 0x00000000a4200000, 0x00000000a4300000|  0%| F|  |TAMS 0x00000000a4200000, 0x00000000a4200000| Untracked 
|  37|0x00000000a4300000, 0x00000000a4300000, 0x00000000a4400000|  0%| F|  |TAMS 0x00000000a4300000, 0x00000000a4300000| Untracked 
|  38|0x00000000a4400000, 0x00000000a4400000, 0x00000000a4500000|  0%| F|  |TAMS 0x00000000a4400000, 0x00000000a4400000| Untracked 
|  39|0x00000000a4500000, 0x00000000a4500000, 0x00000000a4600000|  0%| F|  |TAMS 0x00000000a4500000, 0x00000000a4500000| Untracked 
|  40|0x00000000a4600000, 0x00000000a468ef60, 0x00000000a4700000| 55%| S|CS|TAMS 0x00000000a4600000, 0x00000000a4600000| Complete 
|  41|0x00000000a4700000, 0x00000000a4800000, 0x00000000a4800000|100%| S|CS|TAMS 0x00000000a4700000, 0x00000000a4700000| Complete 
|  42|0x00000000a4800000, 0x00000000a4800000, 0x00000000a4900000|  0%| F|  |TAMS 0x00000000a4800000, 0x00000000a4800000| Untracked 
|  43|0x00000000a4900000, 0x00000000a4900000, 0x00000000a4a00000|  0%| F|  |TAMS 0x00000000a4900000, 0x00000000a4900000| Untracked 
|  44|0x00000000a4a00000, 0x00000000a4a00000, 0x00000000a4b00000|  0%| F|  |TAMS 0x00000000a4a00000, 0x00000000a4a00000| Untracked 
|  45|0x00000000a4b00000, 0x00000000a4b00000, 0x00000000a4c00000|  0%| F|  |TAMS 0x00000000a4b00000, 0x00000000a4b00000| Untracked 
|  46|0x00000000a4c00000, 0x00000000a4c00000, 0x00000000a4d00000|  0%| F|  |TAMS 0x00000000a4c00000, 0x00000000a4c00000| Untracked 
|  47|0x00000000a4d00000, 0x00000000a4d00000, 0x00000000a4e00000|  0%| F|  |TAMS 0x00000000a4d00000, 0x00000000a4d00000| Untracked 
|  48|0x00000000a4e00000, 0x00000000a4f00000, 0x00000000a4f00000|100%| E|  |TAMS 0x00000000a4e00000, 0x00000000a4e00000| Complete 
|  49|0x00000000a4f00000, 0x00000000a5000000, 0x00000000a5000000|100%| E|CS|TAMS 0x00000000a4f00000, 0x00000000a4f00000| Complete 
|  50|0x00000000a5000000, 0x00000000a5100000, 0x00000000a5100000|100%| E|CS|TAMS 0x00000000a5000000, 0x00000000a5000000| Complete 
|  51|0x00000000a5100000, 0x00000000a5200000, 0x00000000a5200000|100%| E|CS|TAMS 0x00000000a5100000, 0x00000000a5100000| Complete 
|  52|0x00000000a5200000, 0x00000000a5300000, 0x00000000a5300000|100%| E|CS|TAMS 0x00000000a5200000, 0x00000000a5200000| Complete 
|  53|0x00000000a5300000, 0x00000000a5400000, 0x00000000a5400000|100%| E|CS|TAMS 0x00000000a5300000, 0x00000000a5300000| Complete 
|  81|0x00000000a6f00000, 0x00000000a7000000, 0x00000000a7000000|100%| E|CS|TAMS 0x00000000a6f00000, 0x00000000a6f00000| Complete 
|  82|0x00000000a7000000, 0x00000000a7100000, 0x00000000a7100000|100%| E|CS|TAMS 0x00000000a7000000, 0x00000000a7000000| Complete 
|  83|0x00000000a7100000, 0x00000000a7200000, 0x00000000a7200000|100%| E|CS|TAMS 0x00000000a7100000, 0x00000000a7100000| Complete 
|  84|0x00000000a7200000, 0x00000000a7300000, 0x00000000a7300000|100%| E|CS|TAMS 0x00000000a7200000, 0x00000000a7200000| Complete 
|  85|0x00000000a7300000, 0x00000000a7400000, 0x00000000a7400000|100%| E|CS|TAMS 0x00000000a7300000, 0x00000000a7300000| Complete 
|  95|0x00000000a7d00000, 0x00000000a7e00000, 0x00000000a7e00000|100%| E|CS|TAMS 0x00000000a7d00000, 0x00000000a7d00000| Complete 

Card table byte_map: [0x00000229f7050000,0x00000229f7350000] _byte_map_base: 0x00000229f6b41000

Marking Bits (Prev, Next): (CMBitMap*) 0x00000229e051f910, (CMBitMap*) 0x00000229e051f950
 Prev Bits: [0x00000229f7650000, 0x00000229f8dd8000)
 Next Bits: [0x00000229f8de0000, 0x00000229fa568000)

Polling page: 0x00000229de320000

Metaspace:

Usage:
  Non-class:     54.22 MB used.
      Class:      8.40 MB used.
       Both:     62.61 MB used.

Virtual space:
  Non-class space:       64.00 MB reserved,      54.50 MB ( 85%) committed,  1 nodes.
      Class space:        1.00 GB reserved,       8.69 MB ( <1%) committed,  1 nodes.
             Both:        1.06 GB reserved,      63.19 MB (  6%) committed. 

Chunk freelists:
   Non-Class:  9.36 MB
       Class:  7.30 MB
        Both:  16.66 MB

MaxMetaspaceSize: unlimited
CompressedClassSpaceSize: 1.00 GB
Initial GC threshold: 21.00 MB
Current GC threshold: 103.38 MB
CDS: on
MetaspaceReclaimPolicy: balanced
 - commit_granule_bytes: 65536.
 - commit_granule_words: 8192.
 - virtual_space_node_default_size: 8388608.
 - enlarge_chunks_in_place: 1.
 - new_chunks_are_fully_committed: 0.
 - uncommit_free_chunks: 1.
 - use_allocation_guard: 0.
 - handle_deallocations: 1.


Internal statistics:

num_allocs_failed_limit: 6.
num_arena_births: 802.
num_arena_deaths: 0.
num_vsnodes_births: 2.
num_vsnodes_deaths: 0.
num_space_committed: 1011.
num_space_uncommitted: 0.
num_chunks_returned_to_freelist: 6.
num_chunks_taken_from_freelist: 3116.
num_chunk_merges: 6.
num_chunk_splits: 2262.
num_chunks_enlarged: 1739.
num_purges: 0.
num_inconsistent_stats: 0.

CodeHeap 'non-profiled nmethods': size=120000Kb used=4858Kb max_used=4858Kb free=115142Kb
 bounds [0x00000229ef820000, 0x00000229efce0000, 0x00000229f6d50000]
CodeHeap 'profiled nmethods': size=120000Kb used=11911Kb max_used=11911Kb free=108088Kb
 bounds [0x00000229e7d50000, 0x00000229e8900000, 0x00000229ef280000]
CodeHeap 'non-nmethods': size=5760Kb used=1333Kb max_used=1385Kb free=4426Kb
 bounds [0x00000229ef280000, 0x00000229ef4f0000, 0x00000229ef820000]
 total_blobs=6316 nmethods=5647 adapters=581
 compilation: enabled
              stopped_count=0, restarted_count=0
 full_count=0

Compilation events (20 events):
Event: 207.950 Thread 0x00000229fca09970 nmethod 6376 0x00000229efcdc410 code [0x00000229efcdc620, 0x00000229efcdcd20]
Event: 207.951 Thread 0x00000229fca09970 6385       4       org.springframework.core.annotation.TypeMappedAnnotations$MergedAnnotationFinder::<init> (37 bytes)
Event: 207.958 Thread 0x00000229fca09970 nmethod 6385 0x00000229efcdd510 code [0x00000229efcdd680, 0x00000229efcdda78]
Event: 207.958 Thread 0x00000229fca09970 6374       4       java.util.Spliterator::getExactSizeIfKnown (25 bytes)
Event: 207.960 Thread 0x00000229fca09970 nmethod 6374 0x00000229efcddb10 code [0x00000229efcddca0, 0x00000229efcddd58]
Event: 207.960 Thread 0x00000229fca09970 6396       4       org.springframework.core.annotation.MissingMergedAnnotation::withNonMergedAttributes (2 bytes)
Event: 207.960 Thread 0x00000229fca09970 nmethod 6396 0x00000229efcdde10 code [0x00000229efcddf80, 0x00000229efcddff8]
Event: 208.094 Thread 0x00000229fca732f0 6404       3       org.springframework.data.repository.core.RepositoryInformationSupport::getMetadata (13 bytes)
Event: 208.095 Thread 0x00000229fca732f0 nmethod 6404 0x00000229e88ef790 code [0x00000229e88ef940, 0x00000229e88efc28]
Event: 208.095 Thread 0x00000229fca732f0 6405       3       org.springframework.data.repository.core.RepositoryInformationSupport::getRepositoryInterface (10 bytes)
Event: 208.095 Thread 0x00000229fca09970 6407       4       java.util.stream.AbstractPipeline::wrapSink (37 bytes)
Event: 208.095 Thread 0x00000229fca732f0 nmethod 6405 0x00000229e88efd10 code [0x00000229e88efee0, 0x00000229e88f02f8]
Event: 208.098 Thread 0x00000229fca09970 nmethod 6407 0x00000229efcde110 code [0x00000229efcde2a0, 0x00000229efcde3b8]
Event: 208.098 Thread 0x00000229fca09970 6409   !   4       org.springframework.util.ClassUtils::getMostSpecificMethod (83 bytes)
Event: 208.126 Thread 0x00000229fca732f0 6414       1       org.springframework.data.repository.core.support.RepositoryFragment$StructuralRepositoryFragment::getSignatureContributor (5 bytes)
Event: 208.126 Thread 0x00000229fca732f0 nmethod 6414 0x00000229efcde510 code [0x00000229efcde6a0, 0x00000229efcde778]
Event: 208.302 Thread 0x00000229fca732f0 6415       3       org.springframework.core.annotation.AnnotatedElementUtils::findMergedAnnotation (59 bytes)
Event: 208.304 Thread 0x00000229fca732f0 nmethod 6415 0x00000229e88f0410 code [0x00000229e88f0720, 0x00000229e88f1a08]
Event: 208.304 Thread 0x00000229fca732f0 6416       3       org.springframework.core.annotation.AnnotatedElementUtils$$Lambda$1288/0x00000229818986b8::test (10 bytes)
Event: 208.305 Thread 0x00000229fca732f0 nmethod 6416 0x00000229e88f2010 code [0x00000229e88f21c0, 0x00000229e88f24a8]

GC Heap History (20 events):
Event: 103.407 GC heap before
{Heap before GC invocations=9 (full 0):
 garbage-first heap   total 61440K, used 44712K [0x00000000a1e00000, 0x0000000100000000)
  region size 1024K, 27 young (27648K), 4 survivors (4096K)
 Metaspace       used 32227K, committed 32640K, reserved 1114112K
  class space    used 4023K, committed 4224K, reserved 1048576K
}
Event: 103.421 GC heap after
{Heap after GC invocations=10 (full 0):
 garbage-first heap   total 61440K, used 23237K [0x00000000a1e00000, 0x0000000100000000)
  region size 1024K, 4 young (4096K), 4 survivors (4096K)
 Metaspace       used 32227K, committed 32640K, reserved 1114112K
  class space    used 4023K, committed 4224K, reserved 1048576K
}
Event: 121.086 GC heap before
{Heap before GC invocations=10 (full 0):
 garbage-first heap   total 61440K, used 45765K [0x00000000a1e00000, 0x0000000100000000)
  region size 1024K, 27 young (27648K), 4 survivors (4096K)
 Metaspace       used 35529K, committed 35968K, reserved 1114112K
  class space    used 4452K, committed 4672K, reserved 1048576K
}
Event: 121.101 GC heap after
{Heap after GC invocations=11 (full 0):
 garbage-first heap   total 61440K, used 25382K [0x00000000a1e00000, 0x0000000100000000)
  region size 1024K, 3 young (3072K), 3 survivors (3072K)
 Metaspace       used 35529K, committed 35968K, reserved 1114112K
  class space    used 4452K, committed 4672K, reserved 1048576K
}
Event: 141.641 GC heap before
{Heap before GC invocations=12 (full 0):
 garbage-first heap   total 61440K, used 44838K [0x00000000a1e00000, 0x0000000100000000)
  region size 1024K, 23 young (23552K), 3 survivors (3072K)
 Metaspace       used 37563K, committed 38080K, reserved 1114112K
  class space    used 4736K, committed 4992K, reserved 1048576K
}
Event: 141.669 GC heap after
{Heap after GC invocations=13 (full 0):
 garbage-first heap   total 61440K, used 26552K [0x00000000a1e00000, 0x0000000100000000)
  region size 1024K, 2 young (2048K), 2 survivors (2048K)
 Metaspace       used 37563K, committed 38080K, reserved 1114112K
  class space    used 4736K, committed 4992K, reserved 1048576K
}
Event: 147.879 GC heap before
{Heap before GC invocations=13 (full 0):
 garbage-first heap   total 61440K, used 46008K [0x00000000a1e00000, 0x0000000100000000)
  region size 1024K, 22 young (22528K), 2 survivors (2048K)
 Metaspace       used 40851K, committed 41408K, reserved 1114112K
  class space    used 5194K, committed 5440K, reserved 1048576K
}
Event: 147.894 GC heap after
{Heap after GC invocations=14 (full 0):
 garbage-first heap   total 61440K, used 27346K [0x00000000a1e00000, 0x0000000100000000)
  region size 1024K, 3 young (3072K), 3 survivors (3072K)
 Metaspace       used 40851K, committed 41408K, reserved 1114112K
  class space    used 5194K, committed 5440K, reserved 1048576K
}
Event: 159.523 GC heap before
{Heap before GC invocations=14 (full 0):
 garbage-first heap   total 61440K, used 47826K [0x00000000a1e00000, 0x0000000100000000)
  region size 1024K, 23 young (23552K), 3 survivors (3072K)
 Metaspace       used 46291K, committed 46784K, reserved 1114112K
  class space    used 5964K, committed 6208K, reserved 1048576K
}
Event: 159.544 GC heap after
{Heap after GC invocations=15 (full 0):
 garbage-first heap   total 61440K, used 29317K [0x00000000a1e00000, 0x0000000100000000)
  region size 1024K, 3 young (3072K), 3 survivors (3072K)
 Metaspace       used 46291K, committed 46784K, reserved 1114112K
  class space    used 5964K, committed 6208K, reserved 1048576K
}
Event: 165.453 GC heap before
{Heap before GC invocations=15 (full 0):
 garbage-first heap   total 61440K, used 47749K [0x00000000a1e00000, 0x0000000100000000)
  region size 1024K, 22 young (22528K), 3 survivors (3072K)
 Metaspace       used 51049K, committed 51520K, reserved 1114112K
  class space    used 6614K, committed 6848K, reserved 1048576K
}
Event: 165.474 GC heap after
{Heap after GC invocations=16 (full 0):
 garbage-first heap   total 61440K, used 30978K [0x00000000a1e00000, 0x0000000100000000)
  region size 1024K, 2 young (2048K), 2 survivors (2048K)
 Metaspace       used 51049K, committed 51520K, reserved 1114112K
  class space    used 6614K, committed 6848K, reserved 1048576K
}
Event: 173.129 GC heap before
{Heap before GC invocations=16 (full 0):
 garbage-first heap   total 61440K, used 47362K [0x00000000a1e00000, 0x0000000100000000)
  region size 1024K, 19 young (19456K), 2 survivors (2048K)
 Metaspace       used 56601K, committed 57152K, reserved 1114112K
  class space    used 7421K, committed 7680K, reserved 1048576K
}
Event: 173.138 GC heap after
{Heap after GC invocations=17 (full 0):
 garbage-first heap   total 61440K, used 31265K [0x00000000a1e00000, 0x0000000100000000)
  region size 1024K, 3 young (3072K), 3 survivors (3072K)
 Metaspace       used 56601K, committed 57152K, reserved 1114112K
  class space    used 7421K, committed 7680K, reserved 1048576K
}
Event: 183.502 GC heap before
{Heap before GC invocations=18 (full 0):
 garbage-first heap   total 61440K, used 47649K [0x00000000a1e00000, 0x0000000100000000)
  region size 1024K, 20 young (20480K), 3 survivors (3072K)
 Metaspace       used 60207K, committed 60736K, reserved 1114112K
  class space    used 8083K, committed 8320K, reserved 1048576K
}
Event: 183.527 GC heap after
{Heap after GC invocations=19 (full 0):
 garbage-first heap   total 61440K, used 32028K [0x00000000a1e00000, 0x0000000100000000)
  region size 1024K, 2 young (2048K), 2 survivors (2048K)
 Metaspace       used 60207K, committed 60736K, reserved 1114112K
  class space    used 8083K, committed 8320K, reserved 1048576K
}
Event: 183.837 GC heap before
{Heap before GC invocations=19 (full 0):
 garbage-first heap   total 61440K, used 33052K [0x00000000a1e00000, 0x0000000100000000)
  region size 1024K, 3 young (3072K), 2 survivors (2048K)
 Metaspace       used 60503K, committed 60992K, reserved 1114112K
  class space    used 8134K, committed 8384K, reserved 1048576K
}
Event: 183.847 GC heap after
{Heap after GC invocations=20 (full 0):
 garbage-first heap   total 61440K, used 32069K [0x00000000a1e00000, 0x0000000100000000)
  region size 1024K, 1 young (1024K), 1 survivors (1024K)
 Metaspace       used 60503K, committed 60992K, reserved 1114112K
  class space    used 8134K, committed 8384K, reserved 1048576K
}
Event: 201.078 GC heap before
{Heap before GC invocations=20 (full 0):
 garbage-first heap   total 61440K, used 49477K [0x00000000a1e00000, 0x0000000100000000)
  region size 1024K, 18 young (18432K), 1 survivors (1024K)
 Metaspace       used 62560K, committed 63104K, reserved 1114112K
  class space    used 8381K, committed 8640K, reserved 1048576K
}
Event: 201.090 GC heap after
{Heap after GC invocations=21 (full 0):
 garbage-first heap   total 61440K, used 33385K [0x00000000a1e00000, 0x0000000100000000)
  region size 1024K, 2 young (2048K), 2 survivors (2048K)
 Metaspace       used 62560K, committed 63104K, reserved 1114112K
  class space    used 8381K, committed 8640K, reserved 1048576K
}

Deoptimization events (20 events):
Event: 204.609 Thread 0x00000229fdd939d0 Uncommon trap: trap_request=0xffffffde fr.pc=0x00000229ef8a086c relative=0x0000000000000bec
Event: 204.609 Thread 0x00000229fdd939d0 Uncommon trap: reason=class_check action=maybe_recompile pc=0x00000229ef8a086c method=org.springframework.util.ConcurrentReferenceHashMap$Segment.findInChain(Lorg/springframework/util/ConcurrentReferenceHashMap$Reference;Ljava/lang/Object;I)Lorg/springfra
Event: 204.609 Thread 0x00000229fdd939d0 DEOPT PACKING pc=0x00000229ef8a086c sp=0x000000c0e57fbc90
Event: 204.609 Thread 0x00000229fdd939d0 DEOPT UNPACKING pc=0x00000229ef2d23a3 sp=0x000000c0e57fbad8 mode 2
Event: 204.609 Thread 0x00000229fdd939d0 Uncommon trap: trap_request=0xffffffde fr.pc=0x00000229ef8a086c relative=0x0000000000000bec
Event: 204.609 Thread 0x00000229fdd939d0 Uncommon trap: reason=class_check action=maybe_recompile pc=0x00000229ef8a086c method=org.springframework.util.ConcurrentReferenceHashMap$Segment.findInChain(Lorg/springframework/util/ConcurrentReferenceHashMap$Reference;Ljava/lang/Object;I)Lorg/springfra
Event: 204.609 Thread 0x00000229fdd939d0 DEOPT PACKING pc=0x00000229ef8a086c sp=0x000000c0e57fbc90
Event: 204.609 Thread 0x00000229fdd939d0 DEOPT UNPACKING pc=0x00000229ef2d23a3 sp=0x000000c0e57fbad8 mode 2
Event: 205.229 Thread 0x00000229fdd939d0 Uncommon trap: trap_request=0xffffffde fr.pc=0x00000229ef8a086c relative=0x0000000000000bec
Event: 205.229 Thread 0x00000229fdd939d0 Uncommon trap: reason=class_check action=maybe_recompile pc=0x00000229ef8a086c method=org.springframework.util.ConcurrentReferenceHashMap$Segment.findInChain(Lorg/springframework/util/ConcurrentReferenceHashMap$Reference;Ljava/lang/Object;I)Lorg/springfra
Event: 205.229 Thread 0x00000229fdd939d0 DEOPT PACKING pc=0x00000229ef8a086c sp=0x000000c0e57fbc90
Event: 205.229 Thread 0x00000229fdd939d0 DEOPT UNPACKING pc=0x00000229ef2d23a3 sp=0x000000c0e57fbad8 mode 2
Event: 205.229 Thread 0x00000229fdd939d0 Uncommon trap: trap_request=0xffffffde fr.pc=0x00000229ef8a086c relative=0x0000000000000bec
Event: 205.229 Thread 0x00000229fdd939d0 Uncommon trap: reason=class_check action=maybe_recompile pc=0x00000229ef8a086c method=org.springframework.util.ConcurrentReferenceHashMap$Segment.findInChain(Lorg/springframework/util/ConcurrentReferenceHashMap$Reference;Ljava/lang/Object;I)Lorg/springfra
Event: 205.229 Thread 0x00000229fdd939d0 DEOPT PACKING pc=0x00000229ef8a086c sp=0x000000c0e57fbc90
Event: 205.229 Thread 0x00000229fdd939d0 DEOPT UNPACKING pc=0x00000229ef2d23a3 sp=0x000000c0e57fbad8 mode 2
Event: 205.238 Thread 0x00000229fdd939d0 Uncommon trap: trap_request=0xffffffde fr.pc=0x00000229ef8874b4 relative=0x0000000000000bb4
Event: 205.238 Thread 0x00000229fdd939d0 Uncommon trap: reason=class_check action=maybe_recompile pc=0x00000229ef8874b4 method=org.springframework.util.ConcurrentReferenceHashMap$Segment.findInChain(Lorg/springframework/util/ConcurrentReferenceHashMap$Reference;Ljava/lang/Object;I)Lorg/springfra
Event: 205.238 Thread 0x00000229fdd939d0 DEOPT PACKING pc=0x00000229ef8874b4 sp=0x000000c0e57fbbf0
Event: 205.238 Thread 0x00000229fdd939d0 DEOPT UNPACKING pc=0x00000229ef2d23a3 sp=0x000000c0e57fbac8 mode 2

Classes unloaded (0 events):
No events

Classes redefined (0 events):
No events

Internal exceptions (20 events):
Event: 180.181 Thread 0x00000229fdd939d0 Exception <a 'java/lang/NoSuchMethodError'{0x00000000a4d3f398}: 'java.lang.Object java.lang.invoke.DirectMethodHandle$Holder.newInvokeSpecial(java.lang.Object, java.lang.Object, int, java.lang.Object)'> (0x00000000a4d3f398) 
thrown [s\open\src\hotspot\share\interpreter\linkResolver.cpp, line 759]
Event: 180.182 Thread 0x00000229fdd939d0 Exception <a 'java/lang/NoSuchMethodError'{0x00000000a4d42f60}: 'java.lang.Object java.lang.invoke.Invokers$Holder.linkToTargetMethod(java.lang.Object, int, java.lang.Object, java.lang.Object)'> (0x00000000a4d42f60) 
thrown [s\open\src\hotspot\share\interpreter\linkResolver.cpp, line 759]
Event: 180.794 Thread 0x00000229fdd939d0 Exception <a 'java/lang/NoSuchMethodError'{0x00000000a4dece50}: 'java.lang.Object java.lang.invoke.DirectMethodHandle$Holder.newInvokeSpecial(java.lang.Object, java.lang.Object, int)'> (0x00000000a4dece50) 
thrown [s\open\src\hotspot\share\interpreter\linkResolver.cpp, line 759]
Event: 180.795 Thread 0x00000229fdd939d0 Exception <a 'java/lang/IncompatibleClassChangeError'{0x00000000a4df0908}: Found class java.lang.Object, but interface was expected> (0x00000000a4df0908) 
thrown [s\open\src\hotspot\share\interpreter\linkResolver.cpp, line 826]
Event: 182.139 Thread 0x00000229fdd939d0 Exception <a 'java/lang/NoSuchMethodError'{0x00000000a4b51d40}: 'int java.lang.invoke.DirectMethodHandle$Holder.invokeStatic(java.lang.Object, int, java.lang.Object)'> (0x00000000a4b51d40) 
thrown [s\open\src\hotspot\share\interpreter\linkResolver.cpp, line 759]
Event: 182.157 Thread 0x00000229fdd939d0 Exception <a 'java/lang/NoSuchMethodError'{0x00000000a4b72418}: 'java.lang.Object java.lang.invoke.DirectMethodHandle$Holder.newInvokeSpecial(java.lang.Object, java.lang.Object, java.lang.Object, java.lang.Object, java.lang.Object, int, java.lang.Object)'> (0x00000000a4b72418) 
thrown [s\open\src\hotspot\share\interpreter\linkResolver.cpp, line 759]
Event: 182.184 Thread 0x00000229fdd939d0 Exception <a 'java/lang/NoSuchMethodError'{0x00000000a4baa0c8}: 'java.lang.Object java.lang.invoke.DirectMethodHandle$Holder.newInvokeSpecial(java.lang.Object, java.lang.Object, java.lang.Object, java.lang.Object, java.lang.Object, java.lang.Object, java.lang.Object, java.lang.Object, java.lang.Object, java.lang.Object, java.lang.Object, java.lang.Object)'> (0x00000000a4baa0c8) 
thrown [s\open\src\hotspot\share\interpreter\linkResolver.cpp, line 759]
Event: 182.534 Thread 0x00000229fdd939d0 Exception <a 'java/lang/NoSuchMethodError'{0x00000000a4baeb60}: 'java.lang.Object java.lang.invoke.DirectMethodHandle$Holder.invokeSpecial(java.lang.Object, java.lang.Object, java.lang.Object, java.lang.Object, java.lang.Object, java.lang.Object, java.lang.Object, java.lang.Object, java.lang.Object, java.lang.Object, java.lang.Object, java.lang.Object, java.lang.Object)'> (0x00000000a4baeb60) 
thrown [s\open\src\hotspot\share\interpreter\linkResolver.cpp, line 759]
Event: 182.534 Thread 0x00000229fdd939d0 Exception <a 'java/lang/NoSuchMethodError'{0x00000000a4bb3278}: 'java.lang.Object java.lang.invoke.Invokers$Holder.linkToTargetMethod(java.lang.Object, java.lang.Object, java.lang.Object, java.lang.Object, java.lang.Object, java.lang.Object, java.lang.Object, java.lang.Object, java.lang.Object, java.lang.Object, java.lang.Object, java.lang.Object)'> (0x00000000a4bb3278) 
thrown [s\open\src\hotspot\share\interpreter\linkResolver.cpp, line 759]
Event: 183.317 Thread 0x00000229fdd939d0 Exception <a 'java/lang/NoSuchMethodError'{0x00000000a49683d8}: 'java.lang.Object java.lang.invoke.DirectMethodHandle$Holder.newInvokeSpecial(java.lang.Object, java.lang.Object, java.lang.Object, java.lang.Object, java.lang.Object, java.lang.Object)'> (0x00000000a49683d8) 
thrown [s\open\src\hotspot\share\interpreter\linkResolver.cpp, line 759]
Event: 183.486 Thread 0x00000229fdd939d0 Exception <a 'java/lang/NoSuchMethodError'{0x00000000a49de558}: 'java.lang.Object java.lang.invoke.DirectMethodHandle$Holder.newInvokeSpecial(java.lang.Object, java.lang.Object, int, java.lang.Object, int, java.lang.Object, java.lang.Object)'> (0x00000000a49de558) 
thrown [s\open\src\hotspot\share\interpreter\linkResolver.cpp, line 759]
Event: 183.697 Thread 0x00000229fdd939d0 Exception <a 'java/lang/NoSuchMethodError'{0x00000000a7d4e8c0}: 'java.lang.Object java.lang.invoke.DirectMethodHandle$Holder.newInvokeSpecial(java.lang.Object, java.lang.Object, java.lang.Object, java.lang.Object, java.lang.Object, java.lang.Object, java.lang.Object, int)'> (0x00000000a7d4e8c0) 
thrown [s\open\src\hotspot\share\interpreter\linkResolver.cpp, line 759]
Event: 183.699 Thread 0x00000229fdd939d0 Exception <a 'java/lang/NoSuchMethodError'{0x00000000a7d53dc0}: 'java.lang.Object java.lang.invoke.DirectMethodHandle$Holder.invokeSpecial(java.lang.Object, java.lang.Object, java.lang.Object, java.lang.Object, java.lang.Object, java.lang.Object, java.lang.Object, java.lang.Object, int)'> (0x00000000a7d53dc0) 
thrown [s\open\src\hotspot\share\interpreter\linkResolver.cpp, line 759]
Event: 183.700 Thread 0x00000229fdd939d0 Exception <a 'java/lang/NoSuchMethodError'{0x00000000a7d58b18}: 'java.lang.Object java.lang.invoke.Invokers$Holder.linkToTargetMethod(java.lang.Object, java.lang.Object, java.lang.Object, java.lang.Object, java.lang.Object, java.lang.Object, int, java.lang.Object)'> (0x00000000a7d58b18) 
thrown [s\open\src\hotspot\share\interpreter\linkResolver.cpp, line 759]
Event: 183.855 Thread 0x00000229fdd939d0 Exception <a 'java/lang/NoSuchMethodError'{0x00000000a7d19578}: 'void java.lang.invoke.DirectMethodHandle$Holder.invokeInterface(java.lang.Object, java.lang.Object)'> (0x00000000a7d19578) 
thrown [s\open\src\hotspot\share\interpreter\linkResolver.cpp, line 759]
Event: 189.625 Thread 0x00000229fdd939d0 Exception <a 'java/lang/NoSuchMethodError'{0x00000000a708fdf0}: 'java.lang.Object java.lang.invoke.DirectMethodHandle$Holder.invokeSpecial(java.lang.Object, java.lang.Object, int, java.lang.Object, int)'> (0x00000000a708fdf0) 
thrown [s\open\src\hotspot\share\interpreter\linkResolver.cpp, line 759]
Event: 195.135 Thread 0x00000229fdd939d0 Exception <a 'java/lang/IncompatibleClassChangeError'{0x00000000a4d932e8}: Found class java.lang.Object, but interface was expected> (0x00000000a4d932e8) 
thrown [s\open\src\hotspot\share\interpreter\linkResolver.cpp, line 826]
Event: 197.480 Thread 0x00000229fdd939d0 Exception <a 'java/lang/IncompatibleClassChangeError'{0x00000000a4a36b80}: Found class java.lang.Object, but interface was expected> (0x00000000a4a36b80) 
thrown [s\open\src\hotspot\share\interpreter\linkResolver.cpp, line 826]
Event: 200.571 Thread 0x00000229fdd939d0 Exception <a 'java/lang/IncompatibleClassChangeError'{0x00000000a4879a38}: Found class java.lang.Object, but interface was expected> (0x00000000a4879a38) 
thrown [s\open\src\hotspot\share\interpreter\linkResolver.cpp, line 826]
Event: 207.569 Thread 0x00000229fdd939d0 Exception <a 'java/lang/IncompatibleClassChangeError'{0x00000000a5371398}: Found class java.lang.Object, but interface was expected> (0x00000000a5371398) 
thrown [s\open\src\hotspot\share\interpreter\linkResolver.cpp, line 826]

VM Operations (20 events):
Event: 201.264 Executing VM operation: G1Concurrent
Event: 201.546 Executing VM operation: G1Concurrent done
Event: 201.616 Executing VM operation: G1Concurrent
Event: 201.880 Executing VM operation: G1Concurrent done
Event: 202.883 Executing VM operation: Cleanup
Event: 202.900 Executing VM operation: Cleanup done
Event: 203.905 Executing VM operation: Cleanup
Event: 204.550 Executing VM operation: Cleanup done
Event: 204.599 Executing VM operation: HandshakeAllThreads
Event: 204.600 Executing VM operation: HandshakeAllThreads done
Event: 205.605 Executing VM operation: Cleanup
Event: 205.951 Executing VM operation: Cleanup done
Event: 206.957 Executing VM operation: Cleanup
Event: 206.957 Executing VM operation: Cleanup done
Event: 207.965 Executing VM operation: Cleanup
Event: 208.094 Executing VM operation: Cleanup done
Event: 208.296 Executing VM operation: HandshakeAllThreads
Event: 208.296 Executing VM operation: HandshakeAllThreads done
Event: 208.298 Executing VM operation: HandshakeAllThreads
Event: 208.298 Executing VM operation: HandshakeAllThreads done

Events (20 events):
Event: 166.732 loading class java/util/concurrent/CompletableFuture$Completion
Event: 166.732 loading class java/util/concurrent/CompletableFuture$AsynchronousCompletionTask
Event: 166.732 loading class java/util/concurrent/CompletableFuture$AsynchronousCompletionTask done
Event: 166.734 loading class java/util/concurrent/CompletableFuture$Completion done
Event: 167.877 loading class java/util/concurrent/CancellationException
Event: 167.877 loading class java/util/concurrent/CancellationException done
Event: 177.541 loading class java/lang/reflect/AnnotatedArrayType
Event: 177.544 loading class java/lang/reflect/AnnotatedArrayType done
Event: 190.482 loading class javax/naming/Reference
Event: 190.483 loading class javax/naming/Reference done
Event: 193.156 loading class java/lang/SafeVarargs
Event: 193.157 loading class java/lang/SafeVarargs done
Event: 193.176 loading class sun/reflect/generics/reflectiveObjects/GenericArrayTypeImpl
Event: 193.176 loading class sun/reflect/generics/reflectiveObjects/GenericArrayTypeImpl done
Event: 195.120 loading class java/util/concurrent/ConcurrentHashMap$TreeNode
Event: 195.133 loading class java/util/concurrent/ConcurrentHashMap$TreeNode done
Event: 195.133 loading class java/util/concurrent/ConcurrentHashMap$TreeBin
Event: 195.134 loading class java/util/concurrent/ConcurrentHashMap$TreeBin done
Event: 207.584 loading class java/lang/Package$1PackageInfoProxy
Event: 207.584 loading class java/lang/Package$1PackageInfoProxy done


Dynamic libraries:
0x00007ff7a01e0000 - 0x00007ff7a01f0000 	C:\Program Files\Java\jdk-17\bin\java.exe
0x00007ff959bb0000 - 0x00007ff959dc7000 	C:\windows\SYSTEM32\ntdll.dll
0x00007ff958730000 - 0x00007ff9587f4000 	C:\windows\System32\KERNEL32.DLL
0x00007ff9572a0000 - 0x00007ff957657000 	C:\windows\System32\KERNELBASE.dll
0x00007ff957180000 - 0x00007ff957291000 	C:\windows\System32\ucrtbase.dll
0x00007ff9252b0000 - 0x00007ff9252cb000 	C:\Program Files\Java\jdk-17\bin\VCRUNTIME140.dll
0x00007ff925740000 - 0x00007ff925759000 	C:\Program Files\Java\jdk-17\bin\jli.dll
0x00007ff959340000 - 0x00007ff9593f2000 	C:\windows\System32\ADVAPI32.dll
0x00007ff959640000 - 0x00007ff9596e7000 	C:\windows\System32\msvcrt.dll
0x00007ff9583b0000 - 0x00007ff958458000 	C:\windows\System32\sechost.dll
0x00007ff956ec0000 - 0x00007ff956ee8000 	C:\windows\System32\bcrypt.dll
0x00007ff958460000 - 0x00007ff958574000 	C:\windows\System32\RPCRT4.dll
0x00007ff959030000 - 0x00007ff9591df000 	C:\windows\System32\USER32.dll
0x00007ff957150000 - 0x00007ff957176000 	C:\windows\System32\win32u.dll
0x00007ff957a80000 - 0x00007ff957aa9000 	C:\windows\System32\GDI32.dll
0x00007ff956ef0000 - 0x00007ff957008000 	C:\windows\System32\gdi32full.dll
0x00007ff957840000 - 0x00007ff9578da000 	C:\windows\System32\msvcp_win.dll
0x00007ff943720000 - 0x00007ff9439b3000 	C:\windows\WinSxS\amd64_microsoft.windows.common-controls_6595b64144ccf1df_6.0.22621.3672_none_2713b9d173822955\COMCTL32.dll
0x00007ff94cc00000 - 0x00007ff94cc0a000 	C:\windows\SYSTEM32\VERSION.dll
0x00007ff957a40000 - 0x00007ff957a71000 	C:\windows\System32\IMM32.DLL
0x00007ff9332d0000 - 0x00007ff9332dc000 	C:\Program Files\Java\jdk-17\bin\vcruntime140_1.dll
0x00007ff90cc30000 - 0x00007ff90ccbe000 	C:\Program Files\Java\jdk-17\bin\msvcp140.dll
0x00007ff8c0da0000 - 0x00007ff8c197e000 	C:\Program Files\Java\jdk-17\bin\server\jvm.dll
0x00007ff958e30000 - 0x00007ff958e38000 	C:\windows\System32\PSAPI.DLL
0x00007ff935a20000 - 0x00007ff935a29000 	C:\windows\SYSTEM32\WSOCK32.dll
0x00007ff94f620000 - 0x00007ff94f654000 	C:\windows\SYSTEM32\WINMM.dll
0x00007ff9595c0000 - 0x00007ff959631000 	C:\windows\System32\WS2_32.dll
0x00007ff955f10000 - 0x00007ff955f28000 	C:\windows\SYSTEM32\kernel.appcore.dll
0x00007ff936a70000 - 0x00007ff936a7a000 	C:\Program Files\Java\jdk-17\bin\jimage.dll
0x00007ff949af0000 - 0x00007ff949d22000 	C:\windows\SYSTEM32\DBGHELP.DLL
0x00007ff9597e0000 - 0x00007ff959b6e000 	C:\windows\System32\combase.dll
0x00007ff958e40000 - 0x00007ff958f17000 	C:\windows\System32\OLEAUT32.dll
0x00007ff93dec0000 - 0x00007ff93def2000 	C:\windows\SYSTEM32\dbgcore.DLL
0x00007ff957010000 - 0x00007ff95708b000 	C:\windows\System32\bcryptPrimitives.dll
0x00007ff90eba0000 - 0x00007ff90ebc5000 	C:\Program Files\Java\jdk-17\bin\java.dll
0x00007ff908ee0000 - 0x00007ff908fb7000 	C:\Program Files\Java\jdk-17\bin\jsvml.dll
0x00007ff957ab0000 - 0x00007ff958319000 	C:\windows\System32\SHELL32.dll
0x00007ff954e30000 - 0x00007ff95572f000 	C:\windows\SYSTEM32\windows.storage.dll
0x00007ff954cf0000 - 0x00007ff954e2f000 	C:\windows\SYSTEM32\wintypes.dll
0x00007ff9585e0000 - 0x00007ff9586d9000 	C:\windows\System32\SHCORE.dll
0x00007ff9579e0000 - 0x00007ff957a3e000 	C:\windows\System32\shlwapi.dll
0x00007ff956df0000 - 0x00007ff956e17000 	C:\windows\SYSTEM32\profapi.dll
0x00007ff922320000 - 0x00007ff922339000 	C:\Program Files\Java\jdk-17\bin\net.dll
0x00007ff94f250000 - 0x00007ff94f386000 	C:\windows\SYSTEM32\WINHTTP.dll
0x00007ff956380000 - 0x00007ff9563e9000 	C:\windows\system32\mswsock.dll
0x00007ff91c840000 - 0x00007ff91c856000 	C:\Program Files\Java\jdk-17\bin\nio.dll
0x00007ff919020000 - 0x00007ff919038000 	C:\Program Files\Java\jdk-17\bin\zip.dll
0x00007ff949620000 - 0x00007ff94962a000 	C:\Program Files\Java\jdk-17\bin\management.dll
0x00007ff949610000 - 0x00007ff94961b000 	C:\Program Files\Java\jdk-17\bin\management_ext.dll
0x00007ff942ab0000 - 0x00007ff942ac7000 	C:\windows\system32\napinsp.dll
0x00007ff942a90000 - 0x00007ff942aab000 	C:\windows\system32\pnrpnsp.dll
0x00007ff955a00000 - 0x00007ff955b02000 	C:\windows\SYSTEM32\DNSAPI.dll
0x00007ff9559d0000 - 0x00007ff9559fd000 	C:\windows\SYSTEM32\IPHLPAPI.DLL
0x00007ff958720000 - 0x00007ff958729000 	C:\windows\System32\NSI.dll
0x00007ff942680000 - 0x00007ff942691000 	C:\windows\System32\winrnr.dll
0x00007ff94de70000 - 0x00007ff94de85000 	C:\windows\system32\wshbth.dll
0x00007ff9222a0000 - 0x00007ff9222c7000 	C:\windows\system32\nlansp_c.dll
0x00007ff93e0d0000 - 0x00007ff93e0da000 	C:\Windows\System32\rasadhlp.dll
0x00007ff94aae0000 - 0x00007ff94ab63000 	C:\windows\System32\fwpuclnt.dll
0x00007ff9565d0000 - 0x00007ff9565eb000 	C:\windows\SYSTEM32\CRYPTSP.dll
0x00007ff955e70000 - 0x00007ff955ea5000 	C:\windows\system32\rsaenh.dll
0x00007ff956470000 - 0x00007ff956498000 	C:\windows\SYSTEM32\USERENV.dll
0x00007ff9565f0000 - 0x00007ff9565fc000 	C:\windows\SYSTEM32\CRYPTBASE.dll
0x00007ff94f100000 - 0x00007ff94f119000 	C:\windows\SYSTEM32\dhcpcsvc6.DLL
0x00007ff94f0e0000 - 0x00007ff94f0ff000 	C:\windows\SYSTEM32\dhcpcsvc.DLL
0x00007ff943270000 - 0x00007ff94327e000 	C:\Program Files\Java\jdk-17\bin\sunmscapi.dll
0x00007ff957660000 - 0x00007ff9577c6000 	C:\windows\System32\CRYPT32.dll
0x00007ff956790000 - 0x00007ff9567bd000 	C:\windows\SYSTEM32\ncrypt.dll
0x00007ff956750000 - 0x00007ff956787000 	C:\windows\SYSTEM32\NTASN1.dll
0x00007ff943290000 - 0x00007ff9432a0000 	C:\Program Files\Java\jdk-17\bin\verify.dll

dbghelp: loaded successfully - version: 4.0.5 - missing functions: none
symbol engine: initialized successfully - sym options: 0x614 - pdb path: .;C:\Program Files\Java\jdk-17\bin;C:\windows\SYSTEM32;C:\windows\WinSxS\amd64_microsoft.windows.common-controls_6595b64144ccf1df_6.0.22621.3672_none_2713b9d173822955;C:\Program Files\Java\jdk-17\bin\server

VM Arguments:
jvm_args: -XX:+ShowCodeDetailsInExceptionMessages -Dspring.jmx.enabled=true -Dmanagement.endpoints.jmx.exposure.include=* -Dspring.application.admin.enabled=true -Dspring.boot.project.name=rasahotel -Djava.rmi.server.hostname=localhost -Dcom.sun.management.jmxremote.port=45558 -Dcom.sun.management.jmxremote.authenticate=false -Dcom.sun.management.jmxremote.ssl=false 
java_command: com.javaproject.anisa.RasaHotelApplication
java_class_path (initial): D:\Technical-Test\backend\target\classes;C:\Users\ANISA ALAWIYAH\.m2\repository\org\springframework\boot\spring-boot-starter-actuator\3.2.4\spring-boot-starter-actuator-3.2.4.jar;C:\Users\ANISA ALAWIYAH\.m2\repository\org\springframework\boot\spring-boot-starter\3.2.4\spring-boot-starter-3.2.4.jar;C:\Users\ANISA ALAWIYAH\.m2\repository\org\springframework\boot\spring-boot-starter-logging\3.2.4\spring-boot-starter-logging-3.2.4.jar;C:\Users\ANISA ALAWIYAH\.m2\repository\ch\qos\logback\logback-classic\1.4.14\logback-classic-1.4.14.jar;C:\Users\ANISA ALAWIYAH\.m2\repository\ch\qos\logback\logback-core\1.4.14\logback-core-1.4.14.jar;C:\Users\ANISA ALAWIYAH\.m2\repository\org\apache\logging\log4j\log4j-to-slf4j\2.21.1\log4j-to-slf4j-2.21.1.jar;C:\Users\ANISA ALAWIYAH\.m2\repository\org\slf4j\jul-to-slf4j\2.0.12\jul-to-slf4j-2.0.12.jar;C:\Users\ANISA ALAWIYAH\.m2\repository\jakarta\annotation\jakarta.annotation-api\2.1.1\jakarta.annotation-api-2.1.1.jar;C:\Users\ANISA ALAWIYAH\.m2\repository\org\springframework\boot\spring-boot-actuator-autoconfigure\3.2.4\spring-boot-actuator-autoconfigure-3.2.4.jar;C:\Users\ANISA ALAWIYAH\.m2\repository\org\springframework\boot\spring-boot-actuator\3.2.4\spring-boot-actuator-3.2.4.jar;C:\Users\ANISA ALAWIYAH\.m2\repository\com\fasterxml\jackson\datatype\jackson-datatype-jsr310\2.15.4\jackson-datatype-jsr310-2.15.4.jar;C:\Users\ANISA ALAWIYAH\.m2\repository\io\micrometer\micrometer-observation\1.12.4\micrometer-observation-1.12.4.jar;C:\Users\ANISA ALAWIYAH\.m2\repository\io\micrometer\micrometer-commons\1.12.4\micrometer-commons-1.12.4.jar;C:\Users\ANISA ALAWIYAH\.m2\repository\io\micrometer\micrometer-jakarta9\1.12.4\micrometer-jakarta9-1.12.4.jar;C:\Users\ANISA ALAWIYAH\.m2\repository\io\micrometer\micrometer-core\1.12.4\micrometer-core-1.12.4.jar;C:\Users\ANISA ALAWIYAH\.m2\repository\org\hdrhistogram\HdrHistogram\2.1.12\HdrHistogram-2.1.12.jar;C:\Users\ANISA ALAWIYAH\.m2\repository\org\latencyutils\Laten
Launcher Type: SUN_STANDARD

[Global flags]
     intx CICompilerCount                          = 3                                         {product} {ergonomic}
     uint ConcGCThreads                            = 1                                         {product} {ergonomic}
     uint G1ConcRefinementThreads                  = 4                                         {product} {ergonomic}
   size_t G1HeapRegionSize                         = 1048576                                   {product} {ergonomic}
    uintx GCDrainStackTargetSize                   = 64                                        {product} {ergonomic}
   size_t InitialHeapSize                          = 100663296                                 {product} {ergonomic}
     bool ManagementServer                         = true                                      {product} {command line}
   size_t MarkStackSize                            = 4194304                                   {product} {ergonomic}
   size_t MaxHeapSize                              = 1579155456                                {product} {ergonomic}
   size_t MaxNewSize                               = 946864128                                 {product} {ergonomic}
   size_t MinHeapDeltaBytes                        = 1048576                                   {product} {ergonomic}
   size_t MinHeapSize                              = 8388608                                   {product} {ergonomic}
    uintx NonNMethodCodeHeapSize                   = 5832780                                {pd product} {ergonomic}
    uintx NonProfiledCodeHeapSize                  = 122912730                              {pd product} {ergonomic}
    uintx ProfiledCodeHeapSize                     = 122912730                              {pd product} {ergonomic}
    uintx ReservedCodeCacheSize                    = 251658240                              {pd product} {ergonomic}
     bool SegmentedCodeCache                       = true                                      {product} {ergonomic}
     bool ShowCodeDetailsInExceptionMessages       = true                                   {manageable} {command line}
   size_t SoftMaxHeapSize                          = 1579155456                             {manageable} {ergonomic}
     bool UseCompressedClassPointers               = true                           {product lp64_product} {ergonomic}
     bool UseCompressedOops                        = true                           {product lp64_product} {ergonomic}
     bool UseG1GC                                  = true                                      {product} {ergonomic}
     bool UseLargePagesIndividualAllocation        = false                                  {pd product} {ergonomic}

Logging:
Log output configuration:
 #0: stdout all=warning uptime,level,tags
 #1: stderr all=off uptime,level,tags

Environment Variables:
PATH=C:\Program Files\Common Files\Oracle\Java\javapath;C:\Program Files (x86)\Common Files\Intel\Shared Files\cpp\bin\Intel64;C:\windows\system32;C:\windows;C:\windows\System32\Wbem;C:\windows\System32\WindowsPowerShell\v1.0\;C:\windows\System32\OpenSSH\;C:\Program Files\dotnet\;C:\Program Files\Microsoft SQL Server\150\Tools\Binn\;C:\Program Files\Microsoft SQL Server\Client SDK\ODBC\170\Tools\Binn\;C:\Program Files (x86)\Microsoft SQL Server\160\Tools\Binn\;C:\Program Files\Microsoft SQL Server\160\Tools\Binn\;C:\Program Files\Microsoft SQL Server\160\DTS\Binn\;C:\xampp\php;C:\ProgramData\ComposerSetup\bin;C:\apache-maven-3.9.6-bin\apache-maven-3.9.6\bin;C:\Program Files\nodejs\;C:\Program Files\Git\cmd;c:\Users\ANISA ALAWIYAH\AppData\Local\Programs\cursor\resources\app\bin;C:\Users\ANISA ALAWIYAH\AppData\Local\pnpm;C:\Users\ANISA ALAWIYAH\AppData\Local\Microsoft\WindowsApps;C:\Users\ANISA ALAWIYAH\AppData\Local\Programs\Microsoft VS Code\bin;C:\Users\ANISA ALAWIYAH\.dotnet\tools;C:\flutter_windows_3.13.7-stable\flutter\bin;C:\Users\ANISA ALAWIYAH\AppData\Roaming\Composer\vendor\bin;C:\mingw64\bin;C:\Users\ANISA ALAWIYAH\AppData\Roaming\npm;C:\Program Files\Heroku\bin
USERNAME=ANISA ALAWIYAH
LANG=en_US.UTF-8
OS=Windows_NT
PROCESSOR_IDENTIFIER=AMD64 Family 23 Model 24 Stepping 1, AuthenticAMD



---------------  S Y S T E M  ---------------

OS:
 Windows 11 , 64 bit Build 22621 (10.0.22621.3958)
OS uptime: 5 days 23:37 hours

CPU: total 4 (initial active 4) (4 cores per cpu, 2 threads per core) family 23 model 24 stepping 1 microcode 0x0, cx8, cmov, fxsr, ht, mmx, 3dnowpref, sse, sse2, sse3, ssse3, sse4a, sse4.1, sse4.2, popcnt, lzcnt, tsc, tscinvbit, avx, avx2, aes, clmul, bmi1, bmi2, adx, sha, fma, vzeroupper, clflush, clflushopt

Memory: 4k page, system-wide physical 6023M (240M free)
TotalPageFile size 24455M (AvailPageFile size 0M)
current process WorkingSet (physical memory assigned to process): 189M, peak: 206M
current process commit charge ("private bytes"): 259M, peak: 269M

vm_info: Java HotSpot(TM) 64-Bit Server VM (17.0.8+9-LTS-211) for windows-amd64 JRE (17.0.8+9-LTS-211), built on Jun 14 2023 10:34:31 by "mach5one" with MS VC++ 17.1 (VS2022)

END.
