#
# There is insufficient memory for the Java Runtime Environment to continue.
# Native memory allocation (malloc) failed to allocate 2021904 bytes for Chunk::new
# Possible reasons:
#   The system is out of physical RAM or swap space
#   The process is running with CompressedOops enabled, and the Java Heap may be blocking the growth of the native heap
# Possible solutions:
#   Reduce memory load on the system
#   Increase physical memory or swap space
#   Check if swap backing store is full
#   Decrease Java heap size (-Xmx/-Xms)
#   Decrease number of Java threads
#   Decrease Java thread stack sizes (-Xss)
#   Set larger code cache with -XX:ReservedCodeCacheSize=
#   JVM is running with Unscaled Compressed Oops mode in which the Java heap is
#     placed in the first 4GB address space. The Java Heap base address is the
#     maximum limit for the native heap growth. Please use -XX:HeapBaseMinAddress
#     to set the Java Heap base and to place the Java Heap above 4GB virtual address.
# This output file may be truncated or incomplete.
#
#  Out of Memory Error (arena.cpp:189), pid=21676, tid=27916
#
# JRE version: Java(TM) SE Runtime Environment (17.0.8+9) (build 17.0.8+9-LTS-211)
# Java VM: Java HotSpot(TM) 64-Bit Server VM (17.0.8+9-LTS-211, mixed mode, sharing, tiered, compressed oops, compressed class ptrs, g1 gc, windows-amd64)
# No core dump will be written. Minidumps are not enabled by default on client versions of Windows
#

---------------  S U M M A R Y ------------

Command Line: -XX:+ShowCodeDetailsInExceptionMessages -Dspring.jmx.enabled=true -Dmanagement.endpoints.jmx.exposure.include=* -Dspring.application.admin.enabled=true -Dspring.boot.project.name=rasahotel -Djava.rmi.server.hostname=localhost -Dcom.sun.management.jmxremote.port=45557 -Dcom.sun.management.jmxremote.authenticate=false -Dcom.sun.management.jmxremote.ssl=false com.javaproject.anisa.RasaHotelApplication

Host: AMD Ryzen 3 3250U with Radeon Graphics         , 4 cores, 5G,  Windows 11 , 64 bit Build 22621 (10.0.22621.3958)
Time: Sun Oct 27 21:20:32 2024 SE Asia Standard Time elapsed time: 55.228877 seconds (0d 0h 0m 55s)

---------------  T H R E A D  ---------------

Current thread (0x0000021d063f7c90):  JavaThread "C2 CompilerThread0" daemon [_thread_in_native, id=27916, stack(0x000000385ad00000,0x000000385ae00000)]


Current CompileTask:
C2:  55229 2319       4       java.lang.invoke.MethodType::makeImpl (109 bytes)

Stack: [0x000000385ad00000,0x000000385ae00000]
Native frames: (J=compiled Java code, j=interpreted, Vv=VM code, C=native code)
V  [jvm.dll+0x677d0a]
V  [jvm.dll+0x7d8c54]
V  [jvm.dll+0x7da3fe]
V  [jvm.dll+0x7daa63]
V  [jvm.dll+0x245c5f]
V  [jvm.dll+0xaaa6b]
V  [jvm.dll+0xab00c]
V  [jvm.dll+0x361e8e]
V  [jvm.dll+0x32c551]
V  [jvm.dll+0x32b9ea]
V  [jvm.dll+0x217fff]
V  [jvm.dll+0x217431]
V  [jvm.dll+0x1a3af0]
V  [jvm.dll+0x2270be]
V  [jvm.dll+0x22535b]
V  [jvm.dll+0x78e7bc]
V  [jvm.dll+0x788bba]
V  [jvm.dll+0x676b35]
C  [ucrtbase.dll+0x29333]
C  [KERNEL32.DLL+0x1257d]
C  [ntdll.dll+0x5af08]


---------------  P R O C E S S  ---------------

Threads class SMR info:
_java_thread_list=0x0000021d4c6551d0, length=18, elements={
0x0000021d67ed9c50, 0x0000021d063d9eb0, 0x0000021d063db4c0, 0x0000021d063f20d0,
0x0000021d063f5ba0, 0x0000021d063f6550, 0x0000021d063f6f00, 0x0000021d063f7c90,
0x0000021d0645f5b0, 0x0000021d0646b630, 0x0000021d065c0bc0, 0x0000021d06699ad0,
0x0000021d0685f180, 0x0000021d4c3eaf10, 0x0000021d4c3e1160, 0x0000021d4c5c4dc0,
0x0000021d4c5c5290, 0x0000021d4c3f4980
}

Java Threads: ( => current thread )
  0x0000021d67ed9c50 JavaThread "main" [_thread_blocked, id=46068, stack(0x0000003859e00000,0x0000003859f00000)]
  0x0000021d063d9eb0 JavaThread "Reference Handler" daemon [_thread_blocked, id=23960, stack(0x000000385a600000,0x000000385a700000)]
  0x0000021d063db4c0 JavaThread "Finalizer" daemon [_thread_blocked, id=26912, stack(0x000000385a700000,0x000000385a800000)]
  0x0000021d063f20d0 JavaThread "Signal Dispatcher" daemon [_thread_blocked, id=36680, stack(0x000000385a900000,0x000000385aa00000)]
  0x0000021d063f5ba0 JavaThread "Attach Listener" daemon [_thread_blocked, id=21100, stack(0x000000385aa00000,0x000000385ab00000)]
  0x0000021d063f6550 JavaThread "Service Thread" daemon [_thread_blocked, id=49452, stack(0x000000385ab00000,0x000000385ac00000)]
  0x0000021d063f6f00 JavaThread "Monitor Deflation Thread" daemon [_thread_blocked, id=66984, stack(0x000000385ac00000,0x000000385ad00000)]
=>0x0000021d063f7c90 JavaThread "C2 CompilerThread0" daemon [_thread_in_native, id=27916, stack(0x000000385ad00000,0x000000385ae00000)]
  0x0000021d0645f5b0 JavaThread "C1 CompilerThread0" daemon [_thread_blocked, id=25348, stack(0x000000385ae00000,0x000000385af00000)]
  0x0000021d0646b630 JavaThread "Sweeper thread" daemon [_thread_blocked, id=8212, stack(0x000000385af00000,0x000000385b000000)]
  0x0000021d065c0bc0 JavaThread "Common-Cleaner" daemon [_thread_blocked, id=9932, stack(0x000000385b000000,0x000000385b100000)]
  0x0000021d06699ad0 JavaThread "Notification Thread" daemon [_thread_blocked, id=18636, stack(0x000000385b100000,0x000000385b200000)]
  0x0000021d0685f180 JavaThread "RMI TCP Accept-0" daemon [_thread_in_native, id=19120, stack(0x000000385b600000,0x000000385b700000)]
  0x0000021d4c3eaf10 JavaThread "RMI TCP Accept-45557" daemon [_thread_in_native, id=8016, stack(0x000000385b700000,0x000000385b800000)]
  0x0000021d4c3e1160 JavaThread "RMI TCP Accept-0" daemon [_thread_in_native, id=45892, stack(0x000000385b800000,0x000000385b900000)]
  0x0000021d4c5c4dc0 JavaThread "Thread-0" [_thread_blocked, id=12992, stack(0x000000385ba00000,0x000000385bb00000)]
  0x0000021d4c5c5290 JavaThread "restartedMain" [_thread_in_vm, id=55012, stack(0x000000385bb00000,0x000000385bc00000)]
  0x0000021d4c3f4980 JavaThread "background-preinit" [_thread_in_vm, id=35016, stack(0x000000385be00000,0x000000385bf00000)]

Other Threads:
  0x0000021d063d46e0 VMThread "VM Thread" [stack: 0x000000385a500000,0x000000385a600000] [id=35744]
  0x0000021d4c5a8950 WatcherThread [stack: 0x000000385b900000,0x000000385ba00000] [id=8380]
  0x0000021d67f2d560 GCTaskThread "GC Thread#0" [stack: 0x000000385a000000,0x000000385a100000] [id=29436]
  0x0000021d4c3f1200 GCTaskThread "GC Thread#1" [stack: 0x000000385b200000,0x000000385b300000] [id=20392]
  0x0000021d4c4363d0 GCTaskThread "GC Thread#2" [stack: 0x000000385b300000,0x000000385b400000] [id=16372]
  0x0000021d4c436680 GCTaskThread "GC Thread#3" [stack: 0x000000385b400000,0x000000385b500000] [id=32832]
  0x0000021d67f3a0e0 ConcurrentGCThread "G1 Main Marker" [stack: 0x000000385a100000,0x000000385a200000] [id=13752]
  0x0000021d67f3bb00 ConcurrentGCThread "G1 Conc#0" [stack: 0x000000385a200000,0x000000385a300000] [id=15356]
  0x0000021d67f8d920 ConcurrentGCThread "G1 Refine#0" [stack: 0x000000385a300000,0x000000385a400000] [id=29196]
  0x0000021d4c3f1cc0 ConcurrentGCThread "G1 Refine#1" [stack: 0x000000385b500000,0x000000385b600000] [id=49608]
  0x0000021d67f8e340 ConcurrentGCThread "G1 Service" [stack: 0x000000385a400000,0x000000385a500000] [id=40208]

Threads with active compile tasks:
C2 CompilerThread0    55306 2319       4       java.lang.invoke.MethodType::makeImpl (109 bytes)

VM state: not at safepoint (normal execution)

VM Mutex/Monitor currently owned by a thread: None

Heap address: 0x00000000a1e00000, size: 1506 MB, Compressed Oops mode: 32-bit

CDS archive(s) mapped at: [0x0000021d07000000-0x0000021d07bd0000-0x0000021d07bd0000), size 12386304, SharedBaseAddress: 0x0000021d07000000, ArchiveRelocationMode: 1.
Compressed class space mapped at: 0x0000021d08000000-0x0000021d48000000, reserved size: 1073741824
Narrow klass base: 0x0000021d07000000, Narrow klass shift: 0, Narrow klass range: 0x100000000

GC Precious Log:
 CPUs: 4 total, 4 available
 Memory: 6023M
 Large Page Support: Disabled
 NUMA Support: Disabled
 Compressed Oops: Enabled (32-bit)
 Heap Region Size: 1M
 Heap Min Capacity: 8M
 Heap Initial Capacity: 96M
 Heap Max Capacity: 1506M
 Pre-touch: Disabled
 Parallel Workers: 4
 Concurrent Workers: 1
 Concurrent Refinement Workers: 4
 Periodic GC: Disabled

Heap:
 garbage-first heap   total 98304K, used 45911K [0x00000000a1e00000, 0x0000000100000000)
  region size 1024K, 39 young (39936K), 3 survivors (3072K)
 Metaspace       used 18872K, committed 19136K, reserved 1114112K
  class space    used 2303K, committed 2432K, reserved 1048576K

Heap Regions: E=young(eden), S=young(survivor), O=old, HS=humongous(starts), HC=humongous(continues), CS=collection set, F=free, OA=open archive, CA=closed archive, TAMS=top-at-mark-start (previous, next)
|   0|0x00000000a1e00000, 0x00000000a1f00000, 0x00000000a1f00000|100%|HS|  |TAMS 0x00000000a1e00000, 0x00000000a1e00000| Complete 
|   1|0x00000000a1f00000, 0x00000000a2000000, 0x00000000a2000000|100%| O|  |TAMS 0x00000000a1f00000, 0x00000000a1f00000| Untracked 
|   2|0x00000000a2000000, 0x00000000a2100000, 0x00000000a2100000|100%| O|  |TAMS 0x00000000a2000000, 0x00000000a2000000| Untracked 
|   3|0x00000000a2100000, 0x00000000a2200000, 0x00000000a2200000|100%| O|  |TAMS 0x00000000a2100000, 0x00000000a2100000| Untracked 
|   4|0x00000000a2200000, 0x00000000a2300000, 0x00000000a2300000|100%| O|  |TAMS 0x00000000a2200000, 0x00000000a2200000| Untracked 
|   5|0x00000000a2300000, 0x00000000a2400000, 0x00000000a2400000|100%| O|  |TAMS 0x00000000a2300000, 0x00000000a2300000| Untracked 
|   6|0x00000000a2400000, 0x00000000a2500000, 0x00000000a2500000|100%| O|  |TAMS 0x00000000a2400000, 0x00000000a2400000| Untracked 
|   7|0x00000000a2500000, 0x00000000a2600000, 0x00000000a2600000|100%| O|  |TAMS 0x00000000a2500000, 0x00000000a2500000| Untracked 
|   8|0x00000000a2600000, 0x00000000a26a6600, 0x00000000a2700000| 64%| O|  |TAMS 0x00000000a2600000, 0x00000000a2600000| Untracked 
|   9|0x00000000a2700000, 0x00000000a2700000, 0x00000000a2800000|  0%| F|  |TAMS 0x00000000a2700000, 0x00000000a2700000| Untracked 
|  10|0x00000000a2800000, 0x00000000a2800000, 0x00000000a2900000|  0%| F|  |TAMS 0x00000000a2800000, 0x00000000a2800000| Untracked 
|  11|0x00000000a2900000, 0x00000000a2900000, 0x00000000a2a00000|  0%| F|  |TAMS 0x00000000a2900000, 0x00000000a2900000| Untracked 
|  12|0x00000000a2a00000, 0x00000000a2a00000, 0x00000000a2b00000|  0%| F|  |TAMS 0x00000000a2a00000, 0x00000000a2a00000| Untracked 
|  13|0x00000000a2b00000, 0x00000000a2b00000, 0x00000000a2c00000|  0%| F|  |TAMS 0x00000000a2b00000, 0x00000000a2b00000| Untracked 
|  14|0x00000000a2c00000, 0x00000000a2c00000, 0x00000000a2d00000|  0%| F|  |TAMS 0x00000000a2c00000, 0x00000000a2c00000| Untracked 
|  15|0x00000000a2d00000, 0x00000000a2d00000, 0x00000000a2e00000|  0%| F|  |TAMS 0x00000000a2d00000, 0x00000000a2d00000| Untracked 
|  16|0x00000000a2e00000, 0x00000000a2e00000, 0x00000000a2f00000|  0%| F|  |TAMS 0x00000000a2e00000, 0x00000000a2e00000| Untracked 
|  17|0x00000000a2f00000, 0x00000000a2f00000, 0x00000000a3000000|  0%| F|  |TAMS 0x00000000a2f00000, 0x00000000a2f00000| Untracked 
|  18|0x00000000a3000000, 0x00000000a3000000, 0x00000000a3100000|  0%| F|  |TAMS 0x00000000a3000000, 0x00000000a3000000| Untracked 
|  19|0x00000000a3100000, 0x00000000a3100000, 0x00000000a3200000|  0%| F|  |TAMS 0x00000000a3100000, 0x00000000a3100000| Untracked 
|  20|0x00000000a3200000, 0x00000000a3200000, 0x00000000a3300000|  0%| F|  |TAMS 0x00000000a3200000, 0x00000000a3200000| Untracked 
|  21|0x00000000a3300000, 0x00000000a3300000, 0x00000000a3400000|  0%| F|  |TAMS 0x00000000a3300000, 0x00000000a3300000| Untracked 
|  22|0x00000000a3400000, 0x00000000a3400000, 0x00000000a3500000|  0%| F|  |TAMS 0x00000000a3400000, 0x00000000a3400000| Untracked 
|  23|0x00000000a3500000, 0x00000000a3500000, 0x00000000a3600000|  0%| F|  |TAMS 0x00000000a3500000, 0x00000000a3500000| Untracked 
|  24|0x00000000a3600000, 0x00000000a3600000, 0x00000000a3700000|  0%| F|  |TAMS 0x00000000a3600000, 0x00000000a3600000| Untracked 
|  25|0x00000000a3700000, 0x00000000a3700000, 0x00000000a3800000|  0%| F|  |TAMS 0x00000000a3700000, 0x00000000a3700000| Untracked 
|  26|0x00000000a3800000, 0x00000000a3800000, 0x00000000a3900000|  0%| F|  |TAMS 0x00000000a3800000, 0x00000000a3800000| Untracked 
|  27|0x00000000a3900000, 0x00000000a3900000, 0x00000000a3a00000|  0%| F|  |TAMS 0x00000000a3900000, 0x00000000a3900000| Untracked 
|  28|0x00000000a3a00000, 0x00000000a3a00000, 0x00000000a3b00000|  0%| F|  |TAMS 0x00000000a3a00000, 0x00000000a3a00000| Untracked 
|  29|0x00000000a3b00000, 0x00000000a3b00000, 0x00000000a3c00000|  0%| F|  |TAMS 0x00000000a3b00000, 0x00000000a3b00000| Untracked 
|  30|0x00000000a3c00000, 0x00000000a3c00000, 0x00000000a3d00000|  0%| F|  |TAMS 0x00000000a3c00000, 0x00000000a3c00000| Untracked 
|  31|0x00000000a3d00000, 0x00000000a3d00000, 0x00000000a3e00000|  0%| F|  |TAMS 0x00000000a3d00000, 0x00000000a3d00000| Untracked 
|  32|0x00000000a3e00000, 0x00000000a3e00000, 0x00000000a3f00000|  0%| F|  |TAMS 0x00000000a3e00000, 0x00000000a3e00000| Untracked 
|  33|0x00000000a3f00000, 0x00000000a3f00000, 0x00000000a4000000|  0%| F|  |TAMS 0x00000000a3f00000, 0x00000000a3f00000| Untracked 
|  34|0x00000000a4000000, 0x00000000a4000000, 0x00000000a4100000|  0%| F|  |TAMS 0x00000000a4000000, 0x00000000a4000000| Untracked 
|  35|0x00000000a4100000, 0x00000000a4100000, 0x00000000a4200000|  0%| F|  |TAMS 0x00000000a4100000, 0x00000000a4100000| Untracked 
|  36|0x00000000a4200000, 0x00000000a4200000, 0x00000000a4300000|  0%| F|  |TAMS 0x00000000a4200000, 0x00000000a4200000| Untracked 
|  37|0x00000000a4300000, 0x00000000a4300000, 0x00000000a4400000|  0%| F|  |TAMS 0x00000000a4300000, 0x00000000a4300000| Untracked 
|  38|0x00000000a4400000, 0x00000000a4400000, 0x00000000a4500000|  0%| F|  |TAMS 0x00000000a4400000, 0x00000000a4400000| Untracked 
|  39|0x00000000a4500000, 0x00000000a4500000, 0x00000000a4600000|  0%| F|  |TAMS 0x00000000a4500000, 0x00000000a4500000| Untracked 
|  40|0x00000000a4600000, 0x00000000a4600000, 0x00000000a4700000|  0%| F|  |TAMS 0x00000000a4600000, 0x00000000a4600000| Untracked 
|  41|0x00000000a4700000, 0x00000000a4700000, 0x00000000a4800000|  0%| F|  |TAMS 0x00000000a4700000, 0x00000000a4700000| Untracked 
|  42|0x00000000a4800000, 0x00000000a4800000, 0x00000000a4900000|  0%| F|  |TAMS 0x00000000a4800000, 0x00000000a4800000| Untracked 
|  43|0x00000000a4900000, 0x00000000a4900000, 0x00000000a4a00000|  0%| F|  |TAMS 0x00000000a4900000, 0x00000000a4900000| Untracked 
|  44|0x00000000a4a00000, 0x00000000a4a00000, 0x00000000a4b00000|  0%| F|  |TAMS 0x00000000a4a00000, 0x00000000a4a00000| Untracked 
|  45|0x00000000a4b00000, 0x00000000a4b00000, 0x00000000a4c00000|  0%| F|  |TAMS 0x00000000a4b00000, 0x00000000a4b00000| Untracked 
|  46|0x00000000a4c00000, 0x00000000a4c00000, 0x00000000a4d00000|  0%| F|  |TAMS 0x00000000a4c00000, 0x00000000a4c00000| Untracked 
|  47|0x00000000a4d00000, 0x00000000a4d00000, 0x00000000a4e00000|  0%| F|  |TAMS 0x00000000a4d00000, 0x00000000a4d00000| Untracked 
|  48|0x00000000a4e00000, 0x00000000a4e00000, 0x00000000a4f00000|  0%| F|  |TAMS 0x00000000a4e00000, 0x00000000a4e00000| Untracked 
|  49|0x00000000a4f00000, 0x00000000a4f00000, 0x00000000a5000000|  0%| F|  |TAMS 0x00000000a4f00000, 0x00000000a4f00000| Untracked 
|  50|0x00000000a5000000, 0x00000000a5000000, 0x00000000a5100000|  0%| F|  |TAMS 0x00000000a5000000, 0x00000000a5000000| Untracked 
|  51|0x00000000a5100000, 0x00000000a5100000, 0x00000000a5200000|  0%| F|  |TAMS 0x00000000a5100000, 0x00000000a5100000| Untracked 
|  52|0x00000000a5200000, 0x00000000a5200000, 0x00000000a5300000|  0%| F|  |TAMS 0x00000000a5200000, 0x00000000a5200000| Untracked 
|  53|0x00000000a5300000, 0x00000000a5300000, 0x00000000a5400000|  0%| F|  |TAMS 0x00000000a5300000, 0x00000000a5300000| Untracked 
|  54|0x00000000a5400000, 0x00000000a5400000, 0x00000000a5500000|  0%| F|  |TAMS 0x00000000a5400000, 0x00000000a5400000| Untracked 
|  55|0x00000000a5500000, 0x00000000a5500000, 0x00000000a5600000|  0%| F|  |TAMS 0x00000000a5500000, 0x00000000a5500000| Untracked 
|  56|0x00000000a5600000, 0x00000000a5600000, 0x00000000a5700000|  0%| F|  |TAMS 0x00000000a5600000, 0x00000000a5600000| Untracked 
|  57|0x00000000a5700000, 0x00000000a57bcc68, 0x00000000a5800000| 73%| E|  |TAMS 0x00000000a5700000, 0x00000000a5700000| Complete 
|  58|0x00000000a5800000, 0x00000000a5900000, 0x00000000a5900000|100%| E|CS|TAMS 0x00000000a5800000, 0x00000000a5800000| Complete 
|  59|0x00000000a5900000, 0x00000000a5a00000, 0x00000000a5a00000|100%| E|CS|TAMS 0x00000000a5900000, 0x00000000a5900000| Complete 
|  60|0x00000000a5a00000, 0x00000000a5b00000, 0x00000000a5b00000|100%| E|CS|TAMS 0x00000000a5a00000, 0x00000000a5a00000| Complete 
|  61|0x00000000a5b00000, 0x00000000a5c00000, 0x00000000a5c00000|100%| E|CS|TAMS 0x00000000a5b00000, 0x00000000a5b00000| Complete 
|  62|0x00000000a5c00000, 0x00000000a5d00000, 0x00000000a5d00000|100%| E|CS|TAMS 0x00000000a5c00000, 0x00000000a5c00000| Complete 
|  63|0x00000000a5d00000, 0x00000000a5e00000, 0x00000000a5e00000|100%| E|CS|TAMS 0x00000000a5d00000, 0x00000000a5d00000| Complete 
|  64|0x00000000a5e00000, 0x00000000a5f00000, 0x00000000a5f00000|100%| E|CS|TAMS 0x00000000a5e00000, 0x00000000a5e00000| Complete 
|  65|0x00000000a5f00000, 0x00000000a6000000, 0x00000000a6000000|100%| E|CS|TAMS 0x00000000a5f00000, 0x00000000a5f00000| Complete 
|  66|0x00000000a6000000, 0x00000000a6100000, 0x00000000a6100000|100%| E|CS|TAMS 0x00000000a6000000, 0x00000000a6000000| Complete 
|  67|0x00000000a6100000, 0x00000000a6200000, 0x00000000a6200000|100%| E|  |TAMS 0x00000000a6100000, 0x00000000a6100000| Complete 
|  68|0x00000000a6200000, 0x00000000a6300000, 0x00000000a6300000|100%| E|CS|TAMS 0x00000000a6200000, 0x00000000a6200000| Complete 
|  69|0x00000000a6300000, 0x00000000a6400000, 0x00000000a6400000|100%| E|CS|TAMS 0x00000000a6300000, 0x00000000a6300000| Complete 
|  70|0x00000000a6400000, 0x00000000a6500000, 0x00000000a6500000|100%| E|CS|TAMS 0x00000000a6400000, 0x00000000a6400000| Complete 
|  71|0x00000000a6500000, 0x00000000a6600000, 0x00000000a6600000|100%| E|CS|TAMS 0x00000000a6500000, 0x00000000a6500000| Complete 
|  72|0x00000000a6600000, 0x00000000a6700000, 0x00000000a6700000|100%| E|CS|TAMS 0x00000000a6600000, 0x00000000a6600000| Complete 
|  73|0x00000000a6700000, 0x00000000a6800000, 0x00000000a6800000|100%| E|CS|TAMS 0x00000000a6700000, 0x00000000a6700000| Complete 
|  74|0x00000000a6800000, 0x00000000a6900000, 0x00000000a6900000|100%| E|CS|TAMS 0x00000000a6800000, 0x00000000a6800000| Complete 
|  75|0x00000000a6900000, 0x00000000a692f940, 0x00000000a6a00000| 18%| S|CS|TAMS 0x00000000a6900000, 0x00000000a6900000| Complete 
|  76|0x00000000a6a00000, 0x00000000a6b00000, 0x00000000a6b00000|100%| S|CS|TAMS 0x00000000a6a00000, 0x00000000a6a00000| Complete 
|  77|0x00000000a6b00000, 0x00000000a6c00000, 0x00000000a6c00000|100%| S|CS|TAMS 0x00000000a6b00000, 0x00000000a6b00000| Complete 
|  78|0x00000000a6c00000, 0x00000000a6d00000, 0x00000000a6d00000|100%| E|CS|TAMS 0x00000000a6c00000, 0x00000000a6c00000| Complete 
|  79|0x00000000a6d00000, 0x00000000a6e00000, 0x00000000a6e00000|100%| E|CS|TAMS 0x00000000a6d00000, 0x00000000a6d00000| Complete 
|  80|0x00000000a6e00000, 0x00000000a6f00000, 0x00000000a6f00000|100%| E|CS|TAMS 0x00000000a6e00000, 0x00000000a6e00000| Complete 
|  81|0x00000000a6f00000, 0x00000000a7000000, 0x00000000a7000000|100%| E|CS|TAMS 0x00000000a6f00000, 0x00000000a6f00000| Complete 
|  82|0x00000000a7000000, 0x00000000a7100000, 0x00000000a7100000|100%| E|CS|TAMS 0x00000000a7000000, 0x00000000a7000000| Complete 
|  83|0x00000000a7100000, 0x00000000a7200000, 0x00000000a7200000|100%| E|CS|TAMS 0x00000000a7100000, 0x00000000a7100000| Complete 
|  84|0x00000000a7200000, 0x00000000a7300000, 0x00000000a7300000|100%| E|CS|TAMS 0x00000000a7200000, 0x00000000a7200000| Complete 
|  85|0x00000000a7300000, 0x00000000a7400000, 0x00000000a7400000|100%| E|CS|TAMS 0x00000000a7300000, 0x00000000a7300000| Complete 
|  86|0x00000000a7400000, 0x00000000a7500000, 0x00000000a7500000|100%| E|CS|TAMS 0x00000000a7400000, 0x00000000a7400000| Complete 
|  87|0x00000000a7500000, 0x00000000a7600000, 0x00000000a7600000|100%| E|CS|TAMS 0x00000000a7500000, 0x00000000a7500000| Complete 
|  88|0x00000000a7600000, 0x00000000a7700000, 0x00000000a7700000|100%| E|CS|TAMS 0x00000000a7600000, 0x00000000a7600000| Complete 
|  89|0x00000000a7700000, 0x00000000a7800000, 0x00000000a7800000|100%| E|CS|TAMS 0x00000000a7700000, 0x00000000a7700000| Complete 
|  90|0x00000000a7800000, 0x00000000a7900000, 0x00000000a7900000|100%| E|CS|TAMS 0x00000000a7800000, 0x00000000a7800000| Complete 
|  91|0x00000000a7900000, 0x00000000a7a00000, 0x00000000a7a00000|100%| E|CS|TAMS 0x00000000a7900000, 0x00000000a7900000| Complete 
|  92|0x00000000a7a00000, 0x00000000a7b00000, 0x00000000a7b00000|100%| E|CS|TAMS 0x00000000a7a00000, 0x00000000a7a00000| Complete 
|  93|0x00000000a7b00000, 0x00000000a7c00000, 0x00000000a7c00000|100%| E|CS|TAMS 0x00000000a7b00000, 0x00000000a7b00000| Complete 
|  94|0x00000000a7c00000, 0x00000000a7d00000, 0x00000000a7d00000|100%| E|CS|TAMS 0x00000000a7c00000, 0x00000000a7c00000| Complete 
|  95|0x00000000a7d00000, 0x00000000a7e00000, 0x00000000a7e00000|100%| E|CS|TAMS 0x00000000a7d00000, 0x00000000a7d00000| Complete 

Card table byte_map: [0x0000021d00930000,0x0000021d00c30000] _byte_map_base: 0x0000021d00421000

Marking Bits (Prev, Next): (CMBitMap*) 0x0000021d67f2db70, (CMBitMap*) 0x0000021d67f2dbb0
 Prev Bits: [0x0000021d00f30000, 0x0000021d026b8000)
 Next Bits: [0x0000021d026c0000, 0x0000021d03e48000)

Polling page: 0x0000021d67f90000

Metaspace:

Usage:
  Non-class:     16.18 MB used.
      Class:      2.25 MB used.
       Both:     18.43 MB used.

Virtual space:
  Non-class space:       64.00 MB reserved,      16.31 MB ( 25%) committed,  1 nodes.
      Class space:        1.00 GB reserved,       2.38 MB ( <1%) committed,  1 nodes.
             Both:        1.06 GB reserved,      18.69 MB (  2%) committed. 

Chunk freelists:
   Non-Class:  15.48 MB
       Class:  13.48 MB
        Both:  28.96 MB

MaxMetaspaceSize: unlimited
CompressedClassSpaceSize: 1.00 GB
Initial GC threshold: 21.00 MB
Current GC threshold: 21.00 MB
CDS: on
MetaspaceReclaimPolicy: balanced
 - commit_granule_bytes: 65536.
 - commit_granule_words: 8192.
 - virtual_space_node_default_size: 8388608.
 - enlarge_chunks_in_place: 1.
 - new_chunks_are_fully_committed: 0.
 - uncommit_free_chunks: 1.
 - use_allocation_guard: 0.
 - handle_deallocations: 1.


Internal statistics:

num_allocs_failed_limit: 0.
num_arena_births: 244.
num_arena_deaths: 0.
num_vsnodes_births: 2.
num_vsnodes_deaths: 0.
num_space_committed: 299.
num_space_uncommitted: 0.
num_chunks_returned_to_freelist: 0.
num_chunks_taken_from_freelist: 735.
num_chunk_merges: 0.
num_chunk_splits: 516.
num_chunks_enlarged: 413.
num_purges: 0.
num_inconsistent_stats: 0.

CodeHeap 'non-profiled nmethods': size=120000Kb used=946Kb max_used=946Kb free=119053Kb
 bounds [0x0000021d78a20000, 0x0000021d78c90000, 0x0000021d7ff50000]
CodeHeap 'profiled nmethods': size=120000Kb used=4652Kb max_used=4652Kb free=115347Kb
 bounds [0x0000021d70f50000, 0x0000021d713e0000, 0x0000021d78480000]
CodeHeap 'non-nmethods': size=5760Kb used=1209Kb max_used=1242Kb free=4551Kb
 bounds [0x0000021d78480000, 0x0000021d786f0000, 0x0000021d78a20000]
 total_blobs=2823 nmethods=2313 adapters=422
 compilation: enabled
              stopped_count=0, restarted_count=0
 full_count=0

Compilation events (20 events):
Event: 54.821 Thread 0x0000021d0645f5b0 nmethod 2314 0x0000021d713d0310 code [0x0000021d713d0540, 0x0000021d713d0f98]
Event: 54.821 Thread 0x0000021d0645f5b0 2317       3       org.springframework.util.StringUtils::cleanPath (322 bytes)
Event: 54.831 Thread 0x0000021d0645f5b0 nmethod 2317 0x0000021d713d1290 code [0x0000021d713d19a0, 0x0000021d713d58f8]
Event: 54.831 Thread 0x0000021d0645f5b0 2315       3       org.springframework.util.AntPathMatcher$AntPathStringMatcher::matchStrings (178 bytes)
Event: 54.833 Thread 0x0000021d0645f5b0 nmethod 2315 0x0000021d713d6e90 code [0x0000021d713d7160, 0x0000021d713d7e68]
Event: 54.833 Thread 0x0000021d0645f5b0 2318       3       java.util.stream.ForEachOps$ForEachOp$OfRef::accept (11 bytes)
Event: 54.833 Thread 0x0000021d0645f5b0 nmethod 2318 0x0000021d713d8410 code [0x0000021d713d85c0, 0x0000021d713d8788]
Event: 54.842 Thread 0x0000021d063f7c90 2319       4       java.lang.invoke.MethodType::makeImpl (109 bytes)
Event: 54.854 Thread 0x0000021d0645f5b0 2321       3       java.util.Calendar::internalSet (8 bytes)
Event: 54.854 Thread 0x0000021d0645f5b0 nmethod 2321 0x0000021d713d8890 code [0x0000021d713d8a20, 0x0000021d713d8b58]
Event: 54.895 Thread 0x0000021d0645f5b0 2323   !   3       java.nio.charset.CharsetDecoder::decode (275 bytes)
Event: 54.899 Thread 0x0000021d0645f5b0 nmethod 2323 0x0000021d713d8c10 code [0x0000021d713d8f40, 0x0000021d713da3e8]
Event: 54.906 Thread 0x0000021d0645f5b0 2324       3       java.lang.invoke.LambdaForm$DMH/0x0000021d08108000::invokeStatic (31 bytes)
Event: 54.907 Thread 0x0000021d0645f5b0 nmethod 2324 0x0000021d713daa90 code [0x0000021d713dac60, 0x0000021d713db0f8]
Event: 55.090 Thread 0x0000021d0645f5b0 2325       1       java.security.Provider$Service::getType (5 bytes)
Event: 55.091 Thread 0x0000021d0645f5b0 nmethod 2325 0x0000021d78b0bf90 code [0x0000021d78b0c120, 0x0000021d78b0c1f8]
Event: 55.091 Thread 0x0000021d0645f5b0 2326       1       java.security.Provider$Service::getAlgorithm (5 bytes)
Event: 55.091 Thread 0x0000021d0645f5b0 nmethod 2326 0x0000021d78b0c290 code [0x0000021d78b0c420, 0x0000021d78b0c4f8]
Event: 55.091 Thread 0x0000021d0645f5b0 2327       1       java.security.Provider$Service::getAliases (5 bytes)
Event: 55.091 Thread 0x0000021d0645f5b0 nmethod 2327 0x0000021d78b0c590 code [0x0000021d78b0c720, 0x0000021d78b0c7f8]

GC Heap History (6 events):
Event: 17.853 GC heap before
{Heap before GC invocations=0 (full 0):
 garbage-first heap   total 98304K, used 13312K [0x00000000a1e00000, 0x0000000100000000)
  region size 1024K, 13 young (13312K), 0 survivors (0K)
 Metaspace       used 3928K, committed 4160K, reserved 1114112K
  class space    used 413K, committed 512K, reserved 1048576K
}
Event: 18.133 GC heap after
{Heap after GC invocations=1 (full 0):
 garbage-first heap   total 98304K, used 9016K [0x00000000a1e00000, 0x0000000100000000)
  region size 1024K, 2 young (2048K), 2 survivors (2048K)
 Metaspace       used 3928K, committed 4160K, reserved 1114112K
  class space    used 413K, committed 512K, reserved 1048576K
}
Event: 28.794 GC heap before
{Heap before GC invocations=1 (full 0):
 garbage-first heap   total 98304K, used 15160K [0x00000000a1e00000, 0x0000000100000000)
  region size 1024K, 9 young (9216K), 2 survivors (2048K)
 Metaspace       used 6880K, committed 7040K, reserved 1114112K
  class space    used 761K, committed 832K, reserved 1048576K
}
Event: 28.802 GC heap after
{Heap after GC invocations=2 (full 0):
 garbage-first heap   total 98304K, used 10107K [0x00000000a1e00000, 0x0000000100000000)
  region size 1024K, 2 young (2048K), 2 survivors (2048K)
 Metaspace       used 6880K, committed 7040K, reserved 1114112K
  class space    used 761K, committed 832K, reserved 1048576K
}
Event: 38.484 GC heap before
{Heap before GC invocations=2 (full 0):
 garbage-first heap   total 98304K, used 26491K [0x00000000a1e00000, 0x0000000100000000)
  region size 1024K, 18 young (18432K), 2 survivors (2048K)
 Metaspace       used 10000K, committed 10240K, reserved 1114112K
  class space    used 1173K, committed 1280K, reserved 1048576K
}
Event: 38.490 GC heap after
{Heap after GC invocations=3 (full 0):
 garbage-first heap   total 98304K, used 11095K [0x00000000a1e00000, 0x0000000100000000)
  region size 1024K, 3 young (3072K), 3 survivors (3072K)
 Metaspace       used 10000K, committed 10240K, reserved 1114112K
  class space    used 1173K, committed 1280K, reserved 1048576K
}

Deoptimization events (20 events):
Event: 53.135 Thread 0x0000021d4c5c5290 Uncommon trap: trap_request=0xffffff45 fr.pc=0x0000021d78a6cfc4 relative=0x0000000000000224
Event: 53.135 Thread 0x0000021d4c5c5290 Uncommon trap: reason=unstable_if action=reinterpret pc=0x0000021d78a6cfc4 method=java.util.zip.ZipCoder.hash(Ljava/lang/String;)I @ 23 c2
Event: 53.135 Thread 0x0000021d4c5c5290 DEOPT PACKING pc=0x0000021d78a6cfc4 sp=0x000000385bbfd2f0
Event: 53.135 Thread 0x0000021d4c5c5290 DEOPT UNPACKING pc=0x0000021d784d23a3 sp=0x000000385bbfd288 mode 2
Event: 53.154 Thread 0x0000021d4c5c5290 Uncommon trap: trap_request=0xffffff45 fr.pc=0x0000021d78ae4718 relative=0x0000000000000438
Event: 53.154 Thread 0x0000021d4c5c5290 Uncommon trap: reason=unstable_if action=reinterpret pc=0x0000021d78ae4718 method=java.util.StringTokenizer.scanToken(I)I @ 42 c2
Event: 53.154 Thread 0x0000021d4c5c5290 DEOPT PACKING pc=0x0000021d78ae4718 sp=0x000000385bbfcf60
Event: 53.154 Thread 0x0000021d4c5c5290 DEOPT UNPACKING pc=0x0000021d784d23a3 sp=0x000000385bbfcf00 mode 2
Event: 53.154 Thread 0x0000021d4c5c5290 Uncommon trap: trap_request=0xffffff45 fr.pc=0x0000021d78b06b84 relative=0x00000000000001e4
Event: 53.154 Thread 0x0000021d4c5c5290 Uncommon trap: reason=unstable_if action=reinterpret pc=0x0000021d78b06b84 method=java.util.StringTokenizer.skipDelimiters(I)I @ 64 c2
Event: 53.154 Thread 0x0000021d4c5c5290 DEOPT PACKING pc=0x0000021d78b06b84 sp=0x000000385bbfcf80
Event: 53.154 Thread 0x0000021d4c5c5290 DEOPT UNPACKING pc=0x0000021d784d23a3 sp=0x000000385bbfcf10 mode 2
Event: 53.202 Thread 0x0000021d4c3f4980 Uncommon trap: trap_request=0xffffff45 fr.pc=0x0000021d78adb430 relative=0x0000000000000290
Event: 53.202 Thread 0x0000021d4c3f4980 Uncommon trap: reason=unstable_if action=reinterpret pc=0x0000021d78adb430 method=java.util.LinkedHashMap.get(Ljava/lang/Object;)Ljava/lang/Object; @ 16 c2
Event: 53.202 Thread 0x0000021d4c3f4980 DEOPT PACKING pc=0x0000021d78adb430 sp=0x000000385befe480
Event: 53.202 Thread 0x0000021d4c3f4980 DEOPT UNPACKING pc=0x0000021d784d23a3 sp=0x000000385befe448 mode 2
Event: 53.871 Thread 0x0000021d4c3f4980 DEOPT PACKING pc=0x0000021d7104f2b1 sp=0x000000385befde60
Event: 53.871 Thread 0x0000021d4c3f4980 DEOPT UNPACKING pc=0x0000021d784d2b43 sp=0x000000385befd358 mode 0
Event: 54.891 Thread 0x0000021d4c3f4980 DEOPT PACKING pc=0x0000021d7104f2b1 sp=0x000000385befe010
Event: 54.891 Thread 0x0000021d4c3f4980 DEOPT UNPACKING pc=0x0000021d784d2b43 sp=0x000000385befd508 mode 0

Classes unloaded (0 events):
No events

Classes redefined (0 events):
No events

Internal exceptions (20 events):
Event: 42.229 Thread 0x0000021d4c5c5290 Exception <a 'java/lang/NoSuchMethodError'{0x00000000a7940150}: 'void java.lang.invoke.DirectMethodHandle$Holder.invokeInterface(java.lang.Object, java.lang.Object, java.lang.Object)'> (0x00000000a7940150) 
thrown [s\open\src\hotspot\share\interpreter\linkResolver.cpp, line 759]
Event: 42.700 Thread 0x0000021d4c5c5290 Exception <a 'java/lang/NoSuchMethodError'{0x00000000a79d3e78}: 'java.lang.Object java.lang.invoke.DirectMethodHandle$Holder.invokeVirtual(java.lang.Object, java.lang.Object, java.lang.Object)'> (0x00000000a79d3e78) 
thrown [s\open\src\hotspot\share\interpreter\linkResolver.cpp, line 759]
Event: 42.739 Thread 0x0000021d4c5c5290 Exception <a 'java/lang/NoSuchMethodError'{0x00000000a780b008}: 'void java.lang.invoke.DirectMethodHandle$Holder.invokeStaticInit(java.lang.Object, java.lang.Object, java.lang.Object)'> (0x00000000a780b008) 
thrown [s\open\src\hotspot\share\interpreter\linkResolver.cpp, line 759]
Event: 43.105 Thread 0x0000021d4c5c5290 Exception <a 'java/lang/NoSuchMethodError'{0x00000000a785aef0}: 'java.lang.Object java.lang.invoke.DirectMethodHandle$Holder.invokeStatic(java.lang.Object, java.lang.Object, long, java.lang.Object)'> (0x00000000a785aef0) 
thrown [s\open\src\hotspot\share\interpreter\linkResolver.cpp, line 759]
Event: 43.106 Thread 0x0000021d4c5c5290 Exception <a 'java/lang/NoSuchMethodError'{0x00000000a785e988}: 'java.lang.Object java.lang.invoke.DirectMethodHandle$Holder.invokeStaticInit(java.lang.Object, java.lang.Object, long, java.lang.Object)'> (0x00000000a785e988) 
thrown [s\open\src\hotspot\share\interpreter\linkResolver.cpp, line 759]
Event: 43.110 Thread 0x0000021d4c5c5290 Exception <a 'java/lang/NoSuchMethodError'{0x00000000a78651e0}: 'java.lang.Object java.lang.invoke.DirectMethodHandle$Holder.newInvokeSpecial(java.lang.Object, java.lang.Object, long)'> (0x00000000a78651e0) 
thrown [s\open\src\hotspot\share\interpreter\linkResolver.cpp, line 759]
Event: 43.113 Thread 0x0000021d4c5c5290 Exception <a 'java/lang/NoSuchMethodError'{0x00000000a7868d50}: 'java.lang.Object java.lang.invoke.Invokers$Holder.linkToTargetMethod(java.lang.Object, long, java.lang.Object)'> (0x00000000a7868d50) 
thrown [s\open\src\hotspot\share\interpreter\linkResolver.cpp, line 759]
Event: 43.371 Thread 0x0000021d4c5c5290 Exception <a 'java/lang/NoSuchMethodError'{0x00000000a78bcba0}: 'void java.lang.invoke.DirectMethodHandle$Holder.invokeSpecial(java.lang.Object, java.lang.Object, java.lang.Object, java.lang.Object, java.lang.Object)'> (0x00000000a78bcba0) 
thrown [s\open\src\hotspot\share\interpreter\linkResolver.cpp, line 759]
Event: 43.375 Thread 0x0000021d4c5c5290 Exception <a 'java/lang/NoSuchMethodError'{0x00000000a78c51b8}: 'void java.lang.invoke.DirectMethodHandle$Holder.invokeVirtual(java.lang.Object, java.lang.Object, java.lang.Object, java.lang.Object)'> (0x00000000a78c51b8) 
thrown [s\open\src\hotspot\share\interpreter\linkResolver.cpp, line 759]
Event: 45.664 Thread 0x0000021d4c5c5290 Exception <a 'java/lang/NoSuchMethodError'{0x00000000a761a820}: 'void java.lang.invoke.DirectMethodHandle$Holder.invokeSpecial(java.lang.Object, java.lang.Object, java.lang.Object)'> (0x00000000a761a820) 
thrown [s\open\src\hotspot\share\interpreter\linkResolver.cpp, line 759]
Event: 45.685 Thread 0x0000021d4c5c5290 Exception <a 'java/lang/IncompatibleClassChangeError'{0x00000000a764bd10}: Found class java.lang.Object, but interface was expected> (0x00000000a764bd10) 
thrown [s\open\src\hotspot\share\interpreter\linkResolver.cpp, line 826]
Event: 52.851 Thread 0x0000021d4c3f4980 Exception <a 'java/lang/NoSuchMethodError'{0x00000000a5b86178}: 'long java.lang.invoke.DirectMethodHandle$Holder.invokeSpecial(java.lang.Object, java.lang.Object)'> (0x00000000a5b86178) 
thrown [s\open\src\hotspot\share\interpreter\linkResolver.cpp, line 759]
Event: 52.856 Thread 0x0000021d4c3f4980 Exception <a 'java/lang/NoSuchMethodError'{0x00000000a5b913a0}: 'long java.lang.invoke.DirectMethodHandle$Holder.invokeStatic(java.lang.Object, java.lang.Object)'> (0x00000000a5b913a0) 
thrown [s\open\src\hotspot\share\interpreter\linkResolver.cpp, line 759]
Event: 52.974 Thread 0x0000021d4c3f4980 Exception <a 'java/lang/NoSuchMethodError'{0x00000000a5b949a0}: 'long java.lang.invoke.DirectMethodHandle$Holder.invokeStaticInit(java.lang.Object, java.lang.Object)'> (0x00000000a5b949a0) 
thrown [s\open\src\hotspot\share\interpreter\linkResolver.cpp, line 759]
Event: 52.979 Thread 0x0000021d4c3f4980 Exception <a 'java/lang/NoSuchMethodError'{0x00000000a5ba24c8}: 'long java.lang.invoke.DirectMethodHandle$Holder.invokeInterface(java.lang.Object, java.lang.Object)'> (0x00000000a5ba24c8) 
thrown [s\open\src\hotspot\share\interpreter\linkResolver.cpp, line 759]
Event: 52.979 Thread 0x0000021d4c3f4980 Exception <a 'java/lang/IncompatibleClassChangeError'{0x00000000a5a01380}: Found class java.lang.Object, but interface was expected> (0x00000000a5a01380) 
thrown [s\open\src\hotspot\share\interpreter\linkResolver.cpp, line 826]
Event: 53.060 Thread 0x0000021d4c3f4980 Exception <a 'java/lang/NoSuchMethodError'{0x00000000a5ad8d88}: 'java.lang.Object java.lang.invoke.DirectMethodHandle$Holder.invokeVirtual(java.lang.Object, java.lang.Object, java.lang.Object, java.lang.Object)'> (0x00000000a5ad8d88) 
thrown [s\open\src\hotspot\share\interpreter\linkResolver.cpp, line 759]
Event: 53.140 Thread 0x0000021d4c5c5290 Exception <a 'sun/nio/fs/WindowsException'{0x00000000a59601b0}> (0x00000000a59601b0) 
thrown [s\open\src\hotspot\share\prims\jni.cpp, line 516]
Event: 53.144 Thread 0x0000021d4c5c5290 Exception <a 'java/lang/NoSuchMethodError'{0x00000000a5961740}: 'int java.lang.invoke.DirectMethodHandle$Holder.invokeSpecial(java.lang.Object, java.lang.Object, java.lang.Object, java.lang.Object, java.lang.Object)'> (0x00000000a5961740) 
thrown [s\open\src\hotspot\share\interpreter\linkResolver.cpp, line 759]
Event: 53.149 Thread 0x0000021d4c5c5290 Exception <a 'java/lang/NoSuchMethodError'{0x00000000a596a178}: 'void java.lang.invoke.DirectMethodHandle$Holder.invokeVirtual(java.lang.Object, java.lang.Object)'> (0x00000000a596a178) 
thrown [s\open\src\hotspot\share\interpreter\linkResolver.cpp, line 759]

VM Operations (20 events):
Event: 45.642 Executing VM operation: HandshakeAllThreads
Event: 45.642 Executing VM operation: HandshakeAllThreads done
Event: 45.643 Executing VM operation: HandshakeAllThreads
Event: 45.643 Executing VM operation: HandshakeAllThreads done
Event: 46.654 Executing VM operation: Cleanup
Event: 47.368 Executing VM operation: Cleanup done
Event: 48.371 Executing VM operation: Cleanup
Event: 48.463 Executing VM operation: Cleanup done
Event: 49.466 Executing VM operation: Cleanup
Event: 50.020 Executing VM operation: Cleanup done
Event: 51.026 Executing VM operation: Cleanup
Event: 51.346 Executing VM operation: Cleanup done
Event: 52.359 Executing VM operation: Cleanup
Event: 52.441 Executing VM operation: Cleanup done
Event: 52.459 Executing VM operation: HandshakeAllThreads
Event: 52.459 Executing VM operation: HandshakeAllThreads done
Event: 52.862 Executing VM operation: HandshakeAllThreads
Event: 52.973 Executing VM operation: HandshakeAllThreads done
Event: 53.987 Executing VM operation: Cleanup
Event: 54.833 Executing VM operation: Cleanup done

Events (20 events):
Event: 53.195 loading class sun/util/PropertyResourceBundleCharset
Event: 53.195 loading class sun/util/PropertyResourceBundleCharset done
Event: 53.195 loading class sun/util/PropertyResourceBundleCharset$PropertiesFileDecoder
Event: 53.196 loading class sun/util/PropertyResourceBundleCharset$PropertiesFileDecoder done
Event: 53.843 loading class javax/security/auth/login/LoginException
Event: 53.847 loading class javax/security/auth/login/LoginException done
Event: 54.862 loading class java/lang/AssertionError
Event: 54.868 loading class java/lang/AssertionError done
Event: 54.913 loading class java/security/NoSuchAlgorithmException
Event: 54.931 loading class java/security/NoSuchAlgorithmException done
Event: 54.931 loading class java/security/NoSuchProviderException
Event: 54.954 loading class java/security/NoSuchProviderException done
Event: 54.975 loading class sun/security/rsa/SunRsaSign
Event: 55.027 loading class sun/security/rsa/SunRsaSign done
Event: 55.027 loading class sun/security/rsa/SunRsaSignEntries
Event: 55.089 loading class sun/security/rsa/SunRsaSignEntries done
Event: 55.091 loading class sun/security/jca/ProviderConfig$3
Event: 55.140 loading class sun/security/jca/ProviderConfig$3 done
Event: 55.140 loading class sun/security/jca/ProviderConfig$ProviderLoader
Event: 55.147 loading class sun/security/jca/ProviderConfig$ProviderLoader done


Dynamic libraries:
0x00007ff7a01e0000 - 0x00007ff7a01f0000 	C:\Program Files\Java\jdk-17\bin\java.exe
0x00007ff959bb0000 - 0x00007ff959dc7000 	C:\windows\SYSTEM32\ntdll.dll
0x00007ff958730000 - 0x00007ff9587f4000 	C:\windows\System32\KERNEL32.DLL
0x00007ff9572a0000 - 0x00007ff957657000 	C:\windows\System32\KERNELBASE.dll
0x00007ff957180000 - 0x00007ff957291000 	C:\windows\System32\ucrtbase.dll
0x00007ff925740000 - 0x00007ff925759000 	C:\Program Files\Java\jdk-17\bin\jli.dll
0x00007ff959340000 - 0x00007ff9593f2000 	C:\windows\System32\ADVAPI32.dll
0x00007ff959640000 - 0x00007ff9596e7000 	C:\windows\System32\msvcrt.dll
0x00007ff9583b0000 - 0x00007ff958458000 	C:\windows\System32\sechost.dll
0x00007ff956ec0000 - 0x00007ff956ee8000 	C:\windows\System32\bcrypt.dll
0x00007ff958460000 - 0x00007ff958574000 	C:\windows\System32\RPCRT4.dll
0x00007ff959030000 - 0x00007ff9591df000 	C:\windows\System32\USER32.dll
0x00007ff957150000 - 0x00007ff957176000 	C:\windows\System32\win32u.dll
0x00007ff957a80000 - 0x00007ff957aa9000 	C:\windows\System32\GDI32.dll
0x00007ff956ef0000 - 0x00007ff957008000 	C:\windows\System32\gdi32full.dll
0x00007ff957840000 - 0x00007ff9578da000 	C:\windows\System32\msvcp_win.dll
0x00007ff9252b0000 - 0x00007ff9252cb000 	C:\Program Files\Java\jdk-17\bin\VCRUNTIME140.dll
0x00007ff943720000 - 0x00007ff9439b3000 	C:\windows\WinSxS\amd64_microsoft.windows.common-controls_6595b64144ccf1df_6.0.22621.3672_none_2713b9d173822955\COMCTL32.dll
0x00007ff94cc00000 - 0x00007ff94cc0a000 	C:\windows\SYSTEM32\VERSION.dll
0x00007ff957a40000 - 0x00007ff957a71000 	C:\windows\System32\IMM32.DLL
0x00007ff9332d0000 - 0x00007ff9332dc000 	C:\Program Files\Java\jdk-17\bin\vcruntime140_1.dll
0x00007ff90cc30000 - 0x00007ff90ccbe000 	C:\Program Files\Java\jdk-17\bin\msvcp140.dll
0x00007ff8c0da0000 - 0x00007ff8c197e000 	C:\Program Files\Java\jdk-17\bin\server\jvm.dll
0x00007ff958e30000 - 0x00007ff958e38000 	C:\windows\System32\PSAPI.DLL
0x00007ff935a20000 - 0x00007ff935a29000 	C:\windows\SYSTEM32\WSOCK32.dll
0x00007ff9595c0000 - 0x00007ff959631000 	C:\windows\System32\WS2_32.dll
0x00007ff94f620000 - 0x00007ff94f654000 	C:\windows\SYSTEM32\WINMM.dll
0x00007ff955f10000 - 0x00007ff955f28000 	C:\windows\SYSTEM32\kernel.appcore.dll
0x00007ff936a70000 - 0x00007ff936a7a000 	C:\Program Files\Java\jdk-17\bin\jimage.dll
0x00007ff949af0000 - 0x00007ff949d22000 	C:\windows\SYSTEM32\DBGHELP.DLL
0x00007ff9597e0000 - 0x00007ff959b6e000 	C:\windows\System32\combase.dll
0x00007ff958e40000 - 0x00007ff958f17000 	C:\windows\System32\OLEAUT32.dll
0x00007ff93dec0000 - 0x00007ff93def2000 	C:\windows\SYSTEM32\dbgcore.DLL
0x00007ff957010000 - 0x00007ff95708b000 	C:\windows\System32\bcryptPrimitives.dll
0x00007ff90eba0000 - 0x00007ff90ebc5000 	C:\Program Files\Java\jdk-17\bin\java.dll
0x00007ff908ee0000 - 0x00007ff908fb7000 	C:\Program Files\Java\jdk-17\bin\jsvml.dll
0x00007ff957ab0000 - 0x00007ff958319000 	C:\windows\System32\SHELL32.dll
0x00007ff954e30000 - 0x00007ff95572f000 	C:\windows\SYSTEM32\windows.storage.dll
0x00007ff954cf0000 - 0x00007ff954e2f000 	C:\windows\SYSTEM32\wintypes.dll
0x00007ff9585e0000 - 0x00007ff9586d9000 	C:\windows\System32\SHCORE.dll
0x00007ff9579e0000 - 0x00007ff957a3e000 	C:\windows\System32\shlwapi.dll
0x00007ff956df0000 - 0x00007ff956e17000 	C:\windows\SYSTEM32\profapi.dll
0x00007ff922320000 - 0x00007ff922339000 	C:\Program Files\Java\jdk-17\bin\net.dll
0x00007ff94f250000 - 0x00007ff94f386000 	C:\windows\SYSTEM32\WINHTTP.dll
0x00007ff956380000 - 0x00007ff9563e9000 	C:\windows\system32\mswsock.dll
0x00007ff91c840000 - 0x00007ff91c856000 	C:\Program Files\Java\jdk-17\bin\nio.dll
0x00007ff919020000 - 0x00007ff919038000 	C:\Program Files\Java\jdk-17\bin\zip.dll
0x00007ff949620000 - 0x00007ff94962a000 	C:\Program Files\Java\jdk-17\bin\management.dll
0x00007ff949610000 - 0x00007ff94961b000 	C:\Program Files\Java\jdk-17\bin\management_ext.dll
0x00007ff942ab0000 - 0x00007ff942ac7000 	C:\windows\system32\napinsp.dll
0x00007ff942a90000 - 0x00007ff942aab000 	C:\windows\system32\pnrpnsp.dll
0x00007ff955a00000 - 0x00007ff955b02000 	C:\windows\SYSTEM32\DNSAPI.dll
0x00007ff9559d0000 - 0x00007ff9559fd000 	C:\windows\SYSTEM32\IPHLPAPI.DLL
0x00007ff958720000 - 0x00007ff958729000 	C:\windows\System32\NSI.dll
0x00007ff942680000 - 0x00007ff942691000 	C:\windows\System32\winrnr.dll
0x00007ff94de70000 - 0x00007ff94de85000 	C:\windows\system32\wshbth.dll
0x00007ff9222a0000 - 0x00007ff9222c7000 	C:\windows\system32\nlansp_c.dll
0x00007ff93e0d0000 - 0x00007ff93e0da000 	C:\Windows\System32\rasadhlp.dll
0x00007ff94aae0000 - 0x00007ff94ab63000 	C:\windows\System32\fwpuclnt.dll
0x00007ff9565d0000 - 0x00007ff9565eb000 	C:\windows\SYSTEM32\CRYPTSP.dll
0x00007ff955e70000 - 0x00007ff955ea5000 	C:\windows\system32\rsaenh.dll
0x00007ff956470000 - 0x00007ff956498000 	C:\windows\SYSTEM32\USERENV.dll
0x00007ff9565f0000 - 0x00007ff9565fc000 	C:\windows\SYSTEM32\CRYPTBASE.dll
0x00007ff94f100000 - 0x00007ff94f119000 	C:\windows\SYSTEM32\dhcpcsvc6.DLL
0x00007ff94f0e0000 - 0x00007ff94f0ff000 	C:\windows\SYSTEM32\dhcpcsvc.DLL

dbghelp: loaded successfully - version: 4.0.5 - missing functions: none
symbol engine: initialized successfully - sym options: 0x614 - pdb path: .;C:\Program Files\Java\jdk-17\bin;C:\windows\SYSTEM32;C:\windows\WinSxS\amd64_microsoft.windows.common-controls_6595b64144ccf1df_6.0.22621.3672_none_2713b9d173822955;C:\Program Files\Java\jdk-17\bin\server

VM Arguments:
jvm_args: -XX:+ShowCodeDetailsInExceptionMessages -Dspring.jmx.enabled=true -Dmanagement.endpoints.jmx.exposure.include=* -Dspring.application.admin.enabled=true -Dspring.boot.project.name=rasahotel -Djava.rmi.server.hostname=localhost -Dcom.sun.management.jmxremote.port=45557 -Dcom.sun.management.jmxremote.authenticate=false -Dcom.sun.management.jmxremote.ssl=false 
java_command: com.javaproject.anisa.RasaHotelApplication
java_class_path (initial): D:\Technical-Test\backend\target\classes;C:\Users\ANISA ALAWIYAH\.m2\repository\org\springframework\boot\spring-boot-starter-actuator\3.2.4\spring-boot-starter-actuator-3.2.4.jar;C:\Users\ANISA ALAWIYAH\.m2\repository\org\springframework\boot\spring-boot-starter\3.2.4\spring-boot-starter-3.2.4.jar;C:\Users\ANISA ALAWIYAH\.m2\repository\org\springframework\boot\spring-boot-starter-logging\3.2.4\spring-boot-starter-logging-3.2.4.jar;C:\Users\ANISA ALAWIYAH\.m2\repository\ch\qos\logback\logback-classic\1.4.14\logback-classic-1.4.14.jar;C:\Users\ANISA ALAWIYAH\.m2\repository\ch\qos\logback\logback-core\1.4.14\logback-core-1.4.14.jar;C:\Users\ANISA ALAWIYAH\.m2\repository\org\apache\logging\log4j\log4j-to-slf4j\2.21.1\log4j-to-slf4j-2.21.1.jar;C:\Users\ANISA ALAWIYAH\.m2\repository\org\slf4j\jul-to-slf4j\2.0.12\jul-to-slf4j-2.0.12.jar;C:\Users\ANISA ALAWIYAH\.m2\repository\jakarta\annotation\jakarta.annotation-api\2.1.1\jakarta.annotation-api-2.1.1.jar;C:\Users\ANISA ALAWIYAH\.m2\repository\org\springframework\boot\spring-boot-actuator-autoconfigure\3.2.4\spring-boot-actuator-autoconfigure-3.2.4.jar;C:\Users\ANISA ALAWIYAH\.m2\repository\org\springframework\boot\spring-boot-actuator\3.2.4\spring-boot-actuator-3.2.4.jar;C:\Users\ANISA ALAWIYAH\.m2\repository\com\fasterxml\jackson\datatype\jackson-datatype-jsr310\2.15.4\jackson-datatype-jsr310-2.15.4.jar;C:\Users\ANISA ALAWIYAH\.m2\repository\io\micrometer\micrometer-observation\1.12.4\micrometer-observation-1.12.4.jar;C:\Users\ANISA ALAWIYAH\.m2\repository\io\micrometer\micrometer-commons\1.12.4\micrometer-commons-1.12.4.jar;C:\Users\ANISA ALAWIYAH\.m2\repository\io\micrometer\micrometer-jakarta9\1.12.4\micrometer-jakarta9-1.12.4.jar;C:\Users\ANISA ALAWIYAH\.m2\repository\io\micrometer\micrometer-core\1.12.4\micrometer-core-1.12.4.jar;C:\Users\ANISA ALAWIYAH\.m2\repository\org\hdrhistogram\HdrHistogram\2.1.12\HdrHistogram-2.1.12.jar;C:\Users\ANISA ALAWIYAH\.m2\repository\org\latencyutils\Laten
Launcher Type: SUN_STANDARD

[Global flags]
     intx CICompilerCount                          = 3                                         {product} {ergonomic}
     uint ConcGCThreads                            = 1                                         {product} {ergonomic}
     uint G1ConcRefinementThreads                  = 4                                         {product} {ergonomic}
   size_t G1HeapRegionSize                         = 1048576                                   {product} {ergonomic}
    uintx GCDrainStackTargetSize                   = 64                                        {product} {ergonomic}
   size_t InitialHeapSize                          = 100663296                                 {product} {ergonomic}
     bool ManagementServer                         = true                                      {product} {command line}
   size_t MarkStackSize                            = 4194304                                   {product} {ergonomic}
   size_t MaxHeapSize                              = 1579155456                                {product} {ergonomic}
   size_t MaxNewSize                               = 946864128                                 {product} {ergonomic}
   size_t MinHeapDeltaBytes                        = 1048576                                   {product} {ergonomic}
   size_t MinHeapSize                              = 8388608                                   {product} {ergonomic}
    uintx NonNMethodCodeHeapSize                   = 5832780                                {pd product} {ergonomic}
    uintx NonProfiledCodeHeapSize                  = 122912730                              {pd product} {ergonomic}
    uintx ProfiledCodeHeapSize                     = 122912730                              {pd product} {ergonomic}
    uintx ReservedCodeCacheSize                    = 251658240                              {pd product} {ergonomic}
     bool SegmentedCodeCache                       = true                                      {product} {ergonomic}
     bool ShowCodeDetailsInExceptionMessages       = true                                   {manageable} {command line}
   size_t SoftMaxHeapSize                          = 1579155456                             {manageable} {ergonomic}
     bool UseCompressedClassPointers               = true                           {product lp64_product} {ergonomic}
     bool UseCompressedOops                        = true                           {product lp64_product} {ergonomic}
     bool UseG1GC                                  = true                                      {product} {ergonomic}
     bool UseLargePagesIndividualAllocation        = false                                  {pd product} {ergonomic}

Logging:
Log output configuration:
 #0: stdout all=warning uptime,level,tags
 #1: stderr all=off uptime,level,tags

Environment Variables:
PATH=C:\Program Files\Common Files\Oracle\Java\javapath;C:\Program Files (x86)\Common Files\Intel\Shared Files\cpp\bin\Intel64;C:\windows\system32;C:\windows;C:\windows\System32\Wbem;C:\windows\System32\WindowsPowerShell\v1.0\;C:\windows\System32\OpenSSH\;C:\Program Files\dotnet\;C:\Program Files\Microsoft SQL Server\150\Tools\Binn\;C:\Program Files\Microsoft SQL Server\Client SDK\ODBC\170\Tools\Binn\;C:\Program Files (x86)\Microsoft SQL Server\160\Tools\Binn\;C:\Program Files\Microsoft SQL Server\160\Tools\Binn\;C:\Program Files\Microsoft SQL Server\160\DTS\Binn\;C:\xampp\php;C:\ProgramData\ComposerSetup\bin;C:\apache-maven-3.9.6-bin\apache-maven-3.9.6\bin;C:\Program Files\nodejs\;C:\Program Files\Git\cmd;c:\Users\ANISA ALAWIYAH\AppData\Local\Programs\cursor\resources\app\bin;C:\Users\ANISA ALAWIYAH\AppData\Local\pnpm;C:\Users\ANISA ALAWIYAH\AppData\Local\Microsoft\WindowsApps;C:\Users\ANISA ALAWIYAH\AppData\Local\Programs\Microsoft VS Code\bin;C:\Users\ANISA ALAWIYAH\.dotnet\tools;C:\flutter_windows_3.13.7-stable\flutter\bin;C:\Users\ANISA ALAWIYAH\AppData\Roaming\Composer\vendor\bin;C:\mingw64\bin;C:\Users\ANISA ALAWIYAH\AppData\Roaming\npm;C:\Program Files\Heroku\bin
USERNAME=ANISA ALAWIYAH
LANG=en_US.UTF-8
OS=Windows_NT
PROCESSOR_IDENTIFIER=AMD64 Family 23 Model 24 Stepping 1, AuthenticAMD



---------------  S Y S T E M  ---------------

OS:
 Windows 11 , 64 bit Build 22621 (10.0.22621.3958)
OS uptime: 5 days 22:53 hours

CPU: total 4 (initial active 4) (4 cores per cpu, 2 threads per core) family 23 model 24 stepping 1 microcode 0x0, cx8, cmov, fxsr, ht, mmx, 3dnowpref, sse, sse2, sse3, ssse3, sse4a, sse4.1, sse4.2, popcnt, lzcnt, tsc, tscinvbit, avx, avx2, aes, clmul, bmi1, bmi2, adx, sha, fma, vzeroupper, clflush, clflushopt

Memory: 4k page, system-wide physical 6023M (194M free)
TotalPageFile size 24455M (AvailPageFile size 4M)
current process WorkingSet (physical memory assigned to process): 129M, peak: 129M
current process commit charge ("private bytes"): 220M, peak: 222M

vm_info: Java HotSpot(TM) 64-Bit Server VM (17.0.8+9-LTS-211) for windows-amd64 JRE (17.0.8+9-LTS-211), built on Jun 14 2023 10:34:31 by "mach5one" with MS VC++ 17.1 (VS2022)

END.
