#
# There is insufficient memory for the Java Runtime Environment to continue.
# Native memory allocation (malloc) failed to allocate 32744 bytes for ChunkPool::allocate
# Possible reasons:
#   The system is out of physical RAM or swap space
#   The process is running with CompressedOops enabled, and the Java Heap may be blocking the growth of the native heap
# Possible solutions:
#   Reduce memory load on the system
#   Increase physical memory or swap space
#   Check if swap backing store is full
#   Decrease Java heap size (-Xmx/-Xms)
#   Decrease number of Java threads
#   Decrease Java thread stack sizes (-Xss)
#   Set larger code cache with -XX:ReservedCodeCacheSize=
#   JVM is running with Unscaled Compressed Oops mode in which the Java heap is
#     placed in the first 4GB address space. The Java Heap base address is the
#     maximum limit for the native heap growth. Please use -XX:HeapBaseMinAddress
#     to set the Java Heap base and to place the Java Heap above 4GB virtual address.
# This output file may be truncated or incomplete.
#
#  Out of Memory Error (arena.cpp:78), pid=29460, tid=31032
#
# JRE version: Java(TM) SE Runtime Environment (17.0.8+9) (build 17.0.8+9-LTS-211)
# Java VM: Java HotSpot(TM) 64-Bit Server VM (17.0.8+9-LTS-211, mixed mode, sharing, tiered, compressed oops, compressed class ptrs, g1 gc, windows-amd64)
# No core dump will be written. Minidumps are not enabled by default on client versions of Windows
#

---------------  S U M M A R Y ------------

Command Line: -XX:+ShowCodeDetailsInExceptionMessages -Dspring.jmx.enabled=true -Dmanagement.endpoints.jmx.exposure.include=* -Dspring.application.admin.enabled=true -Dspring.boot.project.name=rasahotel -Djava.rmi.server.hostname=localhost -Dcom.sun.management.jmxremote.port=45557 -Dcom.sun.management.jmxremote.authenticate=false -Dcom.sun.management.jmxremote.ssl=false com.javaproject.anisa.RasaHotelApplication

Host: AMD Ryzen 3 3250U with Radeon Graphics         , 4 cores, 5G,  Windows 11 , 64 bit Build 22621 (10.0.22621.3958)
Time: Sun Oct 27 20:38:32 2024 SE Asia Standard Time elapsed time: 130.877050 seconds (0d 0h 2m 10s)

---------------  T H R E A D  ---------------

Current thread (0x000002087fa96b90):  JavaThread "C2 CompilerThread0" daemon [_thread_in_native, id=31032, stack(0x0000004115f00000,0x0000004116000000)]


Current CompileTask:
C2: 130877 6136       4       org.aspectj.apache.bcel.classfile.Attribute::readAttribute (568 bytes)

Stack: [0x0000004115f00000,0x0000004116000000]
Native frames: (J=compiled Java code, j=interpreted, Vv=VM code, C=native code)
V  [jvm.dll+0x677d0a]
V  [jvm.dll+0x7d8c54]
V  [jvm.dll+0x7da3fe]
V  [jvm.dll+0x7daa63]
V  [jvm.dll+0x245c5f]
V  [jvm.dll+0xaacc0]
V  [jvm.dll+0xab00c]
V  [jvm.dll+0xaab84]
V  [jvm.dll+0x6565ec]
V  [jvm.dll+0x78d7a]
V  [jvm.dll+0x5815e4]
V  [jvm.dll+0x580838]
V  [jvm.dll+0x220b22]
V  [jvm.dll+0x2199e5]
V  [jvm.dll+0x217329]
V  [jvm.dll+0x1a3af0]
V  [jvm.dll+0x2270be]
V  [jvm.dll+0x22535b]
V  [jvm.dll+0x78e7bc]
V  [jvm.dll+0x788bba]
V  [jvm.dll+0x676b35]
C  [ucrtbase.dll+0x29333]
C  [KERNEL32.DLL+0x1257d]
C  [ntdll.dll+0x5af08]


---------------  P R O C E S S  ---------------

Threads class SMR info:
_java_thread_list=0x0000020860b14460, length=25, elements={
0x0000020879dd8770, 0x000002087fa79c20, 0x000002087fa7aa90, 0x000002087fa8f860,
0x000002087fa90320, 0x000002087fa92ce0, 0x000002087fa93690, 0x000002087fa96b90,
0x000002087fa98d60, 0x000002087fa99660, 0x00000208189599b0, 0x0000020818a1a750,
0x000002085e1daa80, 0x000002085e38edc0, 0x000002085e54d3f0, 0x000002085e71cce0,
0x000002085edb7860, 0x000002085f276820, 0x000002085e6a0d90, 0x000002085e6a2a70,
0x000002085e6a38e0, 0x000002085e6a25a0, 0x000002085e6a3db0, 0x000002085e6a4280,
0x000002085e6a08c0
}

Java Threads: ( => current thread )
  0x0000020879dd8770 JavaThread "main" [_thread_blocked, id=19352, stack(0x0000004115200000,0x0000004115300000)]
  0x000002087fa79c20 JavaThread "Reference Handler" daemon [_thread_blocked, id=31024, stack(0x0000004115900000,0x0000004115a00000)]
  0x000002087fa7aa90 JavaThread "Finalizer" daemon [_thread_blocked, id=14828, stack(0x0000004115a00000,0x0000004115b00000)]
  0x000002087fa8f860 JavaThread "Signal Dispatcher" daemon [_thread_blocked, id=30020, stack(0x0000004115b00000,0x0000004115c00000)]
  0x000002087fa90320 JavaThread "Attach Listener" daemon [_thread_blocked, id=28000, stack(0x0000004115c00000,0x0000004115d00000)]
  0x000002087fa92ce0 JavaThread "Service Thread" daemon [_thread_blocked, id=30796, stack(0x0000004115d00000,0x0000004115e00000)]
  0x000002087fa93690 JavaThread "Monitor Deflation Thread" daemon [_thread_blocked, id=21912, stack(0x0000004115e00000,0x0000004115f00000)]
=>0x000002087fa96b90 JavaThread "C2 CompilerThread0" daemon [_thread_in_native, id=31032, stack(0x0000004115f00000,0x0000004116000000)]
  0x000002087fa98d60 JavaThread "C1 CompilerThread0" daemon [_thread_blocked, id=11632, stack(0x0000004116000000,0x0000004116100000)]
  0x000002087fa99660 JavaThread "Sweeper thread" daemon [_thread_blocked, id=55164, stack(0x0000004116100000,0x0000004116200000)]
  0x00000208189599b0 JavaThread "Common-Cleaner" daemon [_thread_blocked, id=32192, stack(0x0000004116200000,0x0000004116300000)]
  0x0000020818a1a750 JavaThread "Notification Thread" daemon [_thread_blocked, id=39520, stack(0x0000004116300000,0x0000004116400000)]
  0x000002085e1daa80 JavaThread "RMI TCP Accept-0" daemon [_thread_in_native, id=18060, stack(0x0000004116800000,0x0000004116900000)]
  0x000002085e38edc0 JavaThread "RMI TCP Accept-45557" daemon [_thread_in_native, id=8188, stack(0x0000004116900000,0x0000004116a00000)]
  0x000002085e54d3f0 JavaThread "RMI TCP Accept-0" daemon [_thread_in_native, id=38948, stack(0x0000004116a00000,0x0000004116b00000)]
  0x000002085e71cce0 JavaThread "RMI Scheduler(0)" daemon [_thread_blocked, id=6264, stack(0x0000004116d00000,0x0000004116e00000)]
  0x000002085edb7860 JavaThread "RMI TCP Connection(2)-127.0.0.1" daemon [_thread_in_native, id=54344, stack(0x0000004116e00000,0x0000004116f00000)]
  0x000002085f276820 JavaThread "JMX server connection timeout 21" daemon [_thread_blocked, id=38824, stack(0x0000004116f00000,0x0000004117000000)]
  0x000002085e6a0d90 JavaThread "Thread-0" [_thread_blocked, id=61632, stack(0x0000004117000000,0x0000004117100000)]
  0x000002085e6a2a70 JavaThread "restartedMain" [_thread_in_vm, id=19452, stack(0x0000004117100000,0x0000004117200000)]
  0x000002085e6a38e0 JavaThread "Catalina-utility-1" [_thread_blocked, id=61620, stack(0x0000004114f00000,0x0000004115000000)]
  0x000002085e6a25a0 JavaThread "Catalina-utility-2" [_thread_blocked, id=64608, stack(0x0000004115000000,0x0000004115100000)]
  0x000002085e6a3db0 JavaThread "container-0" [_thread_blocked, id=25928, stack(0x0000004117400000,0x0000004117500000)]
  0x000002085e6a4280 JavaThread "mysql-cj-abandoned-connection-cleanup" daemon [_thread_blocked, id=17352, stack(0x0000004117500000,0x0000004117600000)]
  0x000002085e6a08c0 JavaThread "HikariPool-1 housekeeper" daemon [_thread_blocked, id=15080, stack(0x0000004117700000,0x0000004117800000)]

Other Threads:
  0x000002087fa75020 VMThread "VM Thread" [stack: 0x0000004115800000,0x0000004115900000] [id=10436]
  0x000002085e43ef90 WatcherThread [stack: 0x0000004116b00000,0x0000004116c00000] [id=32164]
  0x0000020879e2c850 GCTaskThread "GC Thread#0" [stack: 0x0000004115300000,0x0000004115400000] [id=24668]
  0x000002085e4bbd30 GCTaskThread "GC Thread#1" [stack: 0x0000004116400000,0x0000004116500000] [id=39548]
  0x000002085e1db130 GCTaskThread "GC Thread#2" [stack: 0x0000004116500000,0x0000004116600000] [id=25416]
  0x000002085e5c3950 GCTaskThread "GC Thread#3" [stack: 0x0000004116600000,0x0000004116700000] [id=37584]
  0x0000020879e39be0 ConcurrentGCThread "G1 Main Marker" [stack: 0x0000004115400000,0x0000004115500000] [id=25272]
  0x0000020879e3bda0 ConcurrentGCThread "G1 Conc#0" [stack: 0x0000004115500000,0x0000004115600000] [id=28492]
  0x000002087f940090 ConcurrentGCThread "G1 Refine#0" [stack: 0x0000004115600000,0x0000004115700000] [id=31220]
  0x000002085e4b5880 ConcurrentGCThread "G1 Refine#1" [stack: 0x0000004116700000,0x0000004116800000] [id=30176]
  0x000002087f940ab0 ConcurrentGCThread "G1 Service" [stack: 0x0000004115700000,0x0000004115800000] [id=976]

Threads with active compile tasks:
C2 CompilerThread0   130964 6136       4       org.aspectj.apache.bcel.classfile.Attribute::readAttribute (568 bytes)

VM state: not at safepoint (normal execution)

VM Mutex/Monitor currently owned by a thread: None

Heap address: 0x00000000a1e00000, size: 1506 MB, Compressed Oops mode: 32-bit

CDS archive(s) mapped at: [0x0000020819000000-0x0000020819bd0000-0x0000020819bd0000), size 12386304, SharedBaseAddress: 0x0000020819000000, ArchiveRelocationMode: 1.
Compressed class space mapped at: 0x000002081a000000-0x000002085a000000, reserved size: 1073741824
Narrow klass base: 0x0000020819000000, Narrow klass shift: 0, Narrow klass range: 0x100000000

GC Precious Log:
 CPUs: 4 total, 4 available
 Memory: 6023M
 Large Page Support: Disabled
 NUMA Support: Disabled
 Compressed Oops: Enabled (32-bit)
 Heap Region Size: 1M
 Heap Min Capacity: 8M
 Heap Initial Capacity: 96M
 Heap Max Capacity: 1506M
 Pre-touch: Disabled
 Parallel Workers: 4
 Concurrent Workers: 1
 Concurrent Refinement Workers: 4
 Periodic GC: Disabled

Heap:
 garbage-first heap   total 58368K, used 43781K [0x00000000a1e00000, 0x0000000100000000)
  region size 1024K, 15 young (15360K), 2 survivors (2048K)
 Metaspace       used 61545K, committed 62016K, reserved 1114112K
  class space    used 8284K, committed 8512K, reserved 1048576K

Heap Regions: E=young(eden), S=young(survivor), O=old, HS=humongous(starts), HC=humongous(continues), CS=collection set, F=free, OA=open archive, CA=closed archive, TAMS=top-at-mark-start (previous, next)
|   0|0x00000000a1e00000, 0x00000000a1f00000, 0x00000000a1f00000|100%|HS|  |TAMS 0x00000000a1f00000, 0x00000000a1e00000| Complete 
|   1|0x00000000a1f00000, 0x00000000a2000000, 0x00000000a2000000|100%| O|  |TAMS 0x00000000a2000000, 0x00000000a1f00000| Untracked 
|   2|0x00000000a2000000, 0x00000000a2100000, 0x00000000a2100000|100%| O|  |TAMS 0x00000000a2100000, 0x00000000a2000000| Untracked 
|   3|0x00000000a2100000, 0x00000000a2200000, 0x00000000a2200000|100%| O|  |TAMS 0x00000000a2200000, 0x00000000a2100000| Untracked 
|   4|0x00000000a2200000, 0x00000000a2300000, 0x00000000a2300000|100%| O|  |TAMS 0x00000000a2300000, 0x00000000a2200000| Untracked 
|   5|0x00000000a2300000, 0x00000000a2400000, 0x00000000a2400000|100%| O|  |TAMS 0x00000000a2400000, 0x00000000a2300000| Untracked 
|   6|0x00000000a2400000, 0x00000000a2500000, 0x00000000a2500000|100%| O|  |TAMS 0x00000000a2500000, 0x00000000a2400000| Untracked 
|   7|0x00000000a2500000, 0x00000000a2600000, 0x00000000a2600000|100%| O|  |TAMS 0x00000000a2600000, 0x00000000a2500000| Untracked 
|   8|0x00000000a2600000, 0x00000000a2700000, 0x00000000a2700000|100%| O|  |TAMS 0x00000000a2700000, 0x00000000a2600000| Untracked 
|   9|0x00000000a2700000, 0x00000000a2800000, 0x00000000a2800000|100%| O|  |TAMS 0x00000000a2800000, 0x00000000a2700000| Untracked 
|  10|0x00000000a2800000, 0x00000000a28f6800, 0x00000000a2900000| 96%| O|  |TAMS 0x00000000a28f6800, 0x00000000a2800000| Untracked 
|  11|0x00000000a2900000, 0x00000000a2a00000, 0x00000000a2a00000|100%| O|  |TAMS 0x00000000a2a00000, 0x00000000a2900000| Untracked 
|  12|0x00000000a2a00000, 0x00000000a2b00000, 0x00000000a2b00000|100%| O|  |TAMS 0x00000000a2b00000, 0x00000000a2a00000| Untracked 
|  13|0x00000000a2b00000, 0x00000000a2c00000, 0x00000000a2c00000|100%| O|  |TAMS 0x00000000a2c00000, 0x00000000a2b00000| Untracked 
|  14|0x00000000a2c00000, 0x00000000a2d00000, 0x00000000a2d00000|100%| O|  |TAMS 0x00000000a2d00000, 0x00000000a2c00000| Untracked 
|  15|0x00000000a2d00000, 0x00000000a2e00000, 0x00000000a2e00000|100%| O|  |TAMS 0x00000000a2e00000, 0x00000000a2d00000| Untracked 
|  16|0x00000000a2e00000, 0x00000000a2f00000, 0x00000000a2f00000|100%| O|  |TAMS 0x00000000a2f00000, 0x00000000a2e00000| Untracked 
|  17|0x00000000a2f00000, 0x00000000a3000000, 0x00000000a3000000|100%| O|  |TAMS 0x00000000a3000000, 0x00000000a2f00000| Untracked 
|  18|0x00000000a3000000, 0x00000000a3100000, 0x00000000a3100000|100%| O|  |TAMS 0x00000000a3100000, 0x00000000a3000000| Untracked 
|  19|0x00000000a3100000, 0x00000000a3200000, 0x00000000a3200000|100%| O|  |TAMS 0x00000000a3200000, 0x00000000a3100000| Untracked 
|  20|0x00000000a3200000, 0x00000000a3300000, 0x00000000a3300000|100%| O|  |TAMS 0x00000000a3300000, 0x00000000a3200000| Untracked 
|  21|0x00000000a3300000, 0x00000000a3400000, 0x00000000a3400000|100%| O|  |TAMS 0x00000000a3400000, 0x00000000a3300000| Untracked 
|  22|0x00000000a3400000, 0x00000000a3500000, 0x00000000a3500000|100%| O|  |TAMS 0x00000000a3500000, 0x00000000a3400000| Untracked 
|  23|0x00000000a3500000, 0x00000000a3600000, 0x00000000a3600000|100%| O|  |TAMS 0x00000000a3600000, 0x00000000a3500000| Untracked 
|  24|0x00000000a3600000, 0x00000000a3700000, 0x00000000a3700000|100%| O|  |TAMS 0x00000000a3700000, 0x00000000a3600000| Untracked 
|  25|0x00000000a3700000, 0x00000000a3800000, 0x00000000a3800000|100%| O|  |TAMS 0x00000000a3800000, 0x00000000a3700000| Untracked 
|  26|0x00000000a3800000, 0x00000000a3900000, 0x00000000a3900000|100%| O|  |TAMS 0x00000000a3900000, 0x00000000a3800000| Untracked 
|  27|0x00000000a3900000, 0x00000000a3a00000, 0x00000000a3a00000|100%| O|  |TAMS 0x00000000a3a00000, 0x00000000a3900000| Untracked 
|  28|0x00000000a3a00000, 0x00000000a3b00000, 0x00000000a3b00000|100%| O|  |TAMS 0x00000000a3b00000, 0x00000000a3a00000| Untracked 
|  29|0x00000000a3b00000, 0x00000000a3b93000, 0x00000000a3c00000| 57%| O|  |TAMS 0x00000000a3b93000, 0x00000000a3b00000| Untracked 
|  30|0x00000000a3c00000, 0x00000000a3c00000, 0x00000000a3d00000|  0%| F|  |TAMS 0x00000000a3c00000, 0x00000000a3c00000| Untracked 
|  31|0x00000000a3d00000, 0x00000000a3d00000, 0x00000000a3e00000|  0%| F|  |TAMS 0x00000000a3d00000, 0x00000000a3d00000| Untracked 
|  32|0x00000000a3e00000, 0x00000000a3e00000, 0x00000000a3f00000|  0%| F|  |TAMS 0x00000000a3e00000, 0x00000000a3e00000| Untracked 
|  33|0x00000000a3f00000, 0x00000000a3f00000, 0x00000000a4000000|  0%| F|  |TAMS 0x00000000a3f00000, 0x00000000a3f00000| Untracked 
|  34|0x00000000a4000000, 0x00000000a4000000, 0x00000000a4100000|  0%| F|  |TAMS 0x00000000a4000000, 0x00000000a4000000| Untracked 
|  35|0x00000000a4100000, 0x00000000a4100000, 0x00000000a4200000|  0%| F|  |TAMS 0x00000000a4100000, 0x00000000a4100000| Untracked 
|  36|0x00000000a4200000, 0x00000000a4200000, 0x00000000a4300000|  0%| F|  |TAMS 0x00000000a4200000, 0x00000000a4200000| Untracked 
|  37|0x00000000a4300000, 0x00000000a4300000, 0x00000000a4400000|  0%| F|  |TAMS 0x00000000a4300000, 0x00000000a4300000| Untracked 
|  38|0x00000000a4400000, 0x00000000a4437da0, 0x00000000a4500000| 21%| S|CS|TAMS 0x00000000a4400000, 0x00000000a4400000| Complete 
|  39|0x00000000a4500000, 0x00000000a4600000, 0x00000000a4600000|100%| S|CS|TAMS 0x00000000a4500000, 0x00000000a4500000| Complete 
|  40|0x00000000a4600000, 0x00000000a4600000, 0x00000000a4700000|  0%| F|  |TAMS 0x00000000a4600000, 0x00000000a4600000| Untracked 
|  41|0x00000000a4700000, 0x00000000a4700000, 0x00000000a4800000|  0%| F|  |TAMS 0x00000000a4700000, 0x00000000a4700000| Untracked 
|  42|0x00000000a4800000, 0x00000000a4800000, 0x00000000a4900000|  0%| F|  |TAMS 0x00000000a4800000, 0x00000000a4800000| Untracked 
|  43|0x00000000a4900000, 0x00000000a4900000, 0x00000000a4a00000|  0%| F|  |TAMS 0x00000000a4900000, 0x00000000a4900000| Untracked 
|  44|0x00000000a4a00000, 0x00000000a4a4b378, 0x00000000a4b00000| 29%| E|  |TAMS 0x00000000a4a00000, 0x00000000a4a00000| Complete 
|  45|0x00000000a4b00000, 0x00000000a4c00000, 0x00000000a4c00000|100%| E|CS|TAMS 0x00000000a4b00000, 0x00000000a4b00000| Complete 
|  46|0x00000000a4c00000, 0x00000000a4d00000, 0x00000000a4d00000|100%| E|CS|TAMS 0x00000000a4c00000, 0x00000000a4c00000| Complete 
|  47|0x00000000a4d00000, 0x00000000a4e00000, 0x00000000a4e00000|100%| E|CS|TAMS 0x00000000a4d00000, 0x00000000a4d00000| Complete 
|  48|0x00000000a4e00000, 0x00000000a4f00000, 0x00000000a4f00000|100%| E|CS|TAMS 0x00000000a4e00000, 0x00000000a4e00000| Complete 
|  49|0x00000000a4f00000, 0x00000000a5000000, 0x00000000a5000000|100%| E|CS|TAMS 0x00000000a4f00000, 0x00000000a4f00000| Complete 
|  50|0x00000000a5000000, 0x00000000a5100000, 0x00000000a5100000|100%| E|CS|TAMS 0x00000000a5000000, 0x00000000a5000000| Complete 
|  81|0x00000000a6f00000, 0x00000000a7000000, 0x00000000a7000000|100%| E|CS|TAMS 0x00000000a6f00000, 0x00000000a6f00000| Complete 
|  82|0x00000000a7000000, 0x00000000a7100000, 0x00000000a7100000|100%| E|CS|TAMS 0x00000000a7000000, 0x00000000a7000000| Complete 
|  83|0x00000000a7100000, 0x00000000a7200000, 0x00000000a7200000|100%| E|CS|TAMS 0x00000000a7100000, 0x00000000a7100000| Complete 
|  84|0x00000000a7200000, 0x00000000a7300000, 0x00000000a7300000|100%| E|CS|TAMS 0x00000000a7200000, 0x00000000a7200000| Complete 
|  85|0x00000000a7300000, 0x00000000a7400000, 0x00000000a7400000|100%| E|CS|TAMS 0x00000000a7300000, 0x00000000a7300000| Complete 
|  95|0x00000000a7d00000, 0x00000000a7e00000, 0x00000000a7e00000|100%| E|CS|TAMS 0x00000000a7d00000, 0x00000000a7d00000| Complete 

Card table byte_map: [0x000002087bfd0000,0x000002087c2d0000] _byte_map_base: 0x000002087bac1000

Marking Bits (Prev, Next): (CMBitMap*) 0x0000020879e2ce60, (CMBitMap*) 0x0000020879e2cea0
 Prev Bits: [0x000002087c5d0000, 0x000002087dd58000)
 Next Bits: [0x000002087dd60000, 0x000002087f4e8000)

Polling page: 0x0000020879c80000

Metaspace:

Usage:
  Non-class:     52.01 MB used.
      Class:      8.09 MB used.
       Both:     60.11 MB used.

Virtual space:
  Non-class space:       64.00 MB reserved,      52.31 MB ( 82%) committed,  1 nodes.
      Class space:        1.00 GB reserved,       8.31 MB ( <1%) committed,  1 nodes.
             Both:        1.06 GB reserved,      60.62 MB (  6%) committed. 

Chunk freelists:
   Non-Class:  10.80 MB
       Class:  7.63 MB
        Both:  18.42 MB

MaxMetaspaceSize: unlimited
CompressedClassSpaceSize: 1.00 GB
Initial GC threshold: 21.00 MB
Current GC threshold: 96.88 MB
CDS: on
MetaspaceReclaimPolicy: balanced
 - commit_granule_bytes: 65536.
 - commit_granule_words: 8192.
 - virtual_space_node_default_size: 8388608.
 - enlarge_chunks_in_place: 1.
 - new_chunks_are_fully_committed: 0.
 - uncommit_free_chunks: 1.
 - use_allocation_guard: 0.
 - handle_deallocations: 1.


Internal statistics:

num_allocs_failed_limit: 6.
num_arena_births: 800.
num_arena_deaths: 0.
num_vsnodes_births: 2.
num_vsnodes_deaths: 0.
num_space_committed: 970.
num_space_uncommitted: 0.
num_chunks_returned_to_freelist: 6.
num_chunks_taken_from_freelist: 3027.
num_chunk_merges: 6.
num_chunk_splits: 2184.
num_chunks_enlarged: 1676.
num_purges: 0.
num_inconsistent_stats: 0.

CodeHeap 'non-profiled nmethods': size=120000Kb used=3879Kb max_used=3879Kb free=116120Kb
 bounds [0x000002080f2a0000, 0x000002080f670000, 0x00000208167d0000]
CodeHeap 'profiled nmethods': size=120000Kb used=11329Kb max_used=11329Kb free=108670Kb
 bounds [0x00000208077d0000, 0x00000208082f0000, 0x000002080ed00000]
CodeHeap 'non-nmethods': size=5760Kb used=1334Kb max_used=1349Kb free=4426Kb
 bounds [0x000002080ed00000, 0x000002080ef70000, 0x000002080f2a0000]
 total_blobs=6068 nmethods=5401 adapters=578
 compilation: enabled
              stopped_count=0, restarted_count=0
 full_count=0

Compilation events (20 events):
Event: 130.392 Thread 0x000002087fa98d60 nmethod 6125 0x00000208082da210 code [0x00000208082da3c0, 0x00000208082da638]
Event: 130.400 Thread 0x000002087fa98d60 6126       3       java.lang.invoke.LambdaFormBuffer::indexOf (25 bytes)
Event: 130.401 Thread 0x000002087fa98d60 nmethod 6126 0x00000208082da710 code [0x00000208082da8c0, 0x00000208082daad8]
Event: 130.402 Thread 0x000002087fa96b90 6127       4       java.lang.invoke.MethodHandle::intrinsicName (4 bytes)
Event: 130.404 Thread 0x000002087fa96b90 nmethod 6127 0x000002080f668190 code [0x000002080f668300, 0x000002080f668378]
Event: 130.418 Thread 0x000002087fa96b90 6130       4       jdk.internal.jimage.ImageStringsReader::stringFromByteBufferMatches (138 bytes)
Event: 130.430 Thread 0x000002087fa96b90 nmethod 6130 0x000002080f668a90 code [0x000002080f668c20, 0x000002080f668f88]
Event: 130.450 Thread 0x000002087fa98d60 6131       3       com.mysql.cj.protocol.a.NativePacketHeader::<init> (13 bytes)
Event: 130.450 Thread 0x000002087fa98d60 nmethod 6131 0x00000208082dac10 code [0x00000208082dadc0, 0x00000208082dafa8]
Event: 130.450 Thread 0x000002087fa98d60 6132       3       com.mysql.cj.protocol.a.SimplePacketReader::readMessage (10 bytes)
Event: 130.451 Thread 0x000002087fa98d60 nmethod 6132 0x00000208082db090 code [0x00000208082db240, 0x00000208082db588]
Event: 130.451 Thread 0x000002087fa98d60 6133       3       com.mysql.cj.protocol.a.SimplePacketReader::readMessage (26 bytes)
Event: 130.451 Thread 0x000002087fa98d60 nmethod 6133 0x00000208082db690 code [0x00000208082db840, 0x00000208082dba08]
Event: 130.451 Thread 0x000002087fa98d60 6134   !   3       com.mysql.cj.protocol.a.SimplePacketReader::readMessageLocal (145 bytes)
Event: 130.454 Thread 0x000002087fa98d60 nmethod 6134 0x00000208082dbb10 code [0x00000208082dbe80, 0x00000208082dd808]
Event: 130.755 Thread 0x000002087fa96b90 6135       4       java.util.ArrayList::grow (60 bytes)
Event: 130.769 Thread 0x000002087fa96b90 nmethod 6135 0x000002080f669310 code [0x000002080f6694a0, 0x000002080f669ac8]
Event: 130.770 Thread 0x000002087fa96b90 6136       4       org.aspectj.apache.bcel.classfile.Attribute::readAttribute (568 bytes)
Event: 130.779 Thread 0x000002087fa98d60 6140       3       org.aspectj.apache.bcel.classfile.annotation.RuntimeAnnos::<init> (32 bytes)
Event: 130.780 Thread 0x000002087fa98d60 nmethod 6140 0x00000208082de590 code [0x00000208082de760, 0x00000208082dec38]

GC Heap History (20 events):
Event: 49.491 GC heap before
{Heap before GC invocations=9 (full 0):
 garbage-first heap   total 58368K, used 40676K [0x00000000a1e00000, 0x0000000100000000)
  region size 1024K, 24 young (24576K), 2 survivors (2048K)
 Metaspace       used 27109K, committed 27456K, reserved 1114112K
  class space    used 3328K, committed 3520K, reserved 1048576K
}
Event: 49.499 GC heap after
{Heap after GC invocations=10 (full 0):
 garbage-first heap   total 58368K, used 20643K [0x00000000a1e00000, 0x0000000100000000)
  region size 1024K, 3 young (3072K), 3 survivors (3072K)
 Metaspace       used 27109K, committed 27456K, reserved 1114112K
  class space    used 3328K, committed 3520K, reserved 1048576K
}
Event: 57.735 GC heap before
{Heap before GC invocations=10 (full 0):
 garbage-first heap   total 58368K, used 43171K [0x00000000a1e00000, 0x0000000100000000)
  region size 1024K, 25 young (25600K), 3 survivors (3072K)
 Metaspace       used 30154K, committed 30528K, reserved 1114112K
  class space    used 3784K, committed 3968K, reserved 1048576K
}
Event: 57.748 GC heap after
{Heap after GC invocations=11 (full 0):
 garbage-first heap   total 58368K, used 22715K [0x00000000a1e00000, 0x0000000100000000)
  region size 1024K, 4 young (4096K), 4 survivors (4096K)
 Metaspace       used 30154K, committed 30528K, reserved 1114112K
  class space    used 3784K, committed 3968K, reserved 1048576K
}
Event: 65.916 GC heap before
{Heap before GC invocations=11 (full 0):
 garbage-first heap   total 58368K, used 44219K [0x00000000a1e00000, 0x0000000100000000)
  region size 1024K, 25 young (25600K), 4 survivors (4096K)
 Metaspace       used 34229K, committed 34688K, reserved 1114112K
  class space    used 4324K, committed 4544K, reserved 1048576K
}
Event: 65.931 GC heap after
{Heap after GC invocations=12 (full 0):
 garbage-first heap   total 58368K, used 24458K [0x00000000a1e00000, 0x0000000100000000)
  region size 1024K, 2 young (2048K), 2 survivors (2048K)
 Metaspace       used 34229K, committed 34688K, reserved 1114112K
  class space    used 4324K, committed 4544K, reserved 1048576K
}
Event: 69.977 GC heap before
{Heap before GC invocations=12 (full 0):
 garbage-first heap   total 58368K, used 33674K [0x00000000a1e00000, 0x0000000100000000)
  region size 1024K, 12 young (12288K), 2 survivors (2048K)
 Metaspace       used 35568K, committed 35968K, reserved 1114112K
  class space    used 4455K, committed 4672K, reserved 1048576K
}
Event: 69.984 GC heap after
{Heap after GC invocations=13 (full 0):
 garbage-first heap   total 58368K, used 25169K [0x00000000a1e00000, 0x0000000100000000)
  region size 1024K, 1 young (1024K), 1 survivors (1024K)
 Metaspace       used 35568K, committed 35968K, reserved 1114112K
  class space    used 4455K, committed 4672K, reserved 1048576K
}
Event: 82.743 GC heap before
{Heap before GC invocations=14 (full 0):
 garbage-first heap   total 58368K, used 45649K [0x00000000a1e00000, 0x0000000100000000)
  region size 1024K, 21 young (21504K), 1 survivors (1024K)
 Metaspace       used 37533K, committed 38080K, reserved 1114112K
  class space    used 4738K, committed 4992K, reserved 1048576K
}
Event: 82.751 GC heap after
{Heap after GC invocations=15 (full 0):
 garbage-first heap   total 58368K, used 26234K [0x00000000a1e00000, 0x0000000100000000)
  region size 1024K, 2 young (2048K), 2 survivors (2048K)
 Metaspace       used 37533K, committed 38080K, reserved 1114112K
  class space    used 4738K, committed 4992K, reserved 1048576K
}
Event: 92.024 GC heap before
{Heap before GC invocations=15 (full 0):
 garbage-first heap   total 58368K, used 45690K [0x00000000a1e00000, 0x0000000100000000)
  region size 1024K, 22 young (22528K), 2 survivors (2048K)
 Metaspace       used 40789K, committed 41280K, reserved 1114112K
  class space    used 5192K, committed 5440K, reserved 1048576K
}
Event: 92.032 GC heap after
{Heap after GC invocations=16 (full 0):
 garbage-first heap   total 58368K, used 27330K [0x00000000a1e00000, 0x0000000100000000)
  region size 1024K, 3 young (3072K), 3 survivors (3072K)
 Metaspace       used 40789K, committed 41280K, reserved 1114112K
  class space    used 5192K, committed 5440K, reserved 1048576K
}
Event: 96.906 GC heap before
{Heap before GC invocations=16 (full 0):
 garbage-first heap   total 58368K, used 45762K [0x00000000a1e00000, 0x0000000100000000)
  region size 1024K, 21 young (21504K), 3 survivors (3072K)
 Metaspace       used 45689K, committed 46208K, reserved 1114112K
  class space    used 5890K, committed 6144K, reserved 1048576K
}
Event: 96.914 GC heap after
{Heap after GC invocations=17 (full 0):
 garbage-first heap   total 58368K, used 28587K [0x00000000a1e00000, 0x0000000100000000)
  region size 1024K, 3 young (3072K), 3 survivors (3072K)
 Metaspace       used 45689K, committed 46208K, reserved 1114112K
  class space    used 5890K, committed 6144K, reserved 1048576K
}
Event: 101.403 GC heap before
{Heap before GC invocations=17 (full 0):
 garbage-first heap   total 58368K, used 45995K [0x00000000a1e00000, 0x0000000100000000)
  region size 1024K, 21 young (21504K), 3 survivors (3072K)
 Metaspace       used 50386K, committed 50880K, reserved 1114112K
  class space    used 6534K, committed 6784K, reserved 1048576K
}
Event: 101.413 GC heap after
{Heap after GC invocations=18 (full 0):
 garbage-first heap   total 58368K, used 30416K [0x00000000a1e00000, 0x0000000100000000)
  region size 1024K, 3 young (3072K), 3 survivors (3072K)
 Metaspace       used 50386K, committed 50880K, reserved 1114112K
  class space    used 6534K, committed 6784K, reserved 1048576K
}
Event: 110.300 GC heap before
{Heap before GC invocations=19 (full 0):
 garbage-first heap   total 58368K, used 45776K [0x00000000a1e00000, 0x0000000100000000)
  region size 1024K, 19 young (19456K), 3 survivors (3072K)
 Metaspace       used 54880K, committed 55360K, reserved 1114112K
  class space    used 7210K, committed 7424K, reserved 1048576K
}
Event: 110.322 GC heap after
{Heap after GC invocations=20 (full 0):
 garbage-first heap   total 58368K, used 31031K [0x00000000a1e00000, 0x0000000100000000)
  region size 1024K, 1 young (1024K), 1 survivors (1024K)
 Metaspace       used 54880K, committed 55360K, reserved 1114112K
  class space    used 7210K, committed 7424K, reserved 1048576K
}
Event: 124.916 GC heap before
{Heap before GC invocations=20 (full 0):
 garbage-first heap   total 58368K, used 46391K [0x00000000a1e00000, 0x0000000100000000)
  region size 1024K, 17 young (17408K), 1 survivors (1024K)
 Metaspace       used 58935K, committed 59520K, reserved 1114112K
  class space    used 7869K, committed 8128K, reserved 1048576K
}
Event: 124.921 GC heap after
{Heap after GC invocations=21 (full 0):
 garbage-first heap   total 58368K, used 31493K [0x00000000a1e00000, 0x0000000100000000)
  region size 1024K, 2 young (2048K), 2 survivors (2048K)
 Metaspace       used 58935K, committed 59520K, reserved 1114112K
  class space    used 7869K, committed 8128K, reserved 1048576K
}

Deoptimization events (20 events):
Event: 102.187 Thread 0x000002085e6a2a70 Uncommon trap: trap_request=0xffffff45 fr.pc=0x000002080f2e60b8 relative=0x0000000000000038
Event: 102.187 Thread 0x000002085e6a2a70 Uncommon trap: reason=unstable_if action=reinterpret pc=0x000002080f2e60b8 method=jdk.internal.misc.Unsafe.convEndian(ZI)I @ 4 c2
Event: 102.187 Thread 0x000002085e6a2a70 DEOPT PACKING pc=0x000002080f2e60b8 sp=0x00000041171fd290
Event: 102.187 Thread 0x000002085e6a2a70 DEOPT UNPACKING pc=0x000002080ed523a3 sp=0x00000041171fd228 mode 2
Event: 118.911 Thread 0x000002085e6a2a70 Uncommon trap: trap_request=0xffffff45 fr.pc=0x000002080f431294 relative=0x0000000000000654
Event: 118.911 Thread 0x000002085e6a2a70 Uncommon trap: reason=unstable_if action=reinterpret pc=0x000002080f431294 method=java.util.HashMap$HashIterator.<init>(Ljava/util/HashMap;)V @ 45 c2
Event: 118.911 Thread 0x000002085e6a2a70 DEOPT PACKING pc=0x000002080f431294 sp=0x00000041171fc160
Event: 118.911 Thread 0x000002085e6a2a70 DEOPT UNPACKING pc=0x000002080ed523a3 sp=0x00000041171fbff0 mode 2
Event: 121.191 Thread 0x000002085e6a2a70 Uncommon trap: trap_request=0xffffff45 fr.pc=0x000002080f486078 relative=0x0000000000000358
Event: 121.191 Thread 0x000002085e6a2a70 Uncommon trap: reason=unstable_if action=reinterpret pc=0x000002080f486078 method=java.util.HashMap$HashIterator.<init>(Ljava/util/HashMap;)V @ 45 c2
Event: 121.191 Thread 0x000002085e6a2a70 DEOPT PACKING pc=0x000002080f486078 sp=0x00000041171fc0a0
Event: 121.191 Thread 0x000002085e6a2a70 DEOPT UNPACKING pc=0x000002080ed523a3 sp=0x00000041171fc058 mode 2
Event: 122.332 Thread 0x000002085e6a2a70 Uncommon trap: trap_request=0xffffff45 fr.pc=0x000002080f4f3e30 relative=0x0000000000000830
Event: 122.332 Thread 0x000002085e6a2a70 Uncommon trap: reason=unstable_if action=reinterpret pc=0x000002080f4f3e30 method=jdk.internal.org.objectweb.asm.Frame.getAbstractTypeFromDescriptor(Ljdk/internal/org/objectweb/asm/SymbolTable;Ljava/lang/String;I)I @ 189 c2
Event: 122.332 Thread 0x000002085e6a2a70 DEOPT PACKING pc=0x000002080f4f3e30 sp=0x00000041171fae80
Event: 122.332 Thread 0x000002085e6a2a70 DEOPT UNPACKING pc=0x000002080ed523a3 sp=0x00000041171fae40 mode 2
Event: 130.389 Thread 0x000002085e6a2a70 Uncommon trap: trap_request=0xffffff45 fr.pc=0x000002080f338684 relative=0x0000000000000084
Event: 130.389 Thread 0x000002085e6a2a70 Uncommon trap: reason=unstable_if action=reinterpret pc=0x000002080f338684 method=java.lang.CharacterDataLatin1.isWhitespace(I)Z @ 14 c2
Event: 130.389 Thread 0x000002085e6a2a70 DEOPT PACKING pc=0x000002080f338684 sp=0x00000041171fcab0
Event: 130.389 Thread 0x000002085e6a2a70 DEOPT UNPACKING pc=0x000002080ed523a3 sp=0x00000041171fca20 mode 2

Classes unloaded (0 events):
No events

Classes redefined (0 events):
No events

Internal exceptions (20 events):
Event: 107.035 Thread 0x000002085e6a2a70 Exception <a 'java/lang/IncompatibleClassChangeError'{0x00000000a4d58960}: Found class java.lang.Object, but interface was expected> (0x00000000a4d58960) 
thrown [s\open\src\hotspot\share\interpreter\linkResolver.cpp, line 826]
Event: 107.498 Thread 0x000002085e6a2a70 Exception <a 'java/lang/NoSuchMethodError'{0x00000000a4c347e8}: 'java.lang.Object java.lang.invoke.DirectMethodHandle$Holder.invokeStatic(java.lang.Object, java.lang.Object, int, java.lang.Object)'> (0x00000000a4c347e8) 
thrown [s\open\src\hotspot\share\interpreter\linkResolver.cpp, line 759]
Event: 107.499 Thread 0x000002085e6a2a70 Exception <a 'java/lang/NoSuchMethodError'{0x00000000a4c38280}: 'java.lang.Object java.lang.invoke.DirectMethodHandle$Holder.invokeStaticInit(java.lang.Object, java.lang.Object, int, java.lang.Object)'> (0x00000000a4c38280) 
thrown [s\open\src\hotspot\share\interpreter\linkResolver.cpp, line 759]
Event: 125.172 Thread 0x000002085e6a2a70 Exception <a 'java/lang/NoSuchMethodError'{0x00000000a7d6cec8}: 'void java.lang.invoke.DirectMethodHandle$Holder.invokeInterface(java.lang.Object, java.lang.Object, int, java.lang.Object)'> (0x00000000a7d6cec8) 
thrown [s\open\src\hotspot\share\interpreter\linkResolver.cpp, line 759]
Event: 125.315 Thread 0x000002085e6a2a70 Exception <a 'java/lang/NoSuchMethodError'{0x00000000a7d94278}: 'java.lang.Object java.lang.invoke.DirectMethodHandle$Holder.newInvokeSpecial(java.lang.Object, java.lang.Object, int, java.lang.Object)'> (0x00000000a7d94278) 
thrown [s\open\src\hotspot\share\interpreter\linkResolver.cpp, line 759]
Event: 125.316 Thread 0x000002085e6a2a70 Exception <a 'java/lang/NoSuchMethodError'{0x00000000a7d9ad20}: 'java.lang.Object java.lang.invoke.Invokers$Holder.linkToTargetMethod(java.lang.Object, int, java.lang.Object, java.lang.Object)'> (0x00000000a7d9ad20) 
thrown [s\open\src\hotspot\share\interpreter\linkResolver.cpp, line 759]
Event: 125.592 Thread 0x000002085e6a2a70 Exception <a 'java/lang/NoSuchMethodError'{0x00000000a7345130}: 'java.lang.Object java.lang.invoke.DirectMethodHandle$Holder.newInvokeSpecial(java.lang.Object, java.lang.Object, int)'> (0x00000000a7345130) 
thrown [s\open\src\hotspot\share\interpreter\linkResolver.cpp, line 759]
Event: 125.593 Thread 0x000002085e6a2a70 Exception <a 'java/lang/IncompatibleClassChangeError'{0x00000000a7348be8}: Found class java.lang.Object, but interface was expected> (0x00000000a7348be8) 
thrown [s\open\src\hotspot\share\interpreter\linkResolver.cpp, line 826]
Event: 126.108 Thread 0x000002085e6a2a70 Exception <a 'java/lang/NoSuchMethodError'{0x00000000a72a29b8}: 'int java.lang.invoke.DirectMethodHandle$Holder.invokeStatic(java.lang.Object, int, java.lang.Object)'> (0x00000000a72a29b8) 
thrown [s\open\src\hotspot\share\interpreter\linkResolver.cpp, line 759]
Event: 126.116 Thread 0x000002085e6a2a70 Exception <a 'java/lang/NoSuchMethodError'{0x00000000a72c2dd0}: 'java.lang.Object java.lang.invoke.DirectMethodHandle$Holder.newInvokeSpecial(java.lang.Object, java.lang.Object, java.lang.Object, java.lang.Object, java.lang.Object, int, java.lang.Object)'> (0x00000000a72c2dd0) 
thrown [s\open\src\hotspot\share\interpreter\linkResolver.cpp, line 759]
Event: 126.134 Thread 0x000002085e6a2a70 Exception <a 'java/lang/NoSuchMethodError'{0x00000000a72fb4e8}: 'java.lang.Object java.lang.invoke.DirectMethodHandle$Holder.newInvokeSpecial(java.lang.Object, java.lang.Object, java.lang.Object, java.lang.Object, java.lang.Object, java.lang.Object, java.lang.Object, java.lang.Object, java.lang.Object, java.lang.Object, java.lang.Object, java.lang.Object)'> (0x00000000a72fb4e8) 
thrown [s\open\src\hotspot\share\interpreter\linkResolver.cpp, line 759]
Event: 126.137 Thread 0x000002085e6a2a70 Exception <a 'java/lang/NoSuchMethodError'{0x00000000a71001c0}: 'java.lang.Object java.lang.invoke.DirectMethodHandle$Holder.invokeSpecial(java.lang.Object, java.lang.Object, java.lang.Object, java.lang.Object, java.lang.Object, java.lang.Object, java.lang.Object, java.lang.Object, java.lang.Object, java.lang.Object, java.lang.Object, java.lang.Object, java.lang.Object)'> (0x00000000a71001c0) 
thrown [s\open\src\hotspot\share\interpreter\linkResolver.cpp, line 759]
Event: 126.138 Thread 0x000002085e6a2a70 Exception <a 'java/lang/NoSuchMethodError'{0x00000000a7104b40}: 'java.lang.Object java.lang.invoke.Invokers$Holder.linkToTargetMethod(java.lang.Object, java.lang.Object, java.lang.Object, java.lang.Object, java.lang.Object, java.lang.Object, java.lang.Object, java.lang.Object, java.lang.Object, java.lang.Object, java.lang.Object, java.lang.Object)'> (0x00000000a7104b40) 
thrown [s\open\src\hotspot\share\interpreter\linkResolver.cpp, line 759]
Event: 126.751 Thread 0x000002085e6a2a70 Exception <a 'java/lang/NoSuchMethodError'{0x00000000a70bc340}: 'java.lang.Object java.lang.invoke.DirectMethodHandle$Holder.newInvokeSpecial(java.lang.Object, java.lang.Object, java.lang.Object, java.lang.Object, java.lang.Object, java.lang.Object)'> (0x00000000a70bc340) 
thrown [s\open\src\hotspot\share\interpreter\linkResolver.cpp, line 759]
Event: 126.884 Thread 0x000002085e6a2a70 Exception <a 'java/lang/NoSuchMethodError'{0x00000000a6f32a30}: 'java.lang.Object java.lang.invoke.DirectMethodHandle$Holder.newInvokeSpecial(java.lang.Object, java.lang.Object, int, java.lang.Object, int, java.lang.Object, java.lang.Object)'> (0x00000000a6f32a30) 
thrown [s\open\src\hotspot\share\interpreter\linkResolver.cpp, line 759]
Event: 127.026 Thread 0x000002085e6a2a70 Exception <a 'java/lang/NoSuchMethodError'{0x00000000a6fa0608}: 'java.lang.Object java.lang.invoke.DirectMethodHandle$Holder.newInvokeSpecial(java.lang.Object, java.lang.Object, java.lang.Object, java.lang.Object, java.lang.Object, java.lang.Object, java.lang.Object, int)'> (0x00000000a6fa0608) 
thrown [s\open\src\hotspot\share\interpreter\linkResolver.cpp, line 759]
Event: 127.104 Thread 0x000002085e6a2a70 Exception <a 'java/lang/NoSuchMethodError'{0x00000000a6fa58a8}: 'java.lang.Object java.lang.invoke.DirectMethodHandle$Holder.invokeSpecial(java.lang.Object, java.lang.Object, java.lang.Object, java.lang.Object, java.lang.Object, java.lang.Object, java.lang.Object, java.lang.Object, int)'> (0x00000000a6fa58a8) 
thrown [s\open\src\hotspot\share\interpreter\linkResolver.cpp, line 759]
Event: 127.112 Thread 0x000002085e6a2a70 Exception <a 'java/lang/NoSuchMethodError'{0x00000000a6faa370}: 'java.lang.Object java.lang.invoke.Invokers$Holder.linkToTargetMethod(java.lang.Object, java.lang.Object, java.lang.Object, java.lang.Object, java.lang.Object, java.lang.Object, int, java.lang.Object)'> (0x00000000a6faa370) 
thrown [s\open\src\hotspot\share\interpreter\linkResolver.cpp, line 759]
Event: 127.370 Thread 0x000002085e6a2a70 Exception <a 'java/lang/NoSuchMethodError'{0x00000000a5069400}: 'void java.lang.invoke.DirectMethodHandle$Holder.invokeInterface(java.lang.Object, java.lang.Object)'> (0x00000000a5069400) 
thrown [s\open\src\hotspot\share\interpreter\linkResolver.cpp, line 759]
Event: 130.407 Thread 0x000002085e6a2a70 Exception <a 'java/lang/NoSuchMethodError'{0x00000000a4de8eb8}: 'java.lang.Object java.lang.invoke.DirectMethodHandle$Holder.invokeSpecial(java.lang.Object, java.lang.Object, int, java.lang.Object, int)'> (0x00000000a4de8eb8) 
thrown [s\open\src\hotspot\share\interpreter\linkResolver.cpp, line 759]

VM Operations (20 events):
Event: 118.456 Executing VM operation: Cleanup
Event: 118.456 Executing VM operation: Cleanup done
Event: 121.488 Executing VM operation: Cleanup
Event: 121.592 Executing VM operation: Cleanup done
Event: 122.166 Executing VM operation: HandshakeAllThreads
Event: 122.166 Executing VM operation: HandshakeAllThreads done
Event: 123.166 Executing VM operation: Cleanup
Event: 123.175 Executing VM operation: Cleanup done
Event: 124.177 Executing VM operation: Cleanup
Event: 124.213 Executing VM operation: Cleanup done
Event: 124.916 Executing VM operation: G1CollectForAllocation
Event: 124.924 Executing VM operation: G1CollectForAllocation done
Event: 125.070 Executing VM operation: G1Concurrent
Event: 125.090 Executing VM operation: G1Concurrent done
Event: 125.146 Executing VM operation: G1Concurrent
Event: 125.146 Executing VM operation: G1Concurrent done
Event: 127.146 Executing VM operation: Cleanup
Event: 127.228 Executing VM operation: Cleanup done
Event: 130.230 Executing VM operation: Cleanup
Event: 130.230 Executing VM operation: Cleanup done

Events (20 events):
Event: 103.240 loading class javax/naming/StringRefAddr
Event: 103.240 loading class javax/naming/StringRefAddr done
Event: 103.752 Thread 0x000002085e6a1730 Thread exited: 0x000002085e6a1730
Event: 103.753 loading class java/util/concurrent/CompletionStage
Event: 103.754 loading class java/util/concurrent/CompletionStage done
Event: 103.756 loading class java/util/concurrent/CompletableFuture
Event: 103.760 loading class java/util/concurrent/CompletableFuture done
Event: 103.760 loading class java/util/concurrent/CompletableFuture$AltResult
Event: 103.761 loading class java/util/concurrent/CompletableFuture$AltResult done
Event: 103.761 loading class java/util/concurrent/CompletableFuture$Completion
Event: 103.762 loading class java/util/concurrent/CompletableFuture$AsynchronousCompletionTask
Event: 103.762 loading class java/util/concurrent/CompletableFuture$AsynchronousCompletionTask done
Event: 103.763 loading class java/util/concurrent/CompletableFuture$Completion done
Event: 106.643 loading class java/util/concurrent/CancellationException
Event: 106.643 loading class java/util/concurrent/CancellationException done
Event: 118.936 loading class java/lang/reflect/AnnotatedArrayType
Event: 118.937 loading class java/lang/reflect/AnnotatedArrayType done
Event: 128.923 Thread 0x000002085e6a3410 Thread exited: 0x000002085e6a3410
Event: 130.748 loading class javax/naming/Reference
Event: 130.749 loading class javax/naming/Reference done


Dynamic libraries:
0x00007ff7a01e0000 - 0x00007ff7a01f0000 	C:\Program Files\Java\jdk-17\bin\java.exe
0x00007ff959bb0000 - 0x00007ff959dc7000 	C:\windows\SYSTEM32\ntdll.dll
0x00007ff958730000 - 0x00007ff9587f4000 	C:\windows\System32\KERNEL32.DLL
0x00007ff9572a0000 - 0x00007ff957657000 	C:\windows\System32\KERNELBASE.dll
0x00007ff957180000 - 0x00007ff957291000 	C:\windows\System32\ucrtbase.dll
0x00007ff925740000 - 0x00007ff925759000 	C:\Program Files\Java\jdk-17\bin\jli.dll
0x00007ff959340000 - 0x00007ff9593f2000 	C:\windows\System32\ADVAPI32.dll
0x00007ff9252b0000 - 0x00007ff9252cb000 	C:\Program Files\Java\jdk-17\bin\VCRUNTIME140.dll
0x00007ff959640000 - 0x00007ff9596e7000 	C:\windows\System32\msvcrt.dll
0x00007ff9583b0000 - 0x00007ff958458000 	C:\windows\System32\sechost.dll
0x00007ff956ec0000 - 0x00007ff956ee8000 	C:\windows\System32\bcrypt.dll
0x00007ff958460000 - 0x00007ff958574000 	C:\windows\System32\RPCRT4.dll
0x00007ff959030000 - 0x00007ff9591df000 	C:\windows\System32\USER32.dll
0x00007ff957150000 - 0x00007ff957176000 	C:\windows\System32\win32u.dll
0x00007ff957a80000 - 0x00007ff957aa9000 	C:\windows\System32\GDI32.dll
0x00007ff943720000 - 0x00007ff9439b3000 	C:\windows\WinSxS\amd64_microsoft.windows.common-controls_6595b64144ccf1df_6.0.22621.3672_none_2713b9d173822955\COMCTL32.dll
0x00007ff956ef0000 - 0x00007ff957008000 	C:\windows\System32\gdi32full.dll
0x00007ff957840000 - 0x00007ff9578da000 	C:\windows\System32\msvcp_win.dll
0x00007ff94cc00000 - 0x00007ff94cc0a000 	C:\windows\SYSTEM32\VERSION.dll
0x00007ff957a40000 - 0x00007ff957a71000 	C:\windows\System32\IMM32.DLL
0x00007ff9332d0000 - 0x00007ff9332dc000 	C:\Program Files\Java\jdk-17\bin\vcruntime140_1.dll
0x00007ff90cc30000 - 0x00007ff90ccbe000 	C:\Program Files\Java\jdk-17\bin\msvcp140.dll
0x00007ff8c0da0000 - 0x00007ff8c197e000 	C:\Program Files\Java\jdk-17\bin\server\jvm.dll
0x00007ff958e30000 - 0x00007ff958e38000 	C:\windows\System32\PSAPI.DLL
0x00007ff935a20000 - 0x00007ff935a29000 	C:\windows\SYSTEM32\WSOCK32.dll
0x00007ff94f620000 - 0x00007ff94f654000 	C:\windows\SYSTEM32\WINMM.dll
0x00007ff9595c0000 - 0x00007ff959631000 	C:\windows\System32\WS2_32.dll
0x00007ff955f10000 - 0x00007ff955f28000 	C:\windows\SYSTEM32\kernel.appcore.dll
0x00007ff936a70000 - 0x00007ff936a7a000 	C:\Program Files\Java\jdk-17\bin\jimage.dll
0x00007ff949af0000 - 0x00007ff949d22000 	C:\windows\SYSTEM32\DBGHELP.DLL
0x00007ff9597e0000 - 0x00007ff959b6e000 	C:\windows\System32\combase.dll
0x00007ff958e40000 - 0x00007ff958f17000 	C:\windows\System32\OLEAUT32.dll
0x00007ff93dec0000 - 0x00007ff93def2000 	C:\windows\SYSTEM32\dbgcore.DLL
0x00007ff957010000 - 0x00007ff95708b000 	C:\windows\System32\bcryptPrimitives.dll
0x00007ff90eba0000 - 0x00007ff90ebc5000 	C:\Program Files\Java\jdk-17\bin\java.dll
0x00007ff908ee0000 - 0x00007ff908fb7000 	C:\Program Files\Java\jdk-17\bin\jsvml.dll
0x00007ff957ab0000 - 0x00007ff958319000 	C:\windows\System32\SHELL32.dll
0x00007ff954e30000 - 0x00007ff95572f000 	C:\windows\SYSTEM32\windows.storage.dll
0x00007ff954cf0000 - 0x00007ff954e2f000 	C:\windows\SYSTEM32\wintypes.dll
0x00007ff9585e0000 - 0x00007ff9586d9000 	C:\windows\System32\SHCORE.dll
0x00007ff9579e0000 - 0x00007ff957a3e000 	C:\windows\System32\shlwapi.dll
0x00007ff956df0000 - 0x00007ff956e17000 	C:\windows\SYSTEM32\profapi.dll
0x00007ff922320000 - 0x00007ff922339000 	C:\Program Files\Java\jdk-17\bin\net.dll
0x00007ff94f250000 - 0x00007ff94f386000 	C:\windows\SYSTEM32\WINHTTP.dll
0x00007ff956380000 - 0x00007ff9563e9000 	C:\windows\system32\mswsock.dll
0x00007ff91c840000 - 0x00007ff91c856000 	C:\Program Files\Java\jdk-17\bin\nio.dll
0x00007ff919020000 - 0x00007ff919038000 	C:\Program Files\Java\jdk-17\bin\zip.dll
0x00007ff949620000 - 0x00007ff94962a000 	C:\Program Files\Java\jdk-17\bin\management.dll
0x00007ff949610000 - 0x00007ff94961b000 	C:\Program Files\Java\jdk-17\bin\management_ext.dll
0x00007ff942ab0000 - 0x00007ff942ac7000 	C:\windows\system32\napinsp.dll
0x00007ff942a90000 - 0x00007ff942aab000 	C:\windows\system32\pnrpnsp.dll
0x00007ff955a00000 - 0x00007ff955b02000 	C:\windows\SYSTEM32\DNSAPI.dll
0x00007ff9559d0000 - 0x00007ff9559fd000 	C:\windows\SYSTEM32\IPHLPAPI.DLL
0x00007ff958720000 - 0x00007ff958729000 	C:\windows\System32\NSI.dll
0x00007ff942680000 - 0x00007ff942691000 	C:\windows\System32\winrnr.dll
0x00007ff94de70000 - 0x00007ff94de85000 	C:\windows\system32\wshbth.dll
0x00007ff9222a0000 - 0x00007ff9222c7000 	C:\windows\system32\nlansp_c.dll
0x00007ff93e0d0000 - 0x00007ff93e0da000 	C:\Windows\System32\rasadhlp.dll
0x00007ff94aae0000 - 0x00007ff94ab63000 	C:\windows\System32\fwpuclnt.dll
0x00007ff9565d0000 - 0x00007ff9565eb000 	C:\windows\SYSTEM32\CRYPTSP.dll
0x00007ff955e70000 - 0x00007ff955ea5000 	C:\windows\system32\rsaenh.dll
0x00007ff956470000 - 0x00007ff956498000 	C:\windows\SYSTEM32\USERENV.dll
0x00007ff9565f0000 - 0x00007ff9565fc000 	C:\windows\SYSTEM32\CRYPTBASE.dll
0x00007ff94f100000 - 0x00007ff94f119000 	C:\windows\SYSTEM32\dhcpcsvc6.DLL
0x00007ff94f0e0000 - 0x00007ff94f0ff000 	C:\windows\SYSTEM32\dhcpcsvc.DLL
0x00007ff943270000 - 0x00007ff94327e000 	C:\Program Files\Java\jdk-17\bin\sunmscapi.dll
0x00007ff957660000 - 0x00007ff9577c6000 	C:\windows\System32\CRYPT32.dll
0x00007ff956790000 - 0x00007ff9567bd000 	C:\windows\SYSTEM32\ncrypt.dll
0x00007ff956750000 - 0x00007ff956787000 	C:\windows\SYSTEM32\NTASN1.dll
0x00007ff943290000 - 0x00007ff9432a0000 	C:\Program Files\Java\jdk-17\bin\verify.dll

dbghelp: loaded successfully - version: 4.0.5 - missing functions: none
symbol engine: initialized successfully - sym options: 0x614 - pdb path: .;C:\Program Files\Java\jdk-17\bin;C:\windows\SYSTEM32;C:\windows\WinSxS\amd64_microsoft.windows.common-controls_6595b64144ccf1df_6.0.22621.3672_none_2713b9d173822955;C:\Program Files\Java\jdk-17\bin\server

VM Arguments:
jvm_args: -XX:+ShowCodeDetailsInExceptionMessages -Dspring.jmx.enabled=true -Dmanagement.endpoints.jmx.exposure.include=* -Dspring.application.admin.enabled=true -Dspring.boot.project.name=rasahotel -Djava.rmi.server.hostname=localhost -Dcom.sun.management.jmxremote.port=45557 -Dcom.sun.management.jmxremote.authenticate=false -Dcom.sun.management.jmxremote.ssl=false 
java_command: com.javaproject.anisa.RasaHotelApplication
java_class_path (initial): D:\Technical-Test\backend\target\classes;C:\Users\ANISA ALAWIYAH\.m2\repository\org\springframework\boot\spring-boot-starter-actuator\3.2.4\spring-boot-starter-actuator-3.2.4.jar;C:\Users\ANISA ALAWIYAH\.m2\repository\org\springframework\boot\spring-boot-starter\3.2.4\spring-boot-starter-3.2.4.jar;C:\Users\ANISA ALAWIYAH\.m2\repository\org\springframework\boot\spring-boot-starter-logging\3.2.4\spring-boot-starter-logging-3.2.4.jar;C:\Users\ANISA ALAWIYAH\.m2\repository\ch\qos\logback\logback-classic\1.4.14\logback-classic-1.4.14.jar;C:\Users\ANISA ALAWIYAH\.m2\repository\ch\qos\logback\logback-core\1.4.14\logback-core-1.4.14.jar;C:\Users\ANISA ALAWIYAH\.m2\repository\org\apache\logging\log4j\log4j-to-slf4j\2.21.1\log4j-to-slf4j-2.21.1.jar;C:\Users\ANISA ALAWIYAH\.m2\repository\org\slf4j\jul-to-slf4j\2.0.12\jul-to-slf4j-2.0.12.jar;C:\Users\ANISA ALAWIYAH\.m2\repository\jakarta\annotation\jakarta.annotation-api\2.1.1\jakarta.annotation-api-2.1.1.jar;C:\Users\ANISA ALAWIYAH\.m2\repository\org\springframework\boot\spring-boot-actuator-autoconfigure\3.2.4\spring-boot-actuator-autoconfigure-3.2.4.jar;C:\Users\ANISA ALAWIYAH\.m2\repository\org\springframework\boot\spring-boot-actuator\3.2.4\spring-boot-actuator-3.2.4.jar;C:\Users\ANISA ALAWIYAH\.m2\repository\com\fasterxml\jackson\datatype\jackson-datatype-jsr310\2.15.4\jackson-datatype-jsr310-2.15.4.jar;C:\Users\ANISA ALAWIYAH\.m2\repository\io\micrometer\micrometer-observation\1.12.4\micrometer-observation-1.12.4.jar;C:\Users\ANISA ALAWIYAH\.m2\repository\io\micrometer\micrometer-commons\1.12.4\micrometer-commons-1.12.4.jar;C:\Users\ANISA ALAWIYAH\.m2\repository\io\micrometer\micrometer-jakarta9\1.12.4\micrometer-jakarta9-1.12.4.jar;C:\Users\ANISA ALAWIYAH\.m2\repository\io\micrometer\micrometer-core\1.12.4\micrometer-core-1.12.4.jar;C:\Users\ANISA ALAWIYAH\.m2\repository\org\hdrhistogram\HdrHistogram\2.1.12\HdrHistogram-2.1.12.jar;C:\Users\ANISA ALAWIYAH\.m2\repository\org\latencyutils\Laten
Launcher Type: SUN_STANDARD

[Global flags]
     intx CICompilerCount                          = 3                                         {product} {ergonomic}
     uint ConcGCThreads                            = 1                                         {product} {ergonomic}
     uint G1ConcRefinementThreads                  = 4                                         {product} {ergonomic}
   size_t G1HeapRegionSize                         = 1048576                                   {product} {ergonomic}
    uintx GCDrainStackTargetSize                   = 64                                        {product} {ergonomic}
   size_t InitialHeapSize                          = 100663296                                 {product} {ergonomic}
     bool ManagementServer                         = true                                      {product} {command line}
   size_t MarkStackSize                            = 4194304                                   {product} {ergonomic}
   size_t MaxHeapSize                              = 1579155456                                {product} {ergonomic}
   size_t MaxNewSize                               = 946864128                                 {product} {ergonomic}
   size_t MinHeapDeltaBytes                        = 1048576                                   {product} {ergonomic}
   size_t MinHeapSize                              = 8388608                                   {product} {ergonomic}
    uintx NonNMethodCodeHeapSize                   = 5832780                                {pd product} {ergonomic}
    uintx NonProfiledCodeHeapSize                  = 122912730                              {pd product} {ergonomic}
    uintx ProfiledCodeHeapSize                     = 122912730                              {pd product} {ergonomic}
    uintx ReservedCodeCacheSize                    = 251658240                              {pd product} {ergonomic}
     bool SegmentedCodeCache                       = true                                      {product} {ergonomic}
     bool ShowCodeDetailsInExceptionMessages       = true                                   {manageable} {command line}
   size_t SoftMaxHeapSize                          = 1579155456                             {manageable} {ergonomic}
     bool UseCompressedClassPointers               = true                           {product lp64_product} {ergonomic}
     bool UseCompressedOops                        = true                           {product lp64_product} {ergonomic}
     bool UseG1GC                                  = true                                      {product} {ergonomic}
     bool UseLargePagesIndividualAllocation        = false                                  {pd product} {ergonomic}

Logging:
Log output configuration:
 #0: stdout all=warning uptime,level,tags
 #1: stderr all=off uptime,level,tags

Environment Variables:
PATH=C:\Program Files\Common Files\Oracle\Java\javapath;C:\Program Files (x86)\Common Files\Intel\Shared Files\cpp\bin\Intel64;C:\windows\system32;C:\windows;C:\windows\System32\Wbem;C:\windows\System32\WindowsPowerShell\v1.0\;C:\windows\System32\OpenSSH\;C:\Program Files\dotnet\;C:\Program Files\Microsoft SQL Server\150\Tools\Binn\;C:\Program Files\Microsoft SQL Server\Client SDK\ODBC\170\Tools\Binn\;C:\Program Files (x86)\Microsoft SQL Server\160\Tools\Binn\;C:\Program Files\Microsoft SQL Server\160\Tools\Binn\;C:\Program Files\Microsoft SQL Server\160\DTS\Binn\;C:\xampp\php;C:\ProgramData\ComposerSetup\bin;C:\apache-maven-3.9.6-bin\apache-maven-3.9.6\bin;C:\Program Files\nodejs\;C:\Program Files\Git\cmd;c:\Users\ANISA ALAWIYAH\AppData\Local\Programs\cursor\resources\app\bin;C:\Users\ANISA ALAWIYAH\AppData\Local\pnpm;C:\Users\ANISA ALAWIYAH\AppData\Local\Microsoft\WindowsApps;C:\Users\ANISA ALAWIYAH\AppData\Local\Programs\Microsoft VS Code\bin;C:\Users\ANISA ALAWIYAH\.dotnet\tools;C:\flutter_windows_3.13.7-stable\flutter\bin;C:\Users\ANISA ALAWIYAH\AppData\Roaming\Composer\vendor\bin;C:\mingw64\bin;C:\Users\ANISA ALAWIYAH\AppData\Roaming\npm;C:\Program Files\Heroku\bin
USERNAME=ANISA ALAWIYAH
LANG=en_US.UTF-8
OS=Windows_NT
PROCESSOR_IDENTIFIER=AMD64 Family 23 Model 24 Stepping 1, AuthenticAMD



---------------  S Y S T E M  ---------------

OS:
 Windows 11 , 64 bit Build 22621 (10.0.22621.3958)
OS uptime: 5 days 22:11 hours

CPU: total 4 (initial active 4) (4 cores per cpu, 2 threads per core) family 23 model 24 stepping 1 microcode 0x0, cx8, cmov, fxsr, ht, mmx, 3dnowpref, sse, sse2, sse3, ssse3, sse4a, sse4.1, sse4.2, popcnt, lzcnt, tsc, tscinvbit, avx, avx2, aes, clmul, bmi1, bmi2, adx, sha, fma, vzeroupper, clflush, clflushopt

Memory: 4k page, system-wide physical 6023M (56M free)
TotalPageFile size 24455M (AvailPageFile size 2M)
current process WorkingSet (physical memory assigned to process): 184M, peak: 208M
current process commit charge ("private bytes"): 244M, peak: 250M

vm_info: Java HotSpot(TM) 64-Bit Server VM (17.0.8+9-LTS-211) for windows-amd64 JRE (17.0.8+9-LTS-211), built on Jun 14 2023 10:34:31 by "mach5one" with MS VC++ 17.1 (VS2022)

END.
